#
# There is insufficient memory for the Java Runtime Environment to continue.
# Native memory allocation (malloc) failed to allocate 361296 bytes for Chunk::new
# Possible reasons:
#   The system is out of physical RAM or swap space
#   In 32 bit mode, the process size limit was hit
# Possible solutions:
#   Reduce memory load on the system
#   Increase physical memory or swap space
#   Check if swap backing store is full
#   Use 64 bit Java on a 64 bit OS
#   Decrease Java heap size (-Xmx/-Xms)
#   Decrease number of Java threads
#   Decrease Java thread stack sizes (-Xss)
#   Set larger code cache with -XX:ReservedCodeCacheSize=
# This output file may be truncated or incomplete.
#
#  Out of Memory Error (allocation.cpp:390), pid=5032, tid=5940
#
# JRE version: Java(TM) SE Runtime Environment (8.0_40-b26) (build 1.8.0_40-b26)
# Java VM: Java HotSpot(TM) 64-Bit Server VM (25.40-b25 mixed mode windows-amd64 compressed oops)
# Failed to write core dump. Minidumps are not enabled by default on client versions of Windows
#

---------------  T H R E A D  ---------------

Current thread (0x0000000056674000):  JavaThread "C2 CompilerThread0" daemon [_thread_in_native, id=5940, stack(0x0000000056400000,0x0000000056500000)]

Stack: [0x0000000056400000,0x0000000056500000]
Native frames: (J=compiled Java code, j=interpreted, Vv=VM code, C=native code)
V  [jvm.dll+0x32b47a]


Current CompileTask:
C2:8543915 22165   !   4       java.net.URLClassLoader::getResourceAsStream (137 bytes)


---------------  P R O C E S S  ---------------

Java Threads: ( => current thread )
  0x000000005ba27800 JavaThread "Stdin handler" [_thread_blocked, id=3964, stack(0x0000000064e50000,0x0000000064f50000)]
  0x000000005d3d9000 JavaThread "Forward streams with process: command 'C:\Program Files\Java\jdk1.8.0_40\bin\java.exe' Thread 3" [_thread_in_native, id=5544, stack(0x0000000065460000,0x0000000065560000)]
  0x000000005d3d7800 JavaThread "Forward streams with process: command 'C:\Program Files\Java\jdk1.8.0_40\bin\java.exe' Thread 2" [_thread_in_native, id=5284, stack(0x00000000649d0000,0x0000000064ad0000)]
  0x000000005ba29000 JavaThread "Forward streams with process: command 'C:\Program Files\Java\jdk1.8.0_40\bin\java.exe'" [_thread_blocked, id=5656, stack(0x0000000065310000,0x0000000065410000)]
  0x000000005ba26800 JavaThread "Cancel handler" [_thread_blocked, id=2852, stack(0x0000000064720000,0x0000000064820000)]
  0x000000005ba24800 JavaThread "Handler for socket connection from /127.0.0.1:52117 to /127.0.0.1:50483" [_thread_in_native, id=3484, stack(0x0000000059550000,0x0000000059650000)]
  0x000000005ba28000 JavaThread "Run command 'C:\Program Files\Java\jdk1.8.0_40\bin\java.exe'" [_thread_in_native, id=6980, stack(0x0000000064190000,0x0000000064290000)]
  0x000000005d3d7000 JavaThread "Forward streams with process: command 'C:\Program Files\Java\jdk1.8.0_40\bin\java.exe' Thread 3" [_thread_in_native, id=2184, stack(0x0000000065170000,0x0000000065270000)]
  0x000000005ba26000 JavaThread "Forward streams with process: command 'C:\Program Files\Java\jdk1.8.0_40\bin\java.exe' Thread 2" [_thread_in_native, id=2252, stack(0x0000000064ae0000,0x0000000064be0000)]
  0x000000005ba25000 JavaThread "Forward streams with process: command 'C:\Program Files\Java\jdk1.8.0_40\bin\java.exe'" [_thread_blocked, id=5240, stack(0x0000000065040000,0x0000000065140000)]
  0x000000005d3d6000 JavaThread "Run command 'C:\Program Files\Java\jdk1.8.0_40\bin\java.exe'" [_thread_in_native, id=6324, stack(0x00000000643c0000,0x00000000644c0000)]
  0x000000005ba2a800 JavaThread "Forward streams with process: command 'C:\Program Files\Java\jdk1.8.0_40\bin\java.exe' Thread 3" [_thread_in_native, id=1112, stack(0x0000000064610000,0x0000000064710000)]
  0x000000005d3da000 JavaThread "Forward streams with process: command 'C:\Program Files\Java\jdk1.8.0_40\bin\java.exe' Thread 2" [_thread_in_native, id=2460, stack(0x00000000593c0000,0x00000000594c0000)]
  0x000000005d3db800 JavaThread "Forward streams with process: command 'C:\Program Files\Java\jdk1.8.0_40\bin\java.exe'" [_thread_blocked, id=5356, stack(0x00000000644e0000,0x00000000645e0000)]
  0x000000005f2f3800 JavaThread "Run command 'C:\Program Files\Java\jdk1.8.0_40\bin\java.exe'" [_thread_in_native, id=6608, stack(0x0000000062810000,0x0000000062910000)]
  0x000000005d3d5800 JavaThread "Forward streams with process: command 'C:\Program Files\Java\jdk1.8.0_40\bin\java.exe' Thread 3" [_thread_in_native, id=3308, stack(0x0000000064840000,0x0000000064940000)]
  0x000000005d3d4800 JavaThread "Forward streams with process: command 'C:\Program Files\Java\jdk1.8.0_40\bin\java.exe' Thread 2" [_thread_in_native, id=3720, stack(0x0000000064d50000,0x0000000064e50000)]
  0x000000005d3d8800 JavaThread "Forward streams with process: command 'C:\Program Files\Java\jdk1.8.0_40\bin\java.exe'" [_thread_blocked, id=3672, stack(0x0000000058cf0000,0x0000000058df0000)]
  0x000000005ba29800 JavaThread "Run command 'C:\Program Files\Java\jdk1.8.0_40\bin\java.exe'" [_thread_in_native, id=6088, stack(0x000000005d450000,0x000000005d550000)]
  0x000000005f2f8000 JavaThread "pool-12-thread-4" [_thread_blocked, id=5484, stack(0x0000000063f20000,0x0000000064020000)]
  0x000000005f2f9800 JavaThread "pool-12-thread-3" [_thread_blocked, id=6700, stack(0x0000000063720000,0x0000000063820000)]
  0x0000000058797000 JavaThread "pool-12-thread-2" [_thread_blocked, id=6976, stack(0x0000000063d10000,0x0000000063e10000)]
  0x0000000058797800 JavaThread "pool-12-thread-1" [_thread_blocked, id=1552, stack(0x000000005c180000,0x000000005c280000)]
  0x00000000576b6000 JavaThread "Daemon worker Thread 12" [_thread_in_native, id=5552, stack(0x0000000059270000,0x0000000059370000)]
  0x00000000576b4800 JavaThread "Daemon Thread 12" [_thread_blocked, id=6592, stack(0x0000000059170000,0x0000000059270000)]
  0x00000000576b1800 JavaThread "Java2D Disposer" daemon [_thread_blocked, id=6896, stack(0x0000000069510000,0x0000000069610000)]
  0x000000005f2f6800 JavaThread "pool-2-thread-4" [_thread_blocked, id=6008, stack(0x0000000063190000,0x0000000063290000)]
  0x000000005f2f6000 JavaThread "pool-2-thread-3" [_thread_blocked, id=1624, stack(0x000000005dc80000,0x000000005dd80000)]
  0x00000000576bc000 JavaThread "pool-2-thread-2" [_thread_blocked, id=2096, stack(0x0000000059680000,0x0000000059780000)]
  0x00000000576bb000 JavaThread "pool-2-thread-1" [_thread_blocked, id=1192, stack(0x0000000062e10000,0x0000000062f10000)]
  0x0000000059ff7800 JavaThread "File lock request listener" [_thread_in_native, id=2532, stack(0x000000005c320000,0x000000005c420000)]
  0x000000005803e000 JavaThread "Incoming local TCP Connector on port 52117" [_thread_in_native, id=5628, stack(0x0000000058df0000,0x0000000058ef0000)]
  0x00000000566df000 JavaThread "Service Thread" daemon [_thread_blocked, id=6072, stack(0x0000000057020000,0x0000000057120000)]
  0x0000000055207000 JavaThread "C1 CompilerThread2" daemon [_thread_blocked, id=3376, stack(0x0000000056e50000,0x0000000056f50000)]
  0x000000005667a000 JavaThread "C2 CompilerThread1" daemon [_thread_blocked, id=2508, stack(0x0000000056c10000,0x0000000056d10000)]
=>0x0000000056674000 JavaThread "C2 CompilerThread0" daemon [_thread_in_native, id=5940, stack(0x0000000056400000,0x0000000056500000)]
  0x0000000056670800 JavaThread "Attach Listener" daemon [_thread_blocked, id=5248, stack(0x00000000561b0000,0x00000000562b0000)]
  0x0000000055206800 JavaThread "Signal Dispatcher" daemon [_thread_blocked, id=5652, stack(0x0000000056a90000,0x0000000056b90000)]
  0x00000000551ab800 JavaThread "Finalizer" daemon [_thread_blocked, id=4052, stack(0x0000000056570000,0x0000000056670000)]
  0x00000000551a4800 JavaThread "Reference Handler" daemon [_thread_blocked, id=5564, stack(0x0000000056300000,0x0000000056400000)]
  0x0000000001e1f000 JavaThread "main" [_thread_blocked, id=5328, stack(0x0000000002370000,0x0000000002470000)]

Other Threads:
  0x000000005519b800 VMThread [stack: 0x00000000560b0000,0x00000000561b0000] [id=5196]
  0x00000000566f3000 WatcherThread [stack: 0x0000000057210000,0x0000000057310000] [id=4792]

VM state:not at safepoint (normal execution)

VM Mutex/Monitor currently owned by a thread: None

Heap:
 PSYoungGen      total 305664K, used 82928K [0x00000000eab00000, 0x00000000ffb00000, 0x0000000100000000)
  eden space 271360K, 30% used [0x00000000eab00000,0x00000000efbfc330,0x00000000fb400000)
  from space 34304K, 0% used [0x00000000fd980000,0x00000000fd980000,0x00000000ffb00000)
  to   space 36352K, 0% used [0x00000000fb400000,0x00000000fb400000,0x00000000fd780000)
 ParOldGen       total 128000K, used 66826K [0x00000000c0000000, 0x00000000c7d00000, 0x00000000eab00000)
  object space 128000K, 52% used [0x00000000c0000000,0x00000000c4142a20,0x00000000c7d00000)
 Metaspace       used 80879K, capacity 84698K, committed 84992K, reserved 1124352K
  class space    used 9952K, capacity 10700K, committed 10752K, reserved 1048576K

Card table byte_map: [0x0000000011b00000,0x0000000011d10000] byte_map_base: 0x0000000011500000

Marking Bits: (ParMarkBitMap*) 0x0000000060a24040
 Begin Bits: [0x0000000012610000, 0x0000000013610000)
 End Bits:   [0x0000000013610000, 0x0000000014610000)

Polling page: 0x0000000000530000

CodeCache: size=245760Kb used=61853Kb max_used=62528Kb free=183906Kb
 bounds [0x0000000002740000, 0x00000000064b0000, 0x0000000011740000]
 total_blobs=16990 nmethods=16098 adapters=801
 compilation: enabled

Compilation events (10 events):
Event: 8538.225 Thread 0x0000000055207000 nmethod 22159 0x0000000003e8b610 code [0x0000000003e8b760, 0x0000000003e8b870]
Event: 8538.228 Thread 0x0000000055207000 22161       3       org.gradle.internal.hash.HashUtil::createCompactMD5 (10 bytes)
Event: 8538.229 Thread 0x0000000055207000 nmethod 22161 0x0000000004e27a50 code [0x0000000004e27c60, 0x0000000004e285c8]
Event: 8538.231 Thread 0x0000000055207000 22162       3       org.gradle.internal.hash.HashValue::asCompactString (10 bytes)
Event: 8538.231 Thread 0x0000000055207000 nmethod 22162 0x0000000004084b90 code [0x0000000004084d00, 0x0000000004084ea8]
Event: 8539.115 Thread 0x0000000056674000 22163       4       com.sun.org.apache.xerces.internal.impl.XMLEntityManager::getEncodingName (456 bytes)
Event: 8539.115 Thread 0x000000005667a000 22164       4       com.sun.xml.internal.stream.util.BufferAllocator::getByteBuffer (59 bytes)
Event: 8539.116 Thread 0x000000005667a000 nmethod 22164 0x0000000004e27790 code [0x0000000004e278e0, 0x0000000004e27998]
Event: 8539.118 Thread 0x0000000056674000 nmethod 22163 0x000000000604b010 code [0x000000000604b160, 0x000000000604b378]
Event: 8540.433 Thread 0x0000000056674000 22165   !   4       java.net.URLClassLoader::getResourceAsStream (137 bytes)

GC Heap History (10 events):
Event: 8489.113 GC heap before
{Heap before GC invocations=50 (full 13):
 PSYoungGen      total 302592K, used 259584K [0x00000000eab00000, 0x00000000ffd80000, 0x0000000100000000)
  eden space 259584K, 100% used [0x00000000eab00000,0x00000000fa880000,0x00000000fa880000)
  from space 43008K, 0% used [0x00000000fd380000,0x00000000fd380000,0x00000000ffd80000)
  to   space 43520K, 0% used [0x00000000fa880000,0x00000000fa880000,0x00000000fd300000)
 ParOldGen       total 128000K, used 64080K [0x00000000c0000000, 0x00000000c7d00000, 0x00000000eab00000)
  object space 128000K, 50% used [0x00000000c0000000,0x00000000c3e94130,0x00000000c7d00000)
 Metaspace       used 80111K, capacity 83706K, committed 84480K, reserved 1122304K
  class space    used 9884K, capacity 10609K, committed 10752K, reserved 1048576K
Event: 8489.123 GC heap after
Heap after GC invocations=50 (full 13):
 PSYoungGen      total 303104K, used 5296K [0x00000000eab00000, 0x00000000ffe80000, 0x0000000100000000)
  eden space 259584K, 0% used [0x00000000eab00000,0x00000000eab00000,0x00000000fa880000)
  from space 43520K, 12% used [0x00000000fa880000,0x00000000fadac388,0x00000000fd300000)
  to   space 42496K, 0% used [0x00000000fd500000,0x00000000fd500000,0x00000000ffe80000)
 ParOldGen       total 128000K, used 64088K [0x00000000c0000000, 0x00000000c7d00000, 0x00000000eab00000)
  object space 128000K, 50% used [0x00000000c0000000,0x00000000c3e96130,0x00000000c7d00000)
 Metaspace       used 80111K, capacity 83706K, committed 84480K, reserved 1122304K
  class space    used 9884K, capacity 10609K, committed 10752K, reserved 1048576K
}
Event: 8493.061 GC heap before
{Heap before GC invocations=51 (full 13):
 PSYoungGen      total 303104K, used 264880K [0x00000000eab00000, 0x00000000ffe80000, 0x0000000100000000)
  eden space 259584K, 100% used [0x00000000eab00000,0x00000000fa880000,0x00000000fa880000)
  from space 43520K, 12% used [0x00000000fa880000,0x00000000fadac388,0x00000000fd300000)
  to   space 42496K, 0% used [0x00000000fd500000,0x00000000fd500000,0x00000000ffe80000)
 ParOldGen       total 128000K, used 64088K [0x00000000c0000000, 0x00000000c7d00000, 0x00000000eab00000)
  object space 128000K, 50% used [0x00000000c0000000,0x00000000c3e96130,0x00000000c7d00000)
 Metaspace       used 80533K, capacity 84286K, committed 84736K, reserved 1124352K
  class space    used 9915K, capacity 10663K, committed 10752K, reserved 1048576K
Event: 8493.081 GC heap after
Heap after GC invocations=51 (full 13):
 PSYoungGen      total 301056K, used 13920K [0x00000000eab00000, 0x00000000ffa00000, 0x0000000100000000)
  eden space 263168K, 0% used [0x00000000eab00000,0x00000000eab00000,0x00000000fac00000)
  from space 37888K, 36% used [0x00000000fd500000,0x00000000fe298398,0x00000000ffa00000)
  to   space 39936K, 0% used [0x00000000fac00000,0x00000000fac00000,0x00000000fd300000)
 ParOldGen       total 128000K, used 64096K [0x00000000c0000000, 0x00000000c7d00000, 0x00000000eab00000)
  object space 128000K, 50% used [0x00000000c0000000,0x00000000c3e98130,0x00000000c7d00000)
 Metaspace       used 80533K, capacity 84286K, committed 84736K, reserved 1124352K
  class space    used 9915K, capacity 10663K, committed 10752K, reserved 1048576K
}
Event: 8494.912 GC heap before
{Heap before GC invocations=52 (full 13):
 PSYoungGen      total 301056K, used 277088K [0x00000000eab00000, 0x00000000ffa00000, 0x0000000100000000)
  eden space 263168K, 100% used [0x00000000eab00000,0x00000000fac00000,0x00000000fac00000)
  from space 37888K, 36% used [0x00000000fd500000,0x00000000fe298398,0x00000000ffa00000)
  to   space 39936K, 0% used [0x00000000fac00000,0x00000000fac00000,0x00000000fd300000)
 ParOldGen       total 128000K, used 64096K [0x00000000c0000000, 0x00000000c7d00000, 0x00000000eab00000)
  object space 128000K, 50% used [0x00000000c0000000,0x00000000c3e98130,0x00000000c7d00000)
 Metaspace       used 80814K, capacity 84616K, committed 84992K, reserved 1124352K
  class space    used 9943K, capacity 10693K, committed 10752K, reserved 1048576K
Event: 8494.929 GC heap after
Heap after GC invocations=52 (full 13):
 PSYoungGen      total 303104K, used 11730K [0x00000000eab00000, 0x00000000fff00000, 0x0000000100000000)
  eden space 263168K, 0% used [0x00000000eab00000,0x00000000eab00000,0x00000000fac00000)
  from space 39936K, 29% used [0x00000000fac00000,0x00000000fb774b50,0x00000000fd300000)
  to   space 38400K, 0% used [0x00000000fd980000,0x00000000fd980000,0x00000000fff00000)
 ParOldGen       total 128000K, used 64104K [0x00000000c0000000, 0x00000000c7d00000, 0x00000000eab00000)
  object space 128000K, 50% used [0x00000000c0000000,0x00000000c3e9a130,0x00000000c7d00000)
 Metaspace       used 80814K, capacity 84616K, committed 84992K, reserved 1124352K
  class space    used 9943K, capacity 10693K, committed 10752K, reserved 1048576K
}
Event: 8498.744 GC heap before
{Heap before GC invocations=53 (full 13):
 PSYoungGen      total 303104K, used 182370K [0x00000000eab00000, 0x00000000fff00000, 0x0000000100000000)
  eden space 263168K, 64% used [0x00000000eab00000,0x00000000f51a3cc8,0x00000000fac00000)
  from space 39936K, 29% used [0x00000000fac00000,0x00000000fb774b50,0x00000000fd300000)
  to   space 38400K, 0% used [0x00000000fd980000,0x00000000fd980000,0x00000000fff00000)
 ParOldGen       total 128000K, used 64104K [0x00000000c0000000, 0x00000000c7d00000, 0x00000000eab00000)
  object space 128000K, 50% used [0x00000000c0000000,0x00000000c3e9a130,0x00000000c7d00000)
 Metaspace       used 80847K, capacity 84646K, committed 84992K, reserved 1124352K
  class space    used 9949K, capacity 10701K, committed 10752K, reserved 1048576K
Event: 8498.768 GC heap after
Heap after GC invocations=53 (full 13):
 PSYoungGen      total 305664K, used 11321K [0x00000000eab00000, 0x00000000ffb00000, 0x0000000100000000)
  eden space 271360K, 0% used [0x00000000eab00000,0x00000000eab00000,0x00000000fb400000)
  from space 34304K, 33% used [0x00000000fd980000,0x00000000fe48e588,0x00000000ffb00000)
  to   space 36352K, 0% used [0x00000000fb400000,0x00000000fb400000,0x00000000fd780000)
 ParOldGen       total 128000K, used 64112K [0x00000000c0000000, 0x00000000c7d00000, 0x00000000eab00000)
  object space 128000K, 50% used [0x00000000c0000000,0x00000000c3e9c130,0x00000000c7d00000)
 Metaspace       used 80847K, capacity 84646K, committed 84992K, reserved 1124352K
  class space    used 9949K, capacity 10701K, committed 10752K, reserved 1048576K
}
Event: 8498.768 GC heap before
{Heap before GC invocations=54 (full 14):
 PSYoungGen      total 305664K, used 11321K [0x00000000eab00000, 0x00000000ffb00000, 0x0000000100000000)
  eden space 271360K, 0% used [0x00000000eab00000,0x00000000eab00000,0x00000000fb400000)
  from space 34304K, 33% used [0x00000000fd980000,0x00000000fe48e588,0x00000000ffb00000)
  to   space 36352K, 0% used [0x00000000fb400000,0x00000000fb400000,0x00000000fd780000)
 ParOldGen       total 128000K, used 64112K [0x00000000c0000000, 0x00000000c7d00000, 0x00000000eab00000)
  object space 128000K, 50% used [0x00000000c0000000,0x00000000c3e9c130,0x00000000c7d00000)
 Metaspace       used 80847K, capacity 84646K, committed 84992K, reserved 1124352K
  class space    used 9949K, capacity 10701K, committed 10752K, reserved 1048576K
Event: 8500.356 GC heap after
Heap after GC invocations=54 (full 14):
 PSYoungGen      total 305664K, used 0K [0x00000000eab00000, 0x00000000ffb00000, 0x0000000100000000)
  eden space 271360K, 0% used [0x00000000eab00000,0x00000000eab00000,0x00000000fb400000)
  from space 34304K, 0% used [0x00000000fd980000,0x00000000fd980000,0x00000000ffb00000)
  to   space 36352K, 0% used [0x00000000fb400000,0x00000000fb400000,0x00000000fd780000)
 ParOldGen       total 128000K, used 66826K [0x00000000c0000000, 0x00000000c7d00000, 0x00000000eab00000)
  object space 128000K, 52% used [0x00000000c0000000,0x00000000c4142a20,0x00000000c7d00000)
 Metaspace       used 80812K, capacity 84586K, committed 84992K, reserved 1124352K
  class space    used 9942K, capacity 10688K, committed 10752K, reserved 1048576K
}

Deoptimization events (10 events):
Event: 8495.179 Thread 0x00000000576b6000 Uncommon trap: reason=array_check action=maybe_recompile pc=0x00000000064767c4 method=java.util.ComparableTimSort.mergeLo(IIII)V @ 371
Event: 8495.332 Thread 0x000000005f2f9800 Uncommon trap: reason=predicate action=maybe_recompile pc=0x0000000003c2a254 method=com.google.common.io.ByteStreams.copy(Ljava/io/InputStream;Ljava/io/OutputStream;)J @ 34
Event: 8498.630 Thread 0x000000005f2f6800 Uncommon trap: reason=unstable_if action=reinterpret pc=0x0000000005ece810 method=java.util.concurrent.FutureTask.run()V @ 66
Event: 8498.632 Thread 0x000000005f2f9800 Uncommon trap: reason=unstable_if action=reinterpret pc=0x0000000005ece810 method=java.util.concurrent.FutureTask.run()V @ 66
Event: 8498.678 Thread 0x00000000576bb000 Uncommon trap: reason=unstable_if action=reinterpret pc=0x0000000005ece810 method=java.util.concurrent.FutureTask.run()V @ 66
Event: 8498.680 Thread 0x000000005f2f8000 Uncommon trap: reason=unstable_if action=reinterpret pc=0x0000000005ece810 method=java.util.concurrent.FutureTask.run()V @ 66
Event: 8529.969 Thread 0x000000005f2f6800 Uncommon trap: reason=unstable_if action=reinterpret pc=0x0000000003d4e97c method=com.android.ide.common.blame.SourceFile.equals(Ljava/lang/Object;)Z @ 2
Event: 8529.970 Thread 0x000000005f2f6800 Uncommon trap: reason=unstable_if action=reinterpret pc=0x0000000005cde5a8 method=com.android.ide.common.blame.SourceFilePositionJsonSerializer.write(Lcom/google/gson/stream/JsonWriter;Lcom/android/ide/common/blame/SourceFilePosition;)V @ 17
Event: 8529.970 Thread 0x000000005f2f6800 Uncommon trap: reason=unstable_if action=reinterpret pc=0x0000000005f0a0d8 method=com.google.gson.stream.JsonWriter.close(IILjava/lang/String;)Lcom/google/gson/stream/JsonWriter; @ 9
Event: 8529.971 Thread 0x000000005f2f6800 Uncommon trap: reason=unstable_if action=reinterpret pc=0x0000000005cec3fc method=com.google.gson.stream.JsonWriter.close(IILjava/lang/String;)Lcom/google/gson/stream/JsonWriter; @ 9

Internal exceptions (10 events):
Event: 8412.095 Thread 0x00000000576b6800 Implicit null exception at 0x0000000005ee3730 to 0x0000000005ee3a5d
Event: 8414.447 Thread 0x00000000576b6800 Exception <a 'java/lang/reflect/InvocationTargetException'> (0x00000000f9e784c8) thrown at [D:\re\workspace\8-2-build-windows-amd64-cygwin\jdk8u40\3098\hotspot\src\share\vm\runtime\reflection.cpp, line 1080]
Event: 8414.485 Thread 0x00000000576b4800 Exception <a 'java/lang/NoSuchMethodError': <clinit>> (0x00000000eac8d650) thrown at [D:\re\workspace\8-2-build-windows-amd64-cygwin\jdk8u40\3098\hotspot\src\share\vm\prims\jni.cpp, line 1598]
Event: 8489.021 Thread 0x00000000576b6000 Exception <a 'java/lang/ClassNotFoundException': asLocalRepo53_743hswmk0religfimj878d5ijBeanInfo> (0x00000000fa319818) thrown at [D:\re\workspace\8-2-build-windows-amd64-cygwin\jdk8u40\3098\hotspot\src\share\vm\classfile\systemDictionary.cpp, line 210]
Event: 8489.022 Thread 0x00000000576b6000 Exception <a 'java/lang/ClassNotFoundException': asLocalRepo53_743hswmk0religfimj878d5ijCustomizer> (0x00000000fa322458) thrown at [D:\re\workspace\8-2-build-windows-amd64-cygwin\jdk8u40\3098\hotspot\src\share\vm\classfile\systemDictionary.cpp, line 210]
Event: 8494.174 Thread 0x00000000576b6000 Implicit null exception at 0x0000000005898ddb to 0x000000000589e4c1
Event: 8498.633 Thread 0x00000000576b6000 Exception <a 'java/lang/reflect/InvocationTargetException'> (0x00000000f340ce68) thrown at [D:\re\workspace\8-2-build-windows-amd64-cygwin\jdk8u40\3098\hotspot\src\share\vm\runtime\reflection.cpp, line 1080]
Event: 8500.648 Thread 0x00000000576b4800 Exception <a 'java/lang/NoSuchMethodError': <clinit>> (0x00000000eaeff2a0) thrown at [D:\re\workspace\8-2-build-windows-amd64-cygwin\jdk8u40\3098\hotspot\src\share\vm\prims\jni.cpp, line 1598]
Event: 8538.001 Thread 0x00000000576b6000 Exception <a 'java/lang/ClassNotFoundException': asLocalRepo54_ecp5bu5onbjqvfmj57g30t3gsBeanInfo> (0x00000000eabb41b8) thrown at [D:\re\workspace\8-2-build-windows-amd64-cygwin\jdk8u40\3098\hotspot\src\share\vm\classfile\systemDictionary.cpp, line 210]
Event: 8538.001 Thread 0x00000000576b6000 Exception <a 'java/lang/ClassNotFoundException': asLocalRepo54_ecp5bu5onbjqvfmj57g30t3gsCustomizer> (0x00000000eabbcdd8) thrown at [D:\re\workspace\8-2-build-windows-amd64-cygwin\jdk8u40\3098\hotspot\src\share\vm\classfile\systemDictionary.cpp, line 210]

Events (10 events):
Event: 8538.210 loading class groovy/runtime/metaclass/asLocalRepo54_ecp5bu5onbjqvfmj57g30t3gs$_run_closure1$_closure3MetaClass
Event: 8538.210 loading class groovy/runtime/metaclass/asLocalRepo54_ecp5bu5onbjqvfmj57g30t3gs$_run_closure1$_closure3MetaClass done
Event: 8538.211 loading class asLocalRepo54_ecp5bu5onbjqvfmj57g30t3gs$_run_closure1$_closure3$_closure6
Event: 8538.211 loading class asLocalRepo54_ecp5bu5onbjqvfmj57g30t3gs$_run_closure1$_closure3$_closure6 done
Event: 8538.212 loading class groovy/runtime/metaclass/asLocalRepo54_ecp5bu5onbjqvfmj57g30t3gs$_run_closure1$_closure3$_closure6MetaClass
Event: 8538.212 loading class groovy/runtime/metaclass/asLocalRepo54_ecp5bu5onbjqvfmj57g30t3gs$_run_closure1$_closure3$_closure6MetaClass done
Event: 8538.223 Thread 0x0000000055207000 flushing nmethod 0x0000000003e8b490
Event: 8538.224 Thread 0x0000000055207000 flushing nmethod 0x0000000004098050
Event: 8538.231 Thread 0x0000000055207000 flushing nmethod 0x0000000004946350
Event: 8539.119 Thread 0x000000005667a000 flushing nmethod 0x000000000511a6d0


Dynamic libraries:
0x000000013f6e0000 - 0x000000013f717000 	C:\Program Files\Java\jdk1.8.0_40\bin\java.exe
0x0000000077090000 - 0x000000007723a000 	C:\Windows\SYSTEM32\ntdll.dll
0x0000000076e70000 - 0x0000000076f8f000 	C:\Windows\system32\kernel32.dll
0x000007fefd150000 - 0x000007fefd1ba000 	C:\Windows\system32\KERNELBASE.dll
0x000007fefea10000 - 0x000007fefeaeb000 	C:\Windows\system32\ADVAPI32.dll
0x000007fefd450000 - 0x000007fefd4ef000 	C:\Windows\system32\msvcrt.dll
0x000007fefd4f0000 - 0x000007fefd50f000 	C:\Windows\SYSTEM32\sechost.dll
0x000007feff120000 - 0x000007feff24d000 	C:\Windows\system32\RPCRT4.dll
0x0000000076f90000 - 0x000000007708a000 	C:\Windows\system32\USER32.dll
0x000007fefd3e0000 - 0x000007fefd447000 	C:\Windows\system32\GDI32.dll
0x000007feff250000 - 0x000007feff25e000 	C:\Windows\system32\LPK.dll
0x000007fefeb70000 - 0x000007fefec3a000 	C:\Windows\system32\USP10.dll
0x000007fefb370000 - 0x000007fefb564000 	C:\Windows\WinSxS\amd64_microsoft.windows.common-controls_6595b64144ccf1df_6.0.7601.18837_none_fa3b1e3d17594757\COMCTL32.dll
0x000007feff0a0000 - 0x000007feff111000 	C:\Windows\system32\SHLWAPI.dll
0x000007fefd3b0000 - 0x000007fefd3de000 	C:\Windows\system32\IMM32.DLL
0x000007fefec40000 - 0x000007fefed49000 	C:\Windows\system32\MSCTF.dll
0x0000000064020000 - 0x00000000640f2000 	C:\Program Files\Java\jdk1.8.0_40\jre\bin\msvcr100.dll
0x0000000060220000 - 0x0000000060aa3000 	C:\Program Files\Java\jdk1.8.0_40\jre\bin\server\jvm.dll
0x000007fef1da0000 - 0x000007fef1da9000 	C:\Windows\system32\WSOCK32.dll
0x000007fefeff0000 - 0x000007feff03d000 	C:\Windows\system32\WS2_32.dll
0x000007fefef00000 - 0x000007fefef08000 	C:\Windows\system32\NSI.dll
0x000007fef7a50000 - 0x000007fef7a8b000 	C:\Windows\system32\WINMM.dll
0x000007fefbf00000 - 0x000007fefbf0c000 	C:\Windows\system32\VERSION.dll
0x0000000077260000 - 0x0000000077267000 	C:\Windows\system32\PSAPI.DLL
0x00000000748b0000 - 0x00000000748bf000 	C:\Program Files\Java\jdk1.8.0_40\jre\bin\verify.dll
0x0000000070e40000 - 0x0000000070e69000 	C:\Program Files\Java\jdk1.8.0_40\jre\bin\java.dll
0x00000000737a0000 - 0x00000000737b6000 	C:\Program Files\Java\jdk1.8.0_40\jre\bin\zip.dll
0x000007fefdc80000 - 0x000007fefea0c000 	C:\Windows\system32\SHELL32.dll
0x000007fefd510000 - 0x000007fefd713000 	C:\Windows\system32\ole32.dll
0x000007fefce20000 - 0x000007fefce2f000 	C:\Windows\system32\profapi.dll
0x00000000721a0000 - 0x00000000721ba000 	C:\Program Files\Java\jdk1.8.0_40\jre\bin\net.dll
0x000007fefc5f0000 - 0x000007fefc645000 	C:\Windows\system32\mswsock.dll
0x000007fefc5e0000 - 0x000007fefc5e7000 	C:\Windows\System32\wship6.dll
0x0000000070e20000 - 0x0000000070e31000 	C:\Program Files\Java\jdk1.8.0_40\jre\bin\nio.dll
0x000007feef020000 - 0x000007feef032000 	C:\Users\Pato\.gradle\native\19\windows-amd64\native-platform.dll
0x000007fefaae0000 - 0x000007fefab07000 	C:\Windows\system32\IPHLPAPI.DLL
0x000007fefaad0000 - 0x000007fefaadb000 	C:\Windows\system32\WINNSI.DLL
0x000007fefa860000 - 0x000007fefa878000 	C:\Windows\system32\dhcpcsvc.DLL
0x000007fefa880000 - 0x000007fefa891000 	C:\Windows\system32\dhcpcsvc6.DLL
0x000007fefc650000 - 0x000007fefc668000 	C:\Windows\system32\CRYPTSP.dll
0x000007fefc350000 - 0x000007fefc397000 	C:\Windows\system32\rsaenh.dll
0x000007fefd0c0000 - 0x000007fefd0de000 	C:\Windows\system32\USERENV.dll
0x000007fefccb0000 - 0x000007fefccbf000 	C:\Windows\system32\CRYPTBASE.dll
0x000007fefcc50000 - 0x000007fefcca7000 	C:\Windows\system32\apphelp.dll
0x0000000073780000 - 0x000000007378d000 	C:\Program Files\Java\jdk1.8.0_40\jre\bin\management.dll
0x0000000064370000 - 0x0000000064394000 	C:\Program Files\Java\jdk1.8.0_40\jre\bin\sunec.dll
0x000007fefbfd0000 - 0x000007fefbfd7000 	C:\Windows\System32\wshtcpip.dll
0x000007fefc470000 - 0x000007fefc4cb000 	C:\Windows\system32\DNSAPI.dll
0x000007fef91e0000 - 0x000007fef91e8000 	C:\Windows\system32\rasadhlp.dll
0x000007fefa900000 - 0x000007fefa953000 	C:\Windows\System32\fwpuclnt.dll
0x000007fefb070000 - 0x000007fefb085000 	C:\Windows\system32\NLAapi.dll
0x000007fef22a0000 - 0x000007fef22b5000 	C:\Windows\system32\napinsp.dll
0x000007fef2280000 - 0x000007fef2299000 	C:\Windows\system32\pnrpnsp.dll
0x000007fef2190000 - 0x000007fef219b000 	C:\Windows\System32\winrnr.dll
0x000007fef2140000 - 0x000007fef2150000 	C:\Windows\system32\wshbth.dll
0x0000000068660000 - 0x00000000687f8000 	C:\Program Files\Java\jdk1.8.0_40\jre\bin\awt.dll
0x000007fefef10000 - 0x000007fefefe8000 	C:\Windows\system32\OLEAUT32.dll
0x000007fefaa40000 - 0x000007fefaa58000 	C:\Windows\system32\DWMAPI.DLL
0x0000000064340000 - 0x000000006436a000 	C:\Program Files\Java\jdk1.8.0_40\jre\bin\dcpr.dll

VM Arguments:
jvm_args: -XX:MaxPermSize=256m -XX:+HeapDumpOnOutOfMemoryError -Xmx1024m -Dfile.encoding=windows-1252 -Duser.country=AR -Duser.language=es -Duser.variant 
java_command: org.gradle.launcher.daemon.bootstrap.GradleDaemon 2.10
java_class_path (initial): C:\Program Files\Android\Android Studio\gradle\gradle-2.10\lib\gradle-launcher-2.10.jar
Launcher Type: SUN_STANDARD

Environment Variables:
PATH=C:\ProgramData\Oracle\Java\javapath;C:\Windows\system32;C:\Windows;C:\Windows\System32\Wbem;C:\Windows\System32\WindowsPowerShell\v1.0\;C:\Program Files (x86)\Intel\OpenCL SDK\2.0\bin\x86;C:\Program Files (x86)\Intel\OpenCL SDK\2.0\bin\x64;C:\xampp\php;C:\Program Files (x86)\Skype\Phone\;C:\ProgramData\ComposerSetup\bin;C:\Program Files\Git\cmd;C:\Program Files\nodejs\;C:\Users\Pato\AppData\Roaming\Composer\vendor\bin;C:\Users\Pato\AppData\Roaming\npm
USERNAME=Pato
OS=Windows_NT
PROCESSOR_IDENTIFIER=Intel64 Family 6 Model 58 Stepping 9, GenuineIntel



---------------  S Y S T E M  ---------------

OS: Windows 7 , 64 bit Build 7601 (6.1.7601.23418)

CPU:total 4 (2 cores per cpu, 2 threads per core) family 6 model 58 stepping 9, cmov, cx8, fxsr, mmx, sse, sse2, sse3, ssse3, sse4.1, sse4.2, popcnt, avx, clmul, erms, ht, tsc, tscinvbit, tscinv

Memory: 4k page, physical 3374628k(104292k free), swap 5496116k(7064k free)

vm_info: Java HotSpot(TM) 64-Bit Server VM (25.40-b25) for windows-amd64 JRE (1.8.0_40-b26), built on Mar  7 2015 13:51:59 by "java_re" with MS VC++ 10.0 (VS2010)

time: Thu Jun 23 02:53:30 2016
elapsed time: 8540 seconds (0d 2h 22m 20s)

