#
# There is insufficient memory for the Java Runtime Environment to continue.
# Native memory allocation (malloc) failed to allocate 374016 bytes for Chunk::new
# Possible reasons:
#   The system is out of physical RAM or swap space
#   In 32 bit mode, the process size limit was hit
# Possible solutions:
#   Reduce memory load on the system
#   Increase physical memory or swap space
#   Check if swap backing store is full
#   Use 64 bit Java on a 64 bit OS
#   Decrease Java heap size (-Xmx/-Xms)
#   Decrease number of Java threads
#   Decrease Java thread stack sizes (-Xss)
#   Set larger code cache with -XX:ReservedCodeCacheSize=
# This output file may be truncated or incomplete.
#
#  Out of Memory Error (allocation.cpp:390), pid=6156, tid=5152
#
# JRE version: Java(TM) SE Runtime Environment (8.0_40-b26) (build 1.8.0_40-b26)
# Java VM: Java HotSpot(TM) 64-Bit Server VM (25.40-b25 mixed mode windows-amd64 compressed oops)
# Failed to write core dump. Minidumps are not enabled by default on client versions of Windows
#

---------------  T H R E A D  ---------------

Current thread (0x0000000056b47000):  JavaThread "C2 CompilerThread1" daemon [_thread_in_native, id=5152, stack(0x0000000056f40000,0x0000000057040000)]

Stack: [0x0000000056f40000,0x0000000057040000]
Native frames: (J=compiled Java code, j=interpreted, Vv=VM code, C=native code)
V  [jvm.dll+0x32b47a]
V  [jvm.dll+0x2797f3]
V  [jvm.dll+0x27a489]
V  [jvm.dll+0x2717a5]
V  [jvm.dll+0xcb9a2]
V  [jvm.dll+0xcbe6c]
V  [jvm.dll+0x476ea2]
V  [jvm.dll+0x4b950f]
V  [jvm.dll+0x46b92f]
V  [jvm.dll+0x46ccbe]
V  [jvm.dll+0x4500d2]
V  [jvm.dll+0xa4312]
V  [jvm.dll+0xa4c4f]
V  [jvm.dll+0x241914]
V  [jvm.dll+0x29848a]
C  [msvcr100.dll+0x21d9f]
C  [msvcr100.dll+0x21e3b]
C  [kernel32.dll+0x159bd]
C  [ntdll.dll+0x2a2e1]


Current CompileTask:
C2:  22011 2158       4       com.android.dx.ssa.back.FirstFitLocalCombiningAllocator::handleLocalAssociatedOther (151 bytes)


---------------  P R O C E S S  ---------------

Java Threads: ( => current thread )
  0x000000005736a800 JavaThread "pool-1-thread-4" [_thread_blocked, id=1812, stack(0x0000000057b30000,0x0000000057c30000)]
  0x0000000057367800 JavaThread "pool-1-thread-3" [_thread_blocked, id=1008, stack(0x00000000580f0000,0x00000000581f0000)]
  0x0000000057363000 JavaThread "pool-1-thread-2" [_thread_in_Java, id=3688, stack(0x0000000057f90000,0x0000000058090000)]
  0x0000000057307800 JavaThread "pool-2-thread-1" [_thread_blocked, id=6248, stack(0x0000000057d50000,0x0000000057e50000)]
  0x0000000057307000 JavaThread "pool-1-thread-1" [_thread_blocked, id=5376, stack(0x00000000564e0000,0x00000000565e0000)]
  0x0000000056b4b000 JavaThread "Service Thread" daemon [_thread_blocked, id=6600, stack(0x0000000057100000,0x0000000057200000)]
  0x0000000056b48000 JavaThread "C1 CompilerThread2" daemon [_thread_blocked, id=3208, stack(0x00000000568b0000,0x00000000569b0000)]
=>0x0000000056b47000 JavaThread "C2 CompilerThread1" daemon [_thread_in_native, id=5152, stack(0x0000000056f40000,0x0000000057040000)]
  0x0000000055071800 JavaThread "C2 CompilerThread0" daemon [_thread_in_native, id=2308, stack(0x00000000569f0000,0x0000000056af0000)]
  0x000000005507f000 JavaThread "Attach Listener" daemon [_thread_blocked, id=5332, stack(0x00000000567b0000,0x00000000568b0000)]
  0x000000005507d800 JavaThread "Signal Dispatcher" daemon [_thread_blocked, id=6616, stack(0x00000000565e0000,0x00000000566e0000)]
  0x0000000055011000 JavaThread "Finalizer" daemon [_thread_blocked, id=3308, stack(0x0000000056240000,0x0000000056340000)]
  0x000000005500f800 JavaThread "Reference Handler" daemon [_thread_blocked, id=5540, stack(0x00000000563d0000,0x00000000564d0000)]
  0x000000000026e000 JavaThread "main" [_thread_blocked, id=6124, stack(0x00000000023a0000,0x00000000024a0000)]

Other Threads:
  0x000000005500a000 VMThread [stack: 0x0000000056110000,0x0000000056210000] [id=5672]
  0x0000000056b4d800 WatcherThread [stack: 0x0000000057200000,0x0000000057300000] [id=752]

VM state:not at safepoint (normal execution)

VM Mutex/Monitor currently owned by a thread: None

Heap:
 PSYoungGen      total 116224K, used 50893K [0x00000000eab00000, 0x00000000f2c00000, 0x0000000100000000)
  eden space 104960K, 39% used [0x00000000eab00000,0x00000000ed3834f0,0x00000000f1180000)
  from space 11264K, 83% used [0x00000000f1e00000,0x00000000f27302c0,0x00000000f2900000)
  to   space 12800K, 0% used [0x00000000f1180000,0x00000000f1180000,0x00000000f1e00000)
 ParOldGen       total 35840K, used 18790K [0x00000000c0000000, 0x00000000c2300000, 0x00000000eab00000)
  object space 35840K, 52% used [0x00000000c0000000,0x00000000c1259be8,0x00000000c2300000)
 Metaspace       used 6353K, capacity 7192K, committed 7424K, reserved 1056768K
  class space    used 615K, capacity 656K, committed 768K, reserved 1048576K

Card table byte_map: [0x0000000011b30000,0x0000000011d40000] byte_map_base: 0x0000000011530000

Marking Bits: (ParMarkBitMap*) 0x0000000060a24040
 Begin Bits: [0x0000000012480000, 0x0000000013480000)
 End Bits:   [0x0000000013480000, 0x0000000014480000)

Polling page: 0x0000000000240000

CodeCache: size=245760Kb used=10639Kb max_used=10649Kb free=235120Kb
 bounds [0x0000000002770000, 0x00000000031e0000, 0x0000000011770000]
 total_blobs=2370 nmethods=2100 adapters=182
 compilation: enabled

Compilation events (10 events):
Event: 21.819 Thread 0x0000000055071800 2155       4       com.android.dx.ssa.SsaMethod$1::visitPhiInsn (17 bytes)
Event: 21.821 Thread 0x0000000055071800 nmethod 2155 0x0000000003188e90 code [0x0000000003188fe0, 0x00000000031890d8]
Event: 21.830 Thread 0x0000000056b48000 2156       3       java.util.concurrent.locks.ReentrantLock$NonfairSync::tryAcquire (6 bytes)
Event: 21.830 Thread 0x0000000056b48000 nmethod 2156 0x0000000003188a90 code [0x0000000003188c00, 0x0000000003188e08]
Event: 21.830 Thread 0x0000000056b48000 2157       3       java.util.concurrent.locks.ReentrantLock$Sync::nonfairTryAcquire (67 bytes)
Event: 21.831 Thread 0x0000000056b48000 nmethod 2157 0x00000000031c3f90 code [0x00000000031c4120, 0x00000000031c4848]
Event: 21.932 Thread 0x0000000056b47000 2158       4       com.android.dx.ssa.back.FirstFitLocalCombiningAllocator::handleLocalAssociatedOther (151 bytes)
Event: 21.932 Thread 0x0000000055071800 2159       4       com.android.dx.dex.code.RopTranslator$1::visitPlainCstInsn (64 bytes)
Event: 21.935 Thread 0x0000000055071800 nmethod 2159 0x00000000031c0d10 code [0x00000000031c0e60, 0x00000000031c0fb8]
Event: 21.935 Thread 0x0000000055071800 2160       4       com.android.dx.dex.code.RopTranslator$LocalVariableAwareTranslationVisitor::visitPlainCstInsn (11 bytes)

GC Heap History (10 events):
Event: 2.253 GC heap before
{Heap before GC invocations=2 (full 0):
 PSYoungGen      total 15360K, used 15350K [0x00000000eab00000, 0x00000000ec900000, 0x0000000100000000)
  eden space 13312K, 100% used [0x00000000eab00000,0x00000000eb800000,0x00000000eb800000)
  from space 2048K, 99% used [0x00000000eb800000,0x00000000eb9fd8a8,0x00000000eba00000)
  to   space 2048K, 0% used [0x00000000ec700000,0x00000000ec700000,0x00000000ec900000)
 ParOldGen       total 35840K, used 406K [0x00000000c0000000, 0x00000000c2300000, 0x00000000eab00000)
  object space 35840K, 1% used [0x00000000c0000000,0x00000000c0065978,0x00000000c2300000)
 Metaspace       used 5710K, capacity 6704K, committed 6784K, reserved 1056768K
  class space    used 592K, capacity 616K, committed 640K, reserved 1048576K
Event: 2.303 GC heap after
Heap after GC invocations=2 (full 0):
 PSYoungGen      total 28672K, used 2024K [0x00000000eab00000, 0x00000000ec900000, 0x0000000100000000)
  eden space 26624K, 0% used [0x00000000eab00000,0x00000000eab00000,0x00000000ec500000)
  from space 2048K, 98% used [0x00000000ec700000,0x00000000ec8fa2e8,0x00000000ec900000)
  to   space 2048K, 0% used [0x00000000ec500000,0x00000000ec500000,0x00000000ec700000)
 ParOldGen       total 35840K, used 2235K [0x00000000c0000000, 0x00000000c2300000, 0x00000000eab00000)
  object space 35840K, 6% used [0x00000000c0000000,0x00000000c022ec08,0x00000000c2300000)
 Metaspace       used 5710K, capacity 6704K, committed 6784K, reserved 1056768K
  class space    used 592K, capacity 616K, committed 640K, reserved 1048576K
}
Event: 3.746 GC heap before
{Heap before GC invocations=3 (full 0):
 PSYoungGen      total 28672K, used 28648K [0x00000000eab00000, 0x00000000ec900000, 0x0000000100000000)
  eden space 26624K, 100% used [0x00000000eab00000,0x00000000ec500000,0x00000000ec500000)
  from space 2048K, 98% used [0x00000000ec700000,0x00000000ec8fa2e8,0x00000000ec900000)
  to   space 2048K, 0% used [0x00000000ec500000,0x00000000ec500000,0x00000000ec700000)
 ParOldGen       total 35840K, used 2235K [0x00000000c0000000, 0x00000000c2300000, 0x00000000eab00000)
  object space 35840K, 6% used [0x00000000c0000000,0x00000000c022ec08,0x00000000c2300000)
 Metaspace       used 6088K, capacity 7024K, committed 7296K, reserved 1056768K
  class space    used 592K, capacity 616K, committed 640K, reserved 1048576K
Event: 3.848 GC heap after
Heap after GC invocations=3 (full 0):
 PSYoungGen      total 28672K, used 2022K [0x00000000eab00000, 0x00000000ee300000, 0x0000000100000000)
  eden space 26624K, 0% used [0x00000000eab00000,0x00000000eab00000,0x00000000ec500000)
  from space 2048K, 98% used [0x00000000ec500000,0x00000000ec6f9b30,0x00000000ec700000)
  to   space 2048K, 0% used [0x00000000ee100000,0x00000000ee100000,0x00000000ee300000)
 ParOldGen       total 35840K, used 6129K [0x00000000c0000000, 0x00000000c2300000, 0x00000000eab00000)
  object space 35840K, 17% used [0x00000000c0000000,0x00000000c05fc490,0x00000000c2300000)
 Metaspace       used 6088K, capacity 7024K, committed 7296K, reserved 1056768K
  class space    used 592K, capacity 616K, committed 640K, reserved 1048576K
}
Event: 7.771 GC heap before
{Heap before GC invocations=4 (full 0):
 PSYoungGen      total 28672K, used 28646K [0x00000000eab00000, 0x00000000ee300000, 0x0000000100000000)
  eden space 26624K, 100% used [0x00000000eab00000,0x00000000ec500000,0x00000000ec500000)
  from space 2048K, 98% used [0x00000000ec500000,0x00000000ec6f9b30,0x00000000ec700000)
  to   space 2048K, 0% used [0x00000000ee100000,0x00000000ee100000,0x00000000ee300000)
 ParOldGen       total 35840K, used 6129K [0x00000000c0000000, 0x00000000c2300000, 0x00000000eab00000)
  object space 35840K, 17% used [0x00000000c0000000,0x00000000c05fc490,0x00000000c2300000)
 Metaspace       used 6160K, capacity 7088K, committed 7296K, reserved 1056768K
  class space    used 593K, capacity 616K, committed 640K, reserved 1048576K
Event: 8.039 GC heap after
Heap after GC invocations=4 (full 0):
 PSYoungGen      total 55296K, used 2020K [0x00000000eab00000, 0x00000000ee300000, 0x0000000100000000)
  eden space 53248K, 0% used [0x00000000eab00000,0x00000000eab00000,0x00000000edf00000)
  from space 2048K, 98% used [0x00000000ee100000,0x00000000ee2f93c8,0x00000000ee300000)
  to   space 2048K, 0% used [0x00000000edf00000,0x00000000edf00000,0x00000000ee100000)
 ParOldGen       total 35840K, used 10286K [0x00000000c0000000, 0x00000000c2300000, 0x00000000eab00000)
  object space 35840K, 28% used [0x00000000c0000000,0x00000000c0a0b808,0x00000000c2300000)
 Metaspace       used 6160K, capacity 7088K, committed 7296K, reserved 1056768K
  class space    used 593K, capacity 616K, committed 640K, reserved 1048576K
}
Event: 12.299 GC heap before
{Heap before GC invocations=5 (full 0):
 PSYoungGen      total 55296K, used 55268K [0x00000000eab00000, 0x00000000ee300000, 0x0000000100000000)
  eden space 53248K, 100% used [0x00000000eab00000,0x00000000edf00000,0x00000000edf00000)
  from space 2048K, 98% used [0x00000000ee100000,0x00000000ee2f93c8,0x00000000ee300000)
  to   space 2048K, 0% used [0x00000000edf00000,0x00000000edf00000,0x00000000ee100000)
 ParOldGen       total 35840K, used 10286K [0x00000000c0000000, 0x00000000c2300000, 0x00000000eab00000)
  object space 35840K, 28% used [0x00000000c0000000,0x00000000c0a0b808,0x00000000c2300000)
 Metaspace       used 6230K, capacity 7152K, committed 7296K, reserved 1056768K
  class space    used 594K, capacity 616K, committed 640K, reserved 1048576K
Event: 12.400 GC heap after
Heap after GC invocations=5 (full 0):
 PSYoungGen      total 55296K, used 2033K [0x00000000eab00000, 0x00000000f2900000, 0x0000000100000000)
  eden space 53248K, 0% used [0x00000000eab00000,0x00000000eab00000,0x00000000edf00000)
  from space 2048K, 99% used [0x00000000edf00000,0x00000000ee0fc4a8,0x00000000ee100000)
  to   space 11264K, 0% used [0x00000000f1e00000,0x00000000f1e00000,0x00000000f2900000)
 ParOldGen       total 35840K, used 18790K [0x00000000c0000000, 0x00000000c2300000, 0x00000000eab00000)
  object space 35840K, 52% used [0x00000000c0000000,0x00000000c1259be8,0x00000000c2300000)
 Metaspace       used 6230K, capacity 7152K, committed 7296K, reserved 1056768K
  class space    used 594K, capacity 616K, committed 640K, reserved 1048576K
}
Event: 16.924 GC heap before
{Heap before GC invocations=6 (full 0):
 PSYoungGen      total 55296K, used 55281K [0x00000000eab00000, 0x00000000f2900000, 0x0000000100000000)
  eden space 53248K, 100% used [0x00000000eab00000,0x00000000edf00000,0x00000000edf00000)
  from space 2048K, 99% used [0x00000000edf00000,0x00000000ee0fc4a8,0x00000000ee100000)
  to   space 11264K, 0% used [0x00000000f1e00000,0x00000000f1e00000,0x00000000f2900000)
 ParOldGen       total 35840K, used 18790K [0x00000000c0000000, 0x00000000c2300000, 0x00000000eab00000)
  object space 35840K, 52% used [0x00000000c0000000,0x00000000c1259be8,0x00000000c2300000)
 Metaspace       used 6337K, capacity 7192K, committed 7424K, reserved 1056768K
  class space    used 615K, capacity 656K, committed 768K, reserved 1048576K
Event: 17.001 GC heap after
Heap after GC invocations=6 (full 0):
 PSYoungGen      total 116224K, used 9408K [0x00000000eab00000, 0x00000000f2c00000, 0x0000000100000000)
  eden space 104960K, 0% used [0x00000000eab00000,0x00000000eab00000,0x00000000f1180000)
  from space 11264K, 83% used [0x00000000f1e00000,0x00000000f27302c0,0x00000000f2900000)
  to   space 12800K, 0% used [0x00000000f1180000,0x00000000f1180000,0x00000000f1e00000)
 ParOldGen       total 35840K, used 18790K [0x00000000c0000000, 0x00000000c2300000, 0x00000000eab00000)
  object space 35840K, 52% used [0x00000000c0000000,0x00000000c1259be8,0x00000000c2300000)
 Metaspace       used 6337K, capacity 7192K, committed 7424K, reserved 1056768K
  class space    used 615K, capacity 656K, committed 768K, reserved 1048576K
}

Deoptimization events (10 events):
Event: 15.622 Thread 0x0000000057307000 Uncommon trap: reason=unstable_if action=reinterpret pc=0x0000000002eb4124 method=com.android.dx.rop.code.BasicBlockList.preferredSuccessorOf(Lcom/android/dx/rop/code/BasicBlock;)Lcom/android/dx/rop/code/BasicBlock; @ 58
Event: 15.903 Thread 0x0000000057363000 Uncommon trap: reason=bimorphic action=maybe_recompile pc=0x000000000310d634 method=com.android.dx.rop.code.RegisterSpec.withSimpleType()Lcom/android/dx/rop/code/RegisterSpec; @ 21
Event: 15.930 Thread 0x000000005736a800 Uncommon trap: reason=bimorphic action=maybe_recompile pc=0x0000000002c553d0 method=com.android.dx.ssa.LiteralOpUpgrader.tryReplacingWithConstant(Lcom/android/dx/ssa/NormalSsaInsn;)Z @ 62
Event: 15.930 Thread 0x000000005736a800 Uncommon trap: reason=unstable_if action=reinterpret pc=0x0000000003073728 method=com.android.dx.ssa.LiteralOpUpgrader$1.visitNonMoveInsn(Lcom/android/dx/ssa/NormalSsaInsn;)V @ 24
Event: 16.165 Thread 0x0000000057307000 Uncommon trap: reason=class_check action=maybe_recompile pc=0x0000000002fe2820 method=com.android.dx.ssa.SCCP.replaceConstants()V @ 182
Event: 16.170 Thread 0x0000000057307000 Uncommon trap: reason=class_check action=maybe_recompile pc=0x0000000002fe2820 method=com.android.dx.ssa.SCCP.replaceConstants()V @ 182
Event: 17.549 Thread 0x0000000057367800 Uncommon trap: reason=bimorphic action=maybe_recompile pc=0x0000000002c553d0 method=com.android.dx.ssa.LiteralOpUpgrader.tryReplacingWithConstant(Lcom/android/dx/ssa/NormalSsaInsn;)Z @ 62
Event: 18.579 Thread 0x0000000057363000 Uncommon trap: reason=unstable_if action=reinterpret pc=0x00000000030c9d54 method=com.android.dx.cf.code.Ropper.isSynchronized()Z @ 12
Event: 18.579 Thread 0x0000000057363000 Uncommon trap: reason=unstable_if action=reinterpret pc=0x0000000002c850b0 method=com.android.dx.ssa.MoveParamCombiner$1.visitNonMoveInsn(Lcom/android/dx/ssa/NormalSsaInsn;)V @ 27
Event: 18.984 Thread 0x0000000057363000 Uncommon trap: reason=unstable_if action=reinterpret pc=0x0000000003080030 method=com.android.dx.rop.code.DexTranslationAdvice.hasConstantOperation(Lcom/android/dx/rop/code/Rop;Lcom/android/dx/rop/code/RegisterSpec;Lcom/android/dx/rop/code/RegisterSpec;)Z Î»uè˜>/@

Internal exceptions (7 events):
Event: 0.180 Thread 0x000000000026e000 Exception <a 'java/lang/NoSuchMethodError': Method sun.misc.Unsafe.defineClass(Ljava/lang/String;[BII)Ljava/lang/Class; name or signature does not match> (0x00000000eab0d318) thrown at [D:\re\workspace\8-2-build-windows-amd64-cygwin\jdk8u40\3098\hotspot\sr÷5EÇ?
Event: 0.180 Thread 0x000000000026e000 Exception <a 'java/lang/NoSuchMethodError': Method sun.misc.Unsafe.prefetchRead(Ljava/lang/Object;J)V name or signature does not match> (0x00000000eab0d5a8) thrown at [D:\re\workspace\8-2-build-windows-amd64-cygwin\jdk8u40\3098\hotspot\src\share\vm\prims\já­ëO…\@
Event: 2.795 Thread 0x000000000026e000 Implicit null exception at 0x0000000002abd1a9 to 0x0000000002abfa55
Event: 2.795 Thread 0x000000000026e000 Implicit null exception at 0x0000000002a3b657 to 0x0000000002a3dfe1
Event: 14.780 Thread 0x0000000057307000 Exception <a 'java/lang/ArrayIndexOutOfBoundsException': 18> (0x00000000ec9e05e0) thrown at [D:\re\workspace\8-2-build-windows-amd64-cygwin\jdk8u40\3098\hotspot\src\share\vm\interpreter\interpreterRuntime.cpp, line 366]
Event: 14.781 Thread 0x0000000057307000 Exception <a 'java/lang/ArrayIndexOutOfBoundsException': 145> (0x00000000ec9e20b0) thrown at [D:\re\workspace\8-2-build-windows-amd64-cygwin\jdk8u40\3098\hotspot\src\share\vm\interpreter\interpreterRuntime.cpp, line 366]
Event: 14.822 Thread 0x0000000057307000 Exception <a 'java/lang/ArrayIndexOutOfBoundsException'> (0x00000000ec9e32e8) thrown at [D:\re\workspace\8-2-build-windows-amd64-cygwin\jdk8u40\3098\hotspot\src\share\vm\runtime\sharedRuntime.cpp, line 605]

Events (10 events):
Event: 17.549 Thread 0x0000000057367800 DEOPT UNPACKING pc=0x00000000027b582a sp=0x00000000581ee3c0 mode 2
Event: 18.579 Thread 0x0000000057363000 Uncommon trap: trap_request=0xffffff65 fr.pc=0x00000000030c9d54
Event: 18.579 Thread 0x0000000057363000 DEOPT PACKING pc=0x00000000030c9d54 sp=0x000000005808ec50
Event: 18.579 Thread 0x0000000057363000 DEOPT UNPACKING pc=0x00000000027b582a sp=0x000000005808ebc8 mode 2
Event: 18.579 Thread 0x0000000057363000 Uncommon trap: trap_request=0xffffff65 fr.pc=0x0000000002c850b0
Event: 18.579 Thread 0x0000000057363000 DEOPT PACKING pc=0x0000000002c850b0 sp=0x000000005808eb30
Event: 18.579 Thread 0x0000000057363000 DEOPT UNPACKING pc=0x00000000027b582a sp=0x000000005808ea88 mode 2
Event: 18.984 Thread 0x0000000057363000 Uncommon trap: trap_request=0xffffff65 fr.pc=0x0000000003080030
Event: 18.984 Thread 0x0000000057363000 DEOPT PACKING pc=0x0000000003080030 sp=0x000000005808e700
Event: 18.984 Thread 0x0000000057363000 DEOPT UNPACKING pc=0x00000000027b582a sp=0x000000005808e620 mode 2


Dynamic libraries:
0x000000013ffb0000 - 0x000000013ffe7000 	C:\Program Files\Java\jdk1.8.0_40\bin\java.exe
0x0000000077090000 - 0x000000007723a000 	C:\Windows\SYSTEM32\ntdll.dll
0x0000000076e70000 - 0x0000000076f8f000 	C:\Windows\system32\kernel32.dll
0x000007fefd150000 - 0x000007fefd1ba000 	C:\Windows\system32\KERNELBASE.dll
0x000007fefea10000 - 0x000007fefeaeb000 	C:\Windows\system32\ADVAPI32.dll
0x000007fefd450000 - 0x000007fefd4ef000 	C:\Windows\system32\msvcrt.dll
0x000007fefd4f0000 - 0x000007fefd50f000 	C:\Windows\SYSTEM32\sechost.dll
0x000007feff120000 - 0x000007feff24d000 	C:\Windows\system32\RPCRT4.dll
0x0000000076f90000 - 0x000000007708a000 	C:\Windows\system32\USER32.dll
0x000007fefd3e0000 - 0x000007fefd447000 	C:\Windows\system32\GDI32.dll
0x000007feff250000 - 0x000007feff25e000 	C:\Windows\system32\LPK.dll
0x000007fefeb70000 - 0x000007fefec3a000 	C:\Windows\system32\USP10.dll
0x000007fefb370000 - 0x000007fefb564000 	C:\Windows\WinSxS\amd64_microsoft.windows.common-controls_6595b64144ccf1df_6.0.7601.18837_none_fa3b1e3d17594757\COMCTL32.dll
0x000007feff0a0000 - 0x000007feff111000 	C:\Windows\system32\SHLWAPI.dll
0x000007fefd3b0000 - 0x000007fefd3de000 	C:\Windows\system32\IMM32.DLL
0x000007fefec40000 - 0x000007fefed49000 	C:\Windows\system32\MSCTF.dll
0x0000000057c50000 - 0x0000000057d22000 	C:\Program Files\Java\jdk1.8.0_40\jre\bin\msvcr100.dll
0x0000000060220000 - 0x0000000060aa3000 	C:\Program Files\Java\jdk1.8.0_40\jre\bin\server\jvm.dll
0x000007fef1da0000 - 0x000007fef1da9000 	C:\Windows\system32\WSOCK32.dll
0x000007fefeff0000 - 0x000007feff03d000 	C:\Windows\system32\WS2_32.dll
0x000007fefef00000 - 0x000007fefef08000 	C:\Windows\system32\NSI.dll
0x000007fef7a50000 - 0x000007fef7a8b000 	C:\Windows\system32\WINMM.dll
0x000007fefbf00000 - 0x000007fefbf0c000 	C:\Windows\system32\VERSION.dll
0x0000000077260000 - 0x0000000077267000 	C:\Windows\system32\PSAPI.DLL
0x00000000748b0000 - 0x00000000748bf000 	C:\Program Files\Java\jdk1.8.0_40\jre\bin\verify.dll
0x0000000070e40000 - 0x0000000070e69000 	C:\Program Files\Java\jdk1.8.0_40\jre\bin\java.dll
0x00000000737a0000 - 0x00000000737b6000 	C:\Program Files\Java\jdk1.8.0_40\jre\bin\zip.dll
0x000007fefdc80000 - 0x000007fefea0c000 	C:\Windows\system32\SHELL32.dll
0x000007fefd510000 - 0x000007fefd713000 	C:\Windows\system32\ole32.dll
0x000007fefce20000 - 0x000007fefce2f000 	C:\Windows\system32\profapi.dll
0x000007fef3960000 - 0x000007fef3a85000 	C:\Windows\system32\dbghelp.dll

VM Arguments:
jvm_args: -Djava.awt.headless=true -Xmx1024M -Dfile.encoding=windows-1252 -Duser.country=AR -Duser.language=es -Duser.variant 
java_command: com.android.dx.command.Main --dex --num-threads=4 --output C:\Users\Pato\Desktop\Tacheando\app\build\intermediates\pre-dexed\release\com.android.support-appcompat-v7-23.4.0_eff6eb8e6732a2ef00c204595e9c2021f729b5fb.jar C:\Users\Pato\Desktop\Tacheando\app\build\intermediates\exploded-aar\com.android.support\appcompat-v7\23.4.0\jars\classes.jar
java_class_path (initial): C:\Users\Pato\AppData\Local\Android\sdk\build-tools\23.0.3\lib\dx.jar
Launcher Type: SUN_STANDARD

Environment Variables:
PATH=C:\ProgramData\Oracle\Java\javapath;C:\Windows\system32;C:\Windows;C:\Windows\System32\Wbem;C:\Windows\System32\WindowsPowerShell\v1.0\;C:\Program Files (x86)\Intel\OpenCL SDK\2.0\bin\x86;C:\Program Files (x86)\Intel\OpenCL SDK\2.0\bin\x64;C:\xampp\php;C:\Program Files (x86)\Skype\Phone\;C:\ProgramData\ComposerSetup\bin;C:\Program Files\Git\cmd;C:\Program Files\nodejs\;C:\Users\Pato\AppData\Roaming\Composer\vendor\bin;C:\Users\Pato\AppData\Roaming\npm
USERNAME=Pato
OS=Windows_NT
PROCESSOR_IDENTIFIER=Intel64 Family 6 Model 58 Stepping 9, GenuineIntel



---------------  S Y S T E M  ---------------

OS: Windows 7 , 64 bit Build 7601 (6.1.7601.23418)

CPU:total 4 (2 cores per cpu, 2 threads per core) family 6 model 58 stepping 9, cmov, cx8, fxsr, mmx, sse, sse2, sse3, ssse3, sse4.1, sse4.2, popcnt, avx, clmul, erms, ht, tsc, tscinvbit, tscinv

Memory: 4k page, physical 3374628k(229148k free), swap 5496116k(429528k free)

vm_info: Java HotSpot(TM) 64-Bit Server VM (25.40-b25) for windows-amd64 JRE (1.8.0_40-b26), built on Mar  7 2015 13:51:59 by "java_re" with MS VC++ 10.0 (VS2010)

time: Thu Jun 23 03:20:52 2016
elapsed time: 22 seconds (0d 0h 0m 22s)

