#
# There is insufficient memory for the Java Runtime Environment to continue.
# Native memory allocation (malloc) failed to allocate 54176 bytes for Chunk::new
# Possible reasons:
#   The system is out of physical RAM or swap space
#   In 32 bit mode, the process size limit was hit
# Possible solutions:
#   Reduce memory load on the system
#   Increase physical memory or swap space
#   Check if swap backing store is full
#   Use 64 bit Java on a 64 bit OS
#   Decrease Java heap size (-Xmx/-Xms)
#   Decrease number of Java threads
#   Decrease Java thread stack sizes (-Xss)
#   Set larger code cache with -XX:ReservedCodeCacheSize=
# This output file may be truncated or incomplete.
#
#  Out of Memory Error (allocation.cpp:390), pid=6772, tid=5088
#
# JRE version: Java(TM) SE Runtime Environment (8.0_40-b26) (build 1.8.0_40-b26)
# Java VM: Java HotSpot(TM) 64-Bit Server VM (25.40-b25 mixed mode windows-amd64 compressed oops)
# Failed to write core dump. Minidumps are not enabled by default on client versions of Windows
#

---------------  T H R E A D  ---------------

Current thread (0x00000000550b1800):  JavaThread "C2 CompilerThread0" daemon [_thread_in_native, id=5088, stack(0x0000000056720000,0x0000000056820000)]

Stack: [0x0000000056720000,0x0000000056820000]
Native frames: (J=compiled Java code, j=interpreted, Vv=VM code, C=native code)
V  [jvm.dll+0x32b47a]


Current CompileTask:
C2:   5449 1202       4       com.android.dx.util.LabeledList::addLabelIndex (43 bytes)


---------------  P R O C E S S  ---------------

Java Threads: ( => current thread )
  0x0000000056efc800 JavaThread "pool-1-thread-4" [_thread_blocked, id=3264, stack(0x0000000057860000,0x0000000057960000)]
  0x0000000056efa000 JavaThread "pool-1-thread-3" [_thread_blocked, id=3516, stack(0x0000000057600000,0x0000000057700000)]
  0x0000000056ef9000 JavaThread "pool-1-thread-2" [_thread_blocked, id=5260, stack(0x0000000057700000,0x0000000057800000)]
  0x0000000056ef8800 JavaThread "pool-2-thread-1" [_thread_blocked, id=3664, stack(0x0000000057460000,0x0000000057560000)]
  0x0000000056ebd000 JavaThread "pool-1-thread-1" [_thread_blocked, id=6580, stack(0x00000000572c0000,0x00000000573c0000)]
  0x00000000550b8000 JavaThread "Service Thread" daemon [_thread_blocked, id=5588, stack(0x00000000570f0000,0x00000000571f0000)]
  0x00000000550b6800 JavaThread "C1 CompilerThread2" daemon [_thread_in_vm, id=7064, stack(0x0000000056b40000,0x0000000056c40000)]
  0x00000000550b5800 JavaThread "C2 CompilerThread1" daemon [_thread_blocked, id=5504, stack(0x00000000568b0000,0x00000000569b0000)]
=>0x00000000550b1800 JavaThread "C2 CompilerThread0" daemon [_thread_in_native, id=5088, stack(0x0000000056720000,0x0000000056820000)]
  0x00000000550bf000 JavaThread "Attach Listener" daemon [_thread_blocked, id=5660, stack(0x00000000565d0000,0x00000000566d0000)]
  0x00000000550bd800 JavaThread "Signal Dispatcher" daemon [_thread_blocked, id=5492, stack(0x0000000056270000,0x0000000056370000)]
  0x0000000055050800 JavaThread "Finalizer" daemon [_thread_blocked, id=6440, stack(0x0000000056440000,0x0000000056540000)]
  0x000000005504f800 JavaThread "Reference Handler" daemon [_thread_blocked, id=4844, stack(0x0000000056160000,0x0000000056260000)]
  0x00000000021ce000 JavaThread "main" [_thread_blocked, id=2964, stack(0x00000000021e0000,0x00000000022e0000)]

Other Threads:
  0x000000005504a000 VMThread [stack: 0x0000000056040000,0x0000000056140000] [id=768]
  0x0000000056c41000 WatcherThread [stack: 0x00000000569c0000,0x0000000056ac0000] [id=3584]

VM state:not at safepoint (normal execution)

VM Mutex/Monitor currently owned by a thread:  ([mutex/lock_event])
[0x00000000021cb860] CodeCache_lock - owner thread: 0x00000000550b6800
[0x00000000021ccf10] Compile_lock - owner thread: 0x00000000550b6800
[0x00000000021cd010] MethodCompileQueue_lock - owner thread: 0x00000000550b6800

Heap:
 PSYoungGen      total 28672K, used 10829K [0x00000000eab00000, 0x00000000ec900000, 0x0000000100000000)
  eden space 26624K, 33% used [0x00000000eab00000,0x00000000eb398b78,0x00000000ec500000)
  from space 2048K, 98% used [0x00000000ec700000,0x00000000ec8faa90,0x00000000ec900000)
  to   space 2048K, 0% used [0x00000000ec500000,0x00000000ec500000,0x00000000ec700000)
 ParOldGen       total 35840K, used 1759K [0x00000000c0000000, 0x00000000c2300000, 0x00000000eab00000)
  object space 35840K, 4% used [0x00000000c0000000,0x00000000c01b7f08,0x00000000c2300000)
 Metaspace       used 5909K, capacity 6896K, committed 7040K, reserved 1056768K
  class space    used 586K, capacity 616K, committed 640K, reserved 1048576K

Card table byte_map: [0x0000000011aa0000,0x0000000011cb0000] byte_map_base: 0x00000000114a0000

Marking Bits: (ParMarkBitMap*) 0x0000000060a24040
 Begin Bits: [0x00000000124c0000, 0x00000000134c0000)
 End Bits:   [0x00000000134c0000, 0x00000000144c0000)

Polling page: 0x0000000000430000

CodeCache: size=245760Kb used=4786Kb max_used=4786Kb free=240973Kb
 bounds [0x00000000026e0000, 0x0000000002b90000, 0x00000000116e0000]
 total_blobs=1482 nmethods=1212 adapters=182
 compilation: enabled

Compilation events (10 events):
Event: 4.349 Thread 0x00000000550b6800 1196       3       java.lang.ref.Reference::clear (6 bytes)
Event: 4.349 Thread 0x00000000550b6800 nmethod 1196 0x0000000002b88010 code [0x0000000002b88160, 0x0000000002b882d0]
Event: 4.349 Thread 0x00000000550b6800 1186       3       com.android.dx.rop.code.BasicBlockList::getRegCount (34 bytes)
Event: 4.349 Thread 0x00000000550b5800 nmethod 1198 0x0000000002b88350 code [0x0000000002b884a0, 0x0000000002b887b8]
Event: 4.349 Thread 0x00000000550b6800 nmethod 1186 0x0000000002b879d0 code [0x0000000002b87b40, 0x0000000002b87ec8]
Event: 4.368 Thread 0x00000000550b1800 1202       4       com.android.dx.util.LabeledList::addLabelIndex (43 bytes)
Event: 4.369 Thread 0x00000000550b5800 1205       4       java.util.ArrayList::grow (45 bytes)
Event: 4.370 Thread 0x00000000550b6800 1203       3       com.android.dx.rop.cst.CstBaseMethodRef::getPrototype (41 bytes)
Event: 4.370 Thread 0x00000000550b6800 nmethod 1203 0x0000000002b87390 code [0x0000000002b87500, 0x0000000002b878e8]
Event: 4.370 Thread 0x00000000550b6800 1199       3       com.android.dx.dex.cf.AttributeTranslator::getAnnotations (22 bytes)

GC Heap History (4 events):
Event: 2.422 GC heap before
{Heap before GC invocations=1 (full 0):
 PSYoungGen      total 15360K, used 13312K [0x00000000eab00000, 0x00000000ebc00000, 0x0000000100000000)
  eden space 13312K, 100% used [0x00000000eab00000,0x00000000eb800000,0x00000000eb800000)
  from space 2048K, 0% used [0x00000000eba00000,0x00000000eba00000,0x00000000ebc00000)
  to   space 2048K, 0% used [0x00000000eb800000,0x00000000eb800000,0x00000000eba00000)
 ParOldGen       total 35840K, used 0K [0x00000000c0000000, 0x00000000c2300000, 0x00000000eab00000)
  object space 35840K, 0% used [0x00000000c0000000,0x00000000c0000000,0x00000000c2300000)
 Metaspace       used 4820K, capacity 5936K, committed 6272K, reserved 1056768K
  class space    used 527K, capacity 552K, committed 640K, reserved 1048576K
Event: 2.568 GC heap after
Heap after GC invocations=1 (full 0):
 PSYoungGen      total 15360K, used 2022K [0x00000000eab00000, 0x00000000ec900000, 0x0000000100000000)
  eden space 13312K, 0% used [0x00000000eab00000,0x00000000eab00000,0x00000000eb800000)
  from space 2048K, 98% used [0x00000000eb800000,0x00000000eb9f9a00,0x00000000eba00000)
  to   space 2048K, 0% used [0x00000000ec700000,0x00000000ec700000,0x00000000ec900000)
 ParOldGen       total 35840K, used 291K [0x00000000c0000000, 0x00000000c2300000, 0x00000000eab00000)
  object space 35840K, 0% used [0x00000000c0000000,0x00000000c0048eb8,0x00000000c2300000)
 Metaspace       used 4820K, capacity 5936K, committed 6272K, reserved 1056768K
  class space    used 527K, capacity 552K, committed 640K, reserved 1048576K
}
Event: 4.096 GC heap before
{Heap before GC invocations=2 (full 0):
 PSYoungGen      total 15360K, used 15334K [0x00000000eab00000, 0x00000000ec900000, 0x0000000100000000)
  eden space 13312K, 100% used [0x00000000eab00000,0x00000000eb800000,0x00000000eb800000)
  from space 2048K, 98% used [0x00000000eb800000,0x00000000eb9f9a00,0x00000000eba00000)
  to   space 2048K, 0% used [0x00000000ec700000,0x00000000ec700000,0x00000000ec900000)
 ParOldGen       total 35840K, used 291K [0x00000000c0000000, 0x00000000c2300000, 0x00000000eab00000)
  object space 35840K, 0% used [0x00000000c0000000,0x00000000c0048eb8,0x00000000c2300000)
 Metaspace       used 5894K, capacity 6832K, committed 7040K, reserved 1056768K
  class space    used 586K, capacity 616K, committed 640K, reserved 1048576K
Event: 4.341 GC heap after
Heap after GC invocations=2 (full 0):
 PSYoungGen      total 28672K, used 2026K [0x00000000eab00000, 0x00000000ec900000, 0x0000000100000000)
  eden space 26624K, 0% used [0x00000000eab00000,0x00000000eab00000,0x00000000ec500000)
  from space 2048K, 98% used [0x00000000ec700000,0x00000000ec8faa90,0x00000000ec900000)
  to   space 2048K, 0% used [0x00000000ec500000,0x00000000ec500000,0x00000000ec700000)
 ParOldGen       total 35840K, used 1759K [0x00000000c0000000, 0x00000000c2300000, 0x00000000eab00000)
  object space 35840K, 4% used [0x00000000c0000000,0x00000000c01b7f08,0x00000000c2300000)
 Metaspace       used 5894K, capacity 6832K, committed 7040K, reserved 1056768K
  class space    used 586K, capacity 616K, committed 640K, reserved 1048576K
}

Deoptimization events (6 events):
Event: 1.832 Thread 0x00000000021ce000 Uncommon trap: reason=unstable_if action=reinterpret pc=0x000000000284e240 method=java.lang.String.indexOf(II)I @ 49
Event: 1.948 Thread 0x00000000021ce000 Uncommon trap: reason=unstable_if action=reinterpret pc=0x000000000285af44 method=java.lang.String.compareTo(Ljava/lang/String;)I @ 38
Event: 2.850 Thread 0x00000000021ce000 Uncommon trap: reason=unstable_if action=reinterpret pc=0x00000000029390e4 method=java.util.BitSet.ensureCapacity(I)V @ 6
Event: 2.850 Thread 0x00000000021ce000 Uncommon trap: reason=unstable_if action=reinterpret pc=0x0000000002902a60 method=java.util.BitSet.nextSetBit(I)I @ 87
Event: 2.854 Thread 0x00000000021ce000 Uncommon trap: reason=unstable_if action=reinterpret pc=0x000000000290454c method=java.util.HashMap.getNode(ILjava/lang/Object;)Ljava/util/HashMap$Node; @ 129
Event: 2.860 Thread 0x00000000021ce000 Uncommon trap: reason=class_check action=maybe_recompile pc=0x00000000029240a0 method=com.android.dx.ssa.NormalSsaInsn.accept(Lcom/android/dx/ssa/SsaInsn$Visitor;)V @ 9

Internal exceptions (2 events):
Event: 0.299 Thread 0x00000000021ce000 Exception <a 'java/lang/NoSuchMethodError': Method sun.misc.Unsafe.defineClass(Ljava/lang/String;[BII)Ljava/lang/Class; name or signature does not match> (0x00000000eab0d310) thrown at [D:\re\workspace\8-2-build-windows-amd64-cygwin\jdk8u40\3098\hotspot\sr¤€>q'Ó?
Event: 0.299 Thread 0x00000000021ce000 Exception <a 'java/lang/NoSuchMethodError': Method sun.misc.Unsafe.prefetchRead(Ljava/lang/Object;J)V name or signature does not match> (0x00000000eab0d5a0) thrown at [D:\re\workspace\8-2-build-windows-amd64-cygwin\jdk8u40\3098\hotspot\src\share\vm\prims\j

Events (10 events):
Event: 3.708 loading class java/util/DualPivotQuicksort done
Event: 3.891 loading class java/util/TreeMap$EntrySet
Event: 3.891 loading class java/util/TreeMap$EntrySet done
Event: 3.899 loading class java/util/TreeMap$EntryIterator
Event: 3.899 loading class java/util/TreeMap$EntryIterator done
Event: 3.899 Executing VM operation: Deoptimize
Event: 3.937 Executing VM operation: Deoptimize done
Event: 4.096 Executing VM operation: ParallelGCFailedAllocation
Event: 4.341 Executing VM operation: ParallelGCFailedAllocation done
Event: 4.527 Executing VM operation: EnableBiasedLocking


Dynamic libraries:
0x000000013f6e0000 - 0x000000013f717000 	C:\Program Files\Java\jdk1.8.0_40\bin\java.exe
0x0000000077090000 - 0x000000007723a000 	C:\Windows\SYSTEM32\ntdll.dll
0x0000000076e70000 - 0x0000000076f8f000 	C:\Windows\system32\kernel32.dll
0x000007fefd150000 - 0x000007fefd1ba000 	C:\Windows\system32\KERNELBASE.dll
0x000007fefea10000 - 0x000007fefeaeb000 	C:\Windows\system32\ADVAPI32.dll
0x000007fefd450000 - 0x000007fefd4ef000 	C:\Windows\system32\msvcrt.dll
0x000007fefd4f0000 - 0x000007fefd50f000 	C:\Windows\SYSTEM32\sechost.dll
0x000007feff120000 - 0x000007feff24d000 	C:\Windows\system32\RPCRT4.dll
0x0000000076f90000 - 0x000000007708a000 	C:\Windows\system32\USER32.dll
0x000007fefd3e0000 - 0x000007fefd447000 	C:\Windows\system32\GDI32.dll
0x000007feff250000 - 0x000007feff25e000 	C:\Windows\system32\LPK.dll
0x000007fefeb70000 - 0x000007fefec3a000 	C:\Windows\system32\USP10.dll
0x000007fefb370000 - 0x000007fefb564000 	C:\Windows\WinSxS\amd64_microsoft.windows.common-controls_6595b64144ccf1df_6.0.7601.18837_none_fa3b1e3d17594757\COMCTL32.dll
0x000007feff0a0000 - 0x000007feff111000 	C:\Windows\system32\SHLWAPI.dll
0x000007fefd3b0000 - 0x000007fefd3de000 	C:\Windows\system32\IMM32.DLL
0x000007fefec40000 - 0x000007fefed49000 	C:\Windows\system32\MSCTF.dll
0x0000000064020000 - 0x00000000640f2000 	C:\Program Files\Java\jdk1.8.0_40\jre\bin\msvcr100.dll
0x0000000060220000 - 0x0000000060aa3000 	C:\Program Files\Java\jdk1.8.0_40\jre\bin\server\jvm.dll
0x000007fef1da0000 - 0x000007fef1da9000 	C:\Windows\system32\WSOCK32.dll
0x000007fefeff0000 - 0x000007feff03d000 	C:\Windows\system32\WS2_32.dll
0x000007fefef00000 - 0x000007fefef08000 	C:\Windows\system32\NSI.dll
0x000007fef7a50000 - 0x000007fef7a8b000 	C:\Windows\system32\WINMM.dll
0x000007fefbf00000 - 0x000007fefbf0c000 	C:\Windows\system32\VERSION.dll
0x0000000077260000 - 0x0000000077267000 	C:\Windows\system32\PSAPI.DLL
0x00000000748b0000 - 0x00000000748bf000 	C:\Program Files\Java\jdk1.8.0_40\jre\bin\verify.dll
0x0000000070e40000 - 0x0000000070e69000 	C:\Program Files\Java\jdk1.8.0_40\jre\bin\java.dll
0x00000000737a0000 - 0x00000000737b6000 	C:\Program Files\Java\jdk1.8.0_40\jre\bin\zip.dll
0x000007fefdc80000 - 0x000007fefea0c000 	C:\Windows\system32\SHELL32.dll
0x000007fefd510000 - 0x000007fefd713000 	C:\Windows\system32\ole32.dll
0x000007fefce20000 - 0x000007fefce2f000 	C:\Windows\system32\profapi.dll

VM Arguments:
jvm_args: -Djava.awt.headless=true -Xmx1024M -Dfile.encoding=windows-1252 -Duser.country=AR -Duser.language=es -Duser.variant 
java_command: com.android.dx.command.Main --dex --num-threads=4 --output C:\Users\Pato\Desktop\Tacheando\app\build\intermediates\pre-dexed\release\internal_impl-23.4.0_5bec543adfed076ba3bcaabee3d17efa304bdfca.jar C:\Users\Pato\Desktop\Tacheando\app\build\intermediates\exploded-aar\com.android.support\support-v4\23.4.0\jars\libs\internal_impl-23.4.0.jar
java_class_path (initial): C:\Users\Pato\AppData\Local\Android\sdk\build-tools\23.0.3\lib\dx.jar
Launcher Type: SUN_STANDARD

Environment Variables:
PATH=C:\ProgramData\Oracle\Java\javapath;C:\Windows\system32;C:\Windows;C:\Windows\System32\Wbem;C:\Windows\System32\WindowsPowerShell\v1.0\;C:\Program Files (x86)\Intel\OpenCL SDK\2.0\bin\x86;C:\Program Files (x86)\Intel\OpenCL SDK\2.0\bin\x64;C:\xampp\php;C:\Program Files (x86)\Skype\Phone\;C:\ProgramData\ComposerSetup\bin;C:\Program Files\Git\cmd;C:\Program Files\nodejs\;C:\Users\Pato\AppData\Roaming\Composer\vendor\bin;C:\Users\Pato\AppData\Roaming\npm
USERNAME=Pato
OS=Windows_NT
PROCESSOR_IDENTIFIER=Intel64 Family 6 Model 58 Stepping 9, GenuineIntel



---------------  S Y S T E M  ---------------

OS: Windows 7 , 64 bit Build 7601 (6.1.7601.23418)

CPU:total 4 (2 cores per cpu, 2 threads per core) family 6 model 58 stepping 9, cmov, cx8, fxsr, mmx, sse, sse2, sse3, ssse3, sse4.1, sse4.2, popcnt, avx, clmul, erms, ht, tsc, tscinvbit, tscinv

Memory: 4k page, physical 3374628k(194796k free), swap 5380640k(54300k free)

vm_info: Java HotSpot(TM) 64-Bit Server VM (25.40-b25) for windows-amd64 JRE (1.8.0_40-b26), built on Mar  7 2015 13:51:59 by "java_re" with MS VC++ 10.0 (VS2010)

time: Thu Jun 23 02:52:59 2016
elapsed time: 5 seconds (0d 0h 0m 5s)

