#
# There is insufficient memory for the Java Runtime Environment to continue.
# Native memory allocation (malloc) failed to allocate 1880736 bytes for Chunk::new
# Possible reasons:
#   The system is out of physical RAM or swap space
#   In 32 bit mode, the process size limit was hit
# Possible solutions:
#   Reduce memory load on the system
#   Increase physical memory or swap space
#   Check if swap backing store is full
#   Use 64 bit Java on a 64 bit OS
#   Decrease Java heap size (-Xmx/-Xms)
#   Decrease number of Java threads
#   Decrease Java thread stack sizes (-Xss)
#   Set larger code cache with -XX:ReservedCodeCacheSize=
# This output file may be truncated or incomplete.
#
#  Out of Memory Error (allocation.cpp:390), pid=6428, tid=4040
#
# JRE version: Java(TM) SE Runtime Environment (8.0_40-b26) (build 1.8.0_40-b26)
# Java VM: Java HotSpot(TM) 64-Bit Server VM (25.40-b25 mixed mode windows-amd64 compressed oops)
# Failed to write core dump. Minidumps are not enabled by default on client versions of Windows
#

---------------  T H R E A D  ---------------

Current thread (0x0000000055345800):  JavaThread "C2 CompilerThread0" daemon [_thread_in_native, id=4040, stack(0x0000000056bf0000,0x0000000056cf0000)]

Stack: [0x0000000056bf0000,0x0000000056cf0000]
Native frames: (J=compiled Java code, j=interpreted, Vv=VM code, C=native code)
V  [jvm.dll+0x32b47a]
V  [jvm.dll+0x2797f3]
V  [jvm.dll+0x27a489]
V  [jvm.dll+0x2717a5]
V  [jvm.dll+0xcb9a2]
V  [jvm.dll+0xcbe6c]
V  [jvm.dll+0x476ea2]
V  [jvm.dll+0x4b950f]
V  [jvm.dll+0x46bf81]
V  [jvm.dll+0x46ccbe]
V  [jvm.dll+0x4500d2]
V  [jvm.dll+0xa4312]
V  [jvm.dll+0xa4c4f]
V  [jvm.dll+0x241914]
V  [jvm.dll+0x29848a]
C  [msvcr100.dll+0x21d9f]
C  [msvcr100.dll+0x21e3b]
C  [kernel32.dll+0x159bd]
C  [ntdll.dll+0x2a2e1]


Current CompileTask:
C2:   7577 1517   !   4       com.android.dx.cf.cst.ConstantPoolParser::parse0 (731 bytes)


---------------  P R O C E S S  ---------------

Java Threads: ( => current thread )
  0x0000000057382800 JavaThread "pool-1-thread-4" [_thread_blocked, id=6444, stack(0x0000000058420000,0x0000000058520000)]
  0x0000000057380000 JavaThread "pool-1-thread-3" [_thread_blocked, id=1404, stack(0x00000000582b0000,0x00000000583b0000)]
  0x000000005737f000 JavaThread "pool-1-thread-2" [_thread_blocked, id=6244, stack(0x00000000580c0000,0x00000000581c0000)]
  0x000000005737b800 JavaThread "pool-2-thread-1" [_thread_blocked, id=2880, stack(0x0000000057f50000,0x0000000058050000)]
  0x0000000057377000 JavaThread "pool-1-thread-1" [_thread_blocked, id=6684, stack(0x0000000056680000,0x0000000056780000)]
  0x000000005534e800 JavaThread "Service Thread" daemon [_thread_blocked, id=7008, stack(0x0000000057520000,0x0000000057620000)]
  0x000000005534c000 JavaThread "C1 CompilerThread2" daemon [_thread_blocked, id=5208, stack(0x0000000056f50000,0x0000000057050000)]
  0x000000005534b000 JavaThread "C2 CompilerThread1" daemon [_thread_in_native, id=324, stack(0x0000000056da0000,0x0000000056ea0000)]
=>0x0000000055345800 JavaThread "C2 CompilerThread0" daemon [_thread_in_native, id=4040, stack(0x0000000056bf0000,0x0000000056cf0000)]
  0x0000000055341800 JavaThread "Attach Listener" daemon [_thread_blocked, id=6828, stack(0x0000000056a40000,0x0000000056b40000)]
  0x0000000055340000 JavaThread "Signal Dispatcher" daemon [_thread_blocked, id=356, stack(0x00000000567d0000,0x00000000568d0000)]
  0x00000000552e1800 JavaThread "Finalizer" daemon [_thread_blocked, id=3932, stack(0x0000000056570000,0x0000000056670000)]
  0x00000000552e0000 JavaThread "Reference Handler" daemon [_thread_blocked, id=2792, stack(0x00000000563f0000,0x00000000564f0000)]
  0x000000000211e000 JavaThread "main" [_thread_blocked, id=4492, stack(0x0000000002480000,0x0000000002580000)]

Other Threads:
  0x00000000552da800 VMThread [stack: 0x0000000056280000,0x0000000056380000] [id=1200]
  0x0000000057051000 WatcherThread [stack: 0x00000000568e0000,0x00000000569e0000] [id=3748]

VM state:not at safepoint (normal execution)

VM Mutex/Monitor currently owned by a thread: None

Heap:
 PSYoungGen      total 28672K, used 24074K [0x00000000eab00000, 0x00000000ec900000, 0x0000000100000000)
  eden space 26624K, 82% used [0x00000000eab00000,0x00000000ec085d20,0x00000000ec500000)
  from space 2048K, 99% used [0x00000000ec700000,0x00000000ec8fce68,0x00000000ec900000)
  to   space 2048K, 0% used [0x00000000ec500000,0x00000000ec500000,0x00000000ec700000)
 ParOldGen       total 35840K, used 3062K [0x00000000c0000000, 0x00000000c2300000, 0x00000000eab00000)
  object space 35840K, 8% used [0x00000000c0000000,0x00000000c02fd978,0x00000000c2300000)
 Metaspace       used 6093K, capacity 7024K, committed 7296K, reserved 1056768K
  class space    used 587K, capacity 616K, committed 640K, reserved 1048576K

Card table byte_map: [0x0000000011c10000,0x0000000011e20000] byte_map_base: 0x0000000011610000

Marking Bits: (ParMarkBitMap*) 0x0000000060a24040
 Begin Bits: [0x0000000012750000, 0x0000000013750000)
 End Bits:   [0x0000000013750000, 0x0000000014750000)

Polling page: 0x0000000000540000

CodeCache: size=245760Kb used=6298Kb max_used=6321Kb free=239461Kb
 bounds [0x0000000002850000, 0x0000000002e90000, 0x0000000011850000]
 total_blobs=1795 nmethods=1527 adapters=181
 compilation: enabled

Compilation events (10 events):
Event: 7.384 Thread 0x000000005534c000 1528       3       java.lang.String::<init> (15 bytes)
Event: 7.385 Thread 0x000000005534c000 nmethod 1528 0x0000000002e687d0 code [0x0000000002e68960, 0x0000000002e68d48]
Event: 7.387 Thread 0x000000005534c000 1530       3       com.android.dx.rop.cst.CstNat::equals (48 bytes)
Event: 7.388 Thread 0x000000005534c000 nmethod 1530 0x0000000002e68f10 code [0x0000000002e690e0, 0x0000000002e69ab8]
Event: 7.396 Thread 0x000000005534c000 1531  s    3       com.android.dx.dex.file.FieldIdsSection::intern (55 bytes)
Event: 7.397 Thread 0x000000005534c000 nmethod 1531 0x0000000002e69d50 code [0x0000000002e69f80, 0x0000000002e6ac68]
Event: 7.397 Thread 0x000000005534c000 1532       3       com.android.dx.rop.cst.CstInterfaceMethodRef::toMethodRef (31 bytes)
Event: 7.398 Thread 0x000000005534c000 nmethod 1532 0x0000000002e6b390 code [0x0000000002e6b520, 0x0000000002e6bb78]
Event: 7.514 Thread 0x000000005534b000 nmethod 1455 0x0000000002e739d0 code [0x0000000002e73e80, 0x0000000002e78c80]
Event: 7.515 Thread 0x000000005534b000 1529       4       com.android.dx.ssa.SsaMethod::computeReachability (131 bytes)

GC Heap History (4 events):
Event: 2.635 GC heap before
{Heap before GC invocations=1 (full 0):
 PSYoungGen      total 15360K, used 13312K [0x00000000eab00000, 0x00000000ebc00000, 0x0000000100000000)
  eden space 13312K, 100% used [0x00000000eab00000,0x00000000eb800000,0x00000000eb800000)
  from space 2048K, 0% used [0x00000000eba00000,0x00000000eba00000,0x00000000ebc00000)
  to   space 2048K, 0% used [0x00000000eb800000,0x00000000eb800000,0x00000000eba00000)
 ParOldGen       total 35840K, used 0K [0x00000000c0000000, 0x00000000c2300000, 0x00000000eab00000)
  object space 35840K, 0% used [0x00000000c0000000,0x00000000c0000000,0x00000000c2300000)
 Metaspace       used 5447K, capacity 6448K, committed 6528K, reserved 1056768K
  class space    used 582K, capacity 616K, committed 640K, reserved 1048576K
Event: 2.706 GC heap after
Heap after GC invocations=1 (full 0):
 PSYoungGen      total 15360K, used 2047K [0x00000000eab00000, 0x00000000ec900000, 0x0000000100000000)
  eden space 13312K, 0% used [0x00000000eab00000,0x00000000eab00000,0x00000000eb800000)
  from space 2048K, 99% used [0x00000000eb800000,0x00000000eb9ffc68,0x00000000eba00000)
  to   space 2048K, 0% used [0x00000000ec700000,0x00000000ec700000,0x00000000ec900000)
 ParOldGen       total 35840K, used 1289K [0x00000000c0000000, 0x00000000c2300000, 0x00000000eab00000)
  object space 35840K, 3% used [0x00000000c0000000,0x00000000c0142648,0x00000000c2300000)
 Metaspace       used 5447K, capacity 6448K, committed 6528K, reserved 1056768K
  class space    used 582K, capacity 616K, committed 640K, reserved 1048576K
}
Event: 4.013 GC heap before
{Heap before GC invocations=2 (full 0):
 PSYoungGen      total 15360K, used 15359K [0x00000000eab00000, 0x00000000ec900000, 0x0000000100000000)
  eden space 13312K, 100% used [0x00000000eab00000,0x00000000eb800000,0x00000000eb800000)
  from space 2048K, 99% used [0x00000000eb800000,0x00000000eb9ffc68,0x00000000eba00000)
  to   space 2048K, 0% used [0x00000000ec700000,0x00000000ec700000,0x00000000ec900000)
 ParOldGen       total 35840K, used 1289K [0x00000000c0000000, 0x00000000c2300000, 0x00000000eab00000)
  object space 35840K, 3% used [0x00000000c0000000,0x00000000c0142648,0x00000000c2300000)
 Metaspace       used 5823K, capacity 6768K, committed 7040K, reserved 1056768K
  class space    used 586K, capacity 616K, committed 640K, reserved 1048576K
Event: 4.131 GC heap after
Heap after GC invocations=2 (full 0):
 PSYoungGen      total 28672K, used 2035K [0x00000000eab00000, 0x00000000ec900000, 0x0000000100000000)
  eden space 26624K, 0% used [0x00000000eab00000,0x00000000eab00000,0x00000000ec500000)
  from space 2048K, 99% used [0x00000000ec700000,0x00000000ec8fce68,0x00000000ec900000)
  to   space 2048K, 0% used [0x00000000ec500000,0x00000000ec500000,0x00000000ec700000)
 ParOldGen       total 35840K, used 3062K [0x00000000c0000000, 0x00000000c2300000, 0x00000000eab00000)
  object space 35840K, 8% used [0x00000000c0000000,0x00000000c02fd978,0x00000000c2300000)
 Metaspace       used 5823K, capacity 6768K, committed 7040K, reserved 1056768K
  class space    used 586K, capacity 616K, committed 640K, reserved 1048576K
}

Deoptimization events (10 events):
Event: 4.632 Thread 0x0000000057377000 Uncommon trap: reason=unstable_if action=reinterpret pc=0x0000000002ca8510 method=com.android.dx.ssa.SCCP.simulateStmt(Lcom/android/dx/ssa/SsaInsn;)V @ 53
Event: 5.450 Thread 0x0000000057380000 Uncommon trap: reason=class_check action=maybe_recompile pc=0x0000000002c8ff0c method=com.android.dx.ssa.SCCP.setLatticeValueTo(IILcom/android/dx/rop/cst/Constant;)Z @ 43
Event: 5.450 Thread 0x0000000057380000 Uncommon trap: reason=class_check action=maybe_recompile pc=0x0000000002c8ff0c method=com.android.dx.ssa.SCCP.setLatticeValueTo(IILcom/android/dx/rop/cst/Constant;)Z @ 43
Event: 5.450 Thread 0x0000000057380000 Uncommon trap: reason=class_check action=maybe_recompile pc=0x0000000002c8ff0c method=com.android.dx.ssa.SCCP.setLatticeValueTo(IILcom/android/dx/rop/cst/Constant;)Z @ 43
Event: 5.627 Thread 0x0000000057382800 Uncommon trap: reason=class_check action=maybe_recompile pc=0x0000000002d67c9c method=com.android.dx.ssa.SCCP.simulateBranch(Lcom/android/dx/ssa/SsaInsn;)V @ 145
Event: 6.839 Thread 0x0000000057380000 Uncommon trap: reason=null_assert action=make_not_entrant pc=0x0000000002e0ca00 method=com.android.dx.cf.code.RopperMachine.run(Lcom/android/dx/cf/code/Frame;II)V @ 1112
Event: 7.128 Thread 0x0000000057380000 Uncommon trap: reason=bimorphic action=maybe_recompile pc=0x0000000002d040e0 method=com.android.dx.cf.code.BytecodeArray.parseInstruction(ILcom/android/dx/cf/code/BytecodeArray$Visitor;)I @ 2281
Event: 7.128 Thread 0x0000000057380000 Uncommon trap: reason=bimorphic action=maybe_recompile pc=0x0000000002d040e0 method=com.android.dx.cf.code.BytecodeArray.parseInstruction(ILcom/android/dx/cf/code/BytecodeArray$Visitor;)I @ 2281
Event: 7.178 Thread 0x0000000057380000 Uncommon trap: reason=class_check action=maybe_recompile pc=0x0000000002d67c9c method=com.android.dx.ssa.SCCP.simulateBranch(Lcom/android/dx/ssa/SsaInsn;)V @ 145
Event: 7.376 Thread 0x0000000057380000 Uncommon trap: reason=unstable_if action=reinterpret pc=0x0000000002da09f0 method=com.android.dx.ssa.MoveParamCombiner$1.visitNonMoveInsn(Lcom/android/dx/ssa/NormalSsaInsn;)V @ 27

Internal exceptions (2 events):
Event: 0.998 Thread 0x000000000211e000 Exception <a 'java/lang/NoSuchMethodError': Method sun.misc.Unsafe.defineClass(Ljava/lang/String;[BII)Ljava/lang/Class; name or signature does not match> (0x00000000eab0d4a8) thrown at [D:\re\workspace\8-2-build-windows-amd64-cygwin\jdk8u40\3098\hotspot\srPîŒÍíï?
Event: 0.998 Thread 0x000000000211e000 Exception <a 'java/lang/NoSuchMethodError': Method sun.misc.Unsafe.prefetchRead(Ljava/lang/Object;J)V name or signature does not match> (0x00000000eab0d738) thrown at [D:\re\workspace\8-2-build-windows-amd64-cygwin\jdk8u40\3098\hotspot\src\share\vm\prims\j

Events (10 events):
Event: 7.171 Thread 0x0000000057380000 DEOPT PACKING pc=0x0000000002bf57de sp=0x00000000583ae800
Event: 7.171 Thread 0x0000000057380000 DEOPT UNPACKING pc=0x000000000289787f sp=0x00000000583ae568 mode 0
Event: 7.178 Thread 0x0000000057380000 Uncommon trap: trap_request=0xffffffde fr.pc=0x0000000002d67c9c
Event: 7.178 Thread 0x0000000057380000 DEOPT PACKING pc=0x0000000002d67c9c sp=0x00000000583ae7c0
Event: 7.178 Thread 0x0000000057380000 DEOPT UNPACKING pc=0x000000000289582a sp=0x00000000583ae788 mode 2
Event: 7.376 Thread 0x0000000057380000 Uncommon trap: trap_request=0xffffff65 fr.pc=0x0000000002da09f0
Event: 7.376 Thread 0x0000000057380000 DEOPT PACKING pc=0x0000000002da09f0 sp=0x00000000583ae920
Event: 7.376 Thread 0x0000000057380000 DEOPT UNPACKING pc=0x000000000289582a sp=0x00000000583ae878 mode 2
Event: 7.386 Thread 0x0000000057380000 DEOPT PACKING pc=0x0000000002b2da39 sp=0x00000000583ae790
Event: 7.386 Thread 0x0000000057380000 DEOPT UNPACKING pc=0x000000000289787f sp=0x00000000583ae558 mode 0


Dynamic libraries:
0x000000013f6e0000 - 0x000000013f717000 	C:\Program Files\Java\jdk1.8.0_40\bin\java.exe
0x0000000077090000 - 0x000000007723a000 	C:\Windows\SYSTEM32\ntdll.dll
0x0000000076e70000 - 0x0000000076f8f000 	C:\Windows\system32\kernel32.dll
0x000007fefd150000 - 0x000007fefd1ba000 	C:\Windows\system32\KERNELBASE.dll
0x000007fefea10000 - 0x000007fefeaeb000 	C:\Windows\system32\ADVAPI32.dll
0x000007fefd450000 - 0x000007fefd4ef000 	C:\Windows\system32\msvcrt.dll
0x000007fefd4f0000 - 0x000007fefd50f000 	C:\Windows\SYSTEM32\sechost.dll
0x000007feff120000 - 0x000007feff24d000 	C:\Windows\system32\RPCRT4.dll
0x0000000076f90000 - 0x000000007708a000 	C:\Windows\system32\USER32.dll
0x000007fefd3e0000 - 0x000007fefd447000 	C:\Windows\system32\GDI32.dll
0x000007feff250000 - 0x000007feff25e000 	C:\Windows\system32\LPK.dll
0x000007fefeb70000 - 0x000007fefec3a000 	C:\Windows\system32\USP10.dll
0x000007fefb370000 - 0x000007fefb564000 	C:\Windows\WinSxS\amd64_microsoft.windows.common-controls_6595b64144ccf1df_6.0.7601.18837_none_fa3b1e3d17594757\COMCTL32.dll
0x000007feff0a0000 - 0x000007feff111000 	C:\Windows\system32\SHLWAPI.dll
0x000007fefd3b0000 - 0x000007fefd3de000 	C:\Windows\system32\IMM32.DLL
0x000007fefec40000 - 0x000007fefed49000 	C:\Windows\system32\MSCTF.dll
0x0000000064020000 - 0x00000000640f2000 	C:\Program Files\Java\jdk1.8.0_40\jre\bin\msvcr100.dll
0x0000000060220000 - 0x0000000060aa3000 	C:\Program Files\Java\jdk1.8.0_40\jre\bin\server\jvm.dll
0x000007fef1da0000 - 0x000007fef1da9000 	C:\Windows\system32\WSOCK32.dll
0x000007fefeff0000 - 0x000007feff03d000 	C:\Windows\system32\WS2_32.dll
0x000007fefef00000 - 0x000007fefef08000 	C:\Windows\system32\NSI.dll
0x000007fef7a50000 - 0x000007fef7a8b000 	C:\Windows\system32\WINMM.dll
0x000007fefbf00000 - 0x000007fefbf0c000 	C:\Windows\system32\VERSION.dll
0x0000000077260000 - 0x0000000077267000 	C:\Windows\system32\PSAPI.DLL
0x00000000748b0000 - 0x00000000748bf000 	C:\Program Files\Java\jdk1.8.0_40\jre\bin\verify.dll
0x0000000070e40000 - 0x0000000070e69000 	C:\Program Files\Java\jdk1.8.0_40\jre\bin\java.dll
0x00000000737a0000 - 0x00000000737b6000 	C:\Program Files\Java\jdk1.8.0_40\jre\bin\zip.dll
0x000007fefdc80000 - 0x000007fefea0c000 	C:\Windows\system32\SHELL32.dll
0x000007fefd510000 - 0x000007fefd713000 	C:\Windows\system32\ole32.dll
0x000007fefce20000 - 0x000007fefce2f000 	C:\Windows\system32\profapi.dll
0x000007fef3960000 - 0x000007fef3a85000 	C:\Windows\system32\dbghelp.dll

VM Arguments:
jvm_args: -Djava.awt.headless=true -Xmx1024M -Dfile.encoding=windows-1252 -Duser.country=AR -Duser.language=es -Duser.variant 
java_command: com.android.dx.command.Main --dex --num-threads=4 --output C:\Users\Pato\Desktop\Tacheando\app\build\intermediates\pre-dexed\release\com.google.firebase-firebase-database-9.0.2_f29fbcb65fcffb8f8aea24a3547f6c512b8dae6a.jar C:\Users\Pato\Desktop\Tacheando\app\build\intermediates\exploded-aar\com.google.firebase\firebase-database\9.0.2\jars\classes.jar
java_class_path (initial): C:\Users\Pato\AppData\Local\Android\sdk\build-tools\23.0.3\lib\dx.jar
Launcher Type: SUN_STANDARD

Environment Variables:
PATH=C:\ProgramData\Oracle\Java\javapath;C:\Windows\system32;C:\Windows;C:\Windows\System32\Wbem;C:\Windows\System32\WindowsPowerShell\v1.0\;C:\Program Files (x86)\Intel\OpenCL SDK\2.0\bin\x86;C:\Program Files (x86)\Intel\OpenCL SDK\2.0\bin\x64;C:\xampp\php;C:\Program Files (x86)\Skype\Phone\;C:\ProgramData\ComposerSetup\bin;C:\Program Files\Git\cmd;C:\Program Files\nodejs\;C:\Users\Pato\AppData\Roaming\Composer\vendor\bin;C:\Users\Pato\AppData\Roaming\npm
USERNAME=Pato
OS=Windows_NT
PROCESSOR_IDENTIFIER=Intel64 Family 6 Model 58 Stepping 9, GenuineIntel



---------------  S Y S T E M  ---------------

OS: Windows 7 , 64 bit Build 7601 (6.1.7601.23418)

CPU:total 4 (2 cores per cpu, 2 threads per core) family 6 model 58 stepping 9, cmov, cx8, fxsr, mmx, sse, sse2, sse3, ssse3, sse4.1, sse4.2, popcnt, avx, clmul, erms, ht, tsc, tscinvbit, tscinv

Memory: 4k page, physical 3374628k(101164k free), swap 5496116k(5124k free)

vm_info: Java HotSpot(TM) 64-Bit Server VM (25.40-b25) for windows-amd64 JRE (1.8.0_40-b26), built on Mar  7 2015 13:51:59 by "java_re" with MS VC++ 10.0 (VS2010)

time: Thu Jun 23 02:53:30 2016
elapsed time: 7 seconds (0d 0h 0m 7s)

