#
# There is insufficient memory for the Java Runtime Environment to continue.
# Native memory allocation (malloc) failed to allocate 1438736 bytes for Chunk::new
# Possible reasons:
#   The system is out of physical RAM or swap space
#   In 32 bit mode, the process size limit was hit
# Possible solutions:
#   Reduce memory load on the system
#   Increase physical memory or swap space
#   Check if swap backing store is full
#   Use 64 bit Java on a 64 bit OS
#   Decrease Java heap size (-Xmx/-Xms)
#   Decrease number of Java threads
#   Decrease Java thread stack sizes (-Xss)
#   Set larger code cache with -XX:ReservedCodeCacheSize=
# This output file may be truncated or incomplete.
#
#  Out of Memory Error (allocation.cpp:390), pid=6904, tid=2668
#
# JRE version: Java(TM) SE Runtime Environment (8.0_40-b26) (build 1.8.0_40-b26)
# Java VM: Java HotSpot(TM) 64-Bit Server VM (25.40-b25 mixed mode windows-amd64 compressed oops)
# Failed to write core dump. Minidumps are not enabled by default on client versions of Windows
#

---------------  T H R E A D  ---------------

Current thread (0x0000000055345800):  JavaThread "C2 CompilerThread1" daemon [_thread_in_native, id=2668, stack(0x0000000056ba0000,0x0000000056ca0000)]

Stack: [0x0000000056ba0000,0x0000000056ca0000]
Native frames: (J=compiled Java code, j=interpreted, Vv=VM code, C=native code)
V  [jvm.dll+0x32b47a]
V  [jvm.dll+0x2797f3]
V  [jvm.dll+0x27a489]
V  [jvm.dll+0x2717a5]
V  [jvm.dll+0xcb9a2]
V  [jvm.dll+0xcbe6c]
V  [jvm.dll+0x476ea2]
V  [jvm.dll+0x4b950f]
V  [jvm.dll+0x46bf81]
V  [jvm.dll+0x46ccbe]
V  [jvm.dll+0x4500d2]
V  [jvm.dll+0xa4312]
V  [jvm.dll+0xa4c4f]
V  [jvm.dll+0x241914]
V  [jvm.dll+0x29848a]
C  [msvcr100.dll+0x21d9f]
C  [msvcr100.dll+0x21e3b]
C  [kernel32.dll+0x159bd]
C  [ntdll.dll+0x2a2e1]


Current CompileTask:
C2:  10640 2133   !   4       com.android.dx.cf.code.Ropper::processBlock (1101 bytes)


---------------  P R O C E S S  ---------------

Java Threads: ( => current thread )
  0x0000000056f68000 JavaThread "pool-1-thread-4" [_thread_blocked, id=3584, stack(0x0000000058180000,0x0000000058280000)]
  0x0000000056f53800 JavaThread "pool-1-thread-3" [_thread_blocked, id=5588, stack(0x0000000058010000,0x0000000058110000)]
  0x0000000056f9e800 JavaThread "pool-1-thread-2" [_thread_blocked, id=7064, stack(0x0000000057da0000,0x0000000057ea0000)]
  0x00000000573a5800 JavaThread "pool-2-thread-1" [_thread_blocked, id=5492, stack(0x0000000057ea0000,0x0000000057fa0000)]
  0x00000000573aa800 JavaThread "pool-1-thread-1" [_thread_blocked, id=4844, stack(0x0000000057c40000,0x0000000057d40000)]
  0x0000000056d29000 JavaThread "Service Thread" daemon [_thread_blocked, id=6392, stack(0x00000000570e0000,0x00000000571e0000)]
  0x0000000055347000 JavaThread "C1 CompilerThread2" daemon [_thread_blocked, id=2776, stack(0x0000000056aa0000,0x0000000056ba0000)]
=>0x0000000055345800 JavaThread "C2 CompilerThread1" daemon [_thread_in_native, id=2668, stack(0x0000000056ba0000,0x0000000056ca0000)]
  0x0000000055341800 JavaThread "C2 CompilerThread0" daemon [_thread_in_native, id=3688, stack(0x0000000056960000,0x0000000056a60000)]
  0x000000005534f000 JavaThread "Attach Listener" daemon [_thread_blocked, id=6508, stack(0x0000000056820000,0x0000000056920000)]
  0x000000005534d800 JavaThread "Signal Dispatcher" daemon [_thread_blocked, id=5428, stack(0x0000000056660000,0x0000000056760000)]
  0x00000000552e1000 JavaThread "Finalizer" daemon [_thread_blocked, id=4868, stack(0x0000000056520000,0x0000000056620000)]
  0x00000000552df800 JavaThread "Reference Handler" daemon [_thread_blocked, id=5816, stack(0x00000000562d0000,0x00000000563d0000)]
  0x00000000022be000 JavaThread "main" [_thread_blocked, id=6240, stack(0x0000000002370000,0x0000000002470000)]

Other Threads:
  0x00000000552da000 VMThread [stack: 0x00000000560c0000,0x00000000561c0000] [id=6276]
  0x0000000056d2b000 WatcherThread [stack: 0x0000000057260000,0x0000000057360000] [id=5788]

VM state:not at safepoint (normal execution)

VM Mutex/Monitor currently owned by a thread: None

Heap:
 PSYoungGen      total 117248K, used 115036K [0x00000000eab00000, 0x00000000f2e00000, 0x0000000100000000)
  eden space 104960K, 99% used [0x00000000eab00000,0x00000000f112ded0,0x00000000f1180000)
  from space 12288K, 84% used [0x00000000f1f00000,0x00000000f2929430,0x00000000f2b00000)
  to   space 13824K, 0% used [0x00000000f1180000,0x00000000f1180000,0x00000000f1f00000)
 ParOldGen       total 35840K, used 18535K [0x00000000c0000000, 0x00000000c2300000, 0x00000000eab00000)
  object space 35840K, 51% used [0x00000000c0000000,0x00000000c1219ef0,0x00000000c2300000)
 Metaspace       used 6429K, capacity 7256K, committed 7424K, reserved 1056768K
  class space    used 615K, capacity 656K, committed 768K, reserved 1048576K

Card table byte_map: [0x0000000011bc0000,0x0000000011dd0000] byte_map_base: 0x00000000115c0000

Marking Bits: (ParMarkBitMap*) 0x0000000060a24040
 Begin Bits: [0x0000000012750000, 0x0000000013750000)
 End Bits:   [0x0000000013750000, 0x0000000014750000)

Polling page: 0x0000000000140000

CodeCache: size=245760Kb used=9020Kb max_used=9047Kb free=236739Kb
 bounds [0x0000000002800000, 0x00000000030f0000, 0x0000000011800000]
 total_blobs=2343 nmethods=2073 adapters=182
 compilation: enabled

Compilation events (10 events):
Event: 10.142 Thread 0x0000000055341800 nmethod 2121 0x00000000030cb190 code [0x00000000030cc960, 0x00000000030d66a0]
Event: 10.240 Thread 0x0000000055341800 2139   !   4       com.android.dx.cf.code.BaseMachine::result (36 bytes)
Event: 10.241 Thread 0x0000000055341800 nmethod 2139 0x000000000308ec10 code [0x000000000308ed40, 0x000000000308edd8]
Event: 10.242 Thread 0x0000000055341800 2140       4       com.android.dx.ssa.SsaBasicBlock::getRopLabelSuccessorList (57 bytes)
Event: 10.259 Thread 0x0000000055341800 nmethod 2140 0x000000000307e8d0 code [0x000000000307ea60, 0x000000000307f2b8]
Event: 10.259 Thread 0x0000000055341800 2143       4       com.android.dx.cf.code.BaseMachine::popArgs (62 bytes)
Event: 10.267 Thread 0x0000000055341800 nmethod 2143 0x00000000030a9b50 code [0x00000000030a9cc0, 0x00000000030aa118]
Event: 10.267 Thread 0x0000000055341800 2146       4       com.android.dx.ssa.SCCP::simulatePhiBlock (50 bytes)
Event: 10.273 Thread 0x0000000055341800 nmethod 2146 0x00000000030a9490 code [0x00000000030a95e0, 0x00000000030a9828]
Event: 10.273 Thread 0x0000000055341800 2142       4       com.android.dx.ssa.back.SsaToRop::convertBasicBlock (126 bytes)

GC Heap History (10 events):
Event: 1.016 GC heap before
{Heap before GC invocations=2 (full 0):
 PSYoungGen      total 15360K, used 14285K [0x00000000eab00000, 0x00000000ec900000, 0x0000000100000000)
  eden space 13312K, 100% used [0x00000000eab00000,0x00000000eb800000,0x00000000eb800000)
  from space 2048K, 47% used [0x00000000eb800000,0x00000000eb8f3650,0x00000000eba00000)
  to   space 2048K, 0% used [0x00000000ec700000,0x00000000ec700000,0x00000000ec900000)
 ParOldGen       total 35840K, used 0K [0x00000000c0000000, 0x00000000c2300000, 0x00000000eab00000)
  object space 35840K, 0% used [0x00000000c0000000,0x00000000c0000000,0x00000000c2300000)
 Metaspace       used 5701K, capacity 6704K, committed 6784K, reserved 1056768K
  class space    used 591K, capacity 616K, committed 640K, reserved 1048576K
Event: 1.128 GC heap after
Heap after GC invocations=2 (full 0):
 PSYoungGen      total 28672K, used 2026K [0x00000000eab00000, 0x00000000ec900000, 0x0000000100000000)
  eden space 26624K, 0% used [0x00000000eab00000,0x00000000eab00000,0x00000000ec500000)
  from space 2048K, 98% used [0x00000000ec700000,0x00000000ec8faa90,0x00000000ec900000)
  to   space 2048K, 0% used [0x00000000ec500000,0x00000000ec500000,0x00000000ec700000)
 ParOldGen       total 35840K, used 1741K [0x00000000c0000000, 0x00000000c2300000, 0x00000000eab00000)
  object space 35840K, 4% used [0x00000000c0000000,0x00000000c01b3738,0x00000000c2300000)
 Metaspace       used 5701K, capacity 6704K, committed 6784K, reserved 1056768K
  class space    used 591K, capacity 616K, committed 640K, reserved 1048576K
}
Event: 1.890 GC heap before
{Heap before GC invocations=3 (full 0):
 PSYoungGen      total 28672K, used 28650K [0x00000000eab00000, 0x00000000ec900000, 0x0000000100000000)
  eden space 26624K, 100% used [0x00000000eab00000,0x00000000ec500000,0x00000000ec500000)
  from space 2048K, 98% used [0x00000000ec700000,0x00000000ec8faa90,0x00000000ec900000)
  to   space 2048K, 0% used [0x00000000ec500000,0x00000000ec500000,0x00000000ec700000)
 ParOldGen       total 35840K, used 1741K [0x00000000c0000000, 0x00000000c2300000, 0x00000000eab00000)
  object space 35840K, 4% used [0x00000000c0000000,0x00000000c01b3738,0x00000000c2300000)
 Metaspace       used 6099K, capacity 7024K, committed 7296K, reserved 1056768K
  class space    used 593K, capacity 616K, committed 640K, reserved 1048576K
Event: 1.904 GC heap after
Heap after GC invocations=3 (full 0):
 PSYoungGen      total 28672K, used 2047K [0x00000000eab00000, 0x00000000ee300000, 0x0000000100000000)
  eden space 26624K, 0% used [0x00000000eab00000,0x00000000eab00000,0x00000000ec500000)
  from space 2048K, 99% used [0x00000000ec500000,0x00000000ec6ffe60,0x00000000ec700000)
  to   space 2048K, 0% used [0x00000000ee100000,0x00000000ee100000,0x00000000ee300000)
 ParOldGen       total 35840K, used 6476K [0x00000000c0000000, 0x00000000c2300000, 0x00000000eab00000)
  object space 35840K, 18% used [0x00000000c0000000,0x00000000c0653208,0x00000000c2300000)
 Metaspace       used 6099K, capacity 7024K, committed 7296K, reserved 1056768K
  class space    used 593K, capacity 616K, committed 640K, reserved 1048576K
}
Event: 2.097 GC heap before
{Heap before GC invocations=4 (full 0):
 PSYoungGen      total 28672K, used 28671K [0x00000000eab00000, 0x00000000ee300000, 0x0000000100000000)
  eden space 26624K, 100% used [0x00000000eab00000,0x00000000ec500000,0x00000000ec500000)
  from space 2048K, 99% used [0x00000000ec500000,0x00000000ec6ffe60,0x00000000ec700000)
  to   space 2048K, 0% used [0x00000000ee100000,0x00000000ee100000,0x00000000ee300000)
 ParOldGen       total 35840K, used 6476K [0x00000000c0000000, 0x00000000c2300000, 0x00000000eab00000)
  object space 35840K, 18% used [0x00000000c0000000,0x00000000c0653208,0x00000000c2300000)
 Metaspace       used 6116K, capacity 7024K, committed 7296K, reserved 1056768K
  class space    used 594K, capacity 616K, committed 640K, reserved 1048576K
Event: 2.132 GC heap after
Heap after GC invocations=4 (full 0):
 PSYoungGen      total 55296K, used 2017K [0x00000000eab00000, 0x00000000ee300000, 0x0000000100000000)
  eden space 53248K, 0% used [0x00000000eab00000,0x00000000eab00000,0x00000000edf00000)
  from space 2048K, 98% used [0x00000000ee100000,0x00000000ee2f85b0,0x00000000ee300000)
  to   space 2048K, 0% used [0x00000000edf00000,0x00000000edf00000,0x00000000ee100000)
 ParOldGen       total 35840K, used 10355K [0x00000000c0000000, 0x00000000c2300000, 0x00000000eab00000)
  object space 35840K, 28% used [0x00000000c0000000,0x00000000c0a1cfa8,0x00000000c2300000)
 Metaspace       used 6116K, capacity 7024K, committed 7296K, reserved 1056768K
  class space    used 594K, capacity 616K, committed 640K, reserved 1048576K
}
Event: 2.542 GC heap before
{Heap before GC invocations=5 (full 0):
 PSYoungGen      total 55296K, used 55265K [0x00000000eab00000, 0x00000000ee300000, 0x0000000100000000)
  eden space 53248K, 100% used [0x00000000eab00000,0x00000000edf00000,0x00000000edf00000)
  from space 2048K, 98% used [0x00000000ee100000,0x00000000ee2f85b0,0x00000000ee300000)
  to   space 2048K, 0% used [0x00000000edf00000,0x00000000edf00000,0x00000000ee100000)
 ParOldGen       total 35840K, used 10355K [0x00000000c0000000, 0x00000000c2300000, 0x00000000eab00000)
  object space 35840K, 28% used [0x00000000c0000000,0x00000000c0a1cfa8,0x00000000c2300000)
 Metaspace       used 6224K, capacity 7152K, committed 7296K, reserved 1056768K
  class space    used 594K, capacity 616K, committed 640K, reserved 1048576K
Event: 2.571 GC heap after
Heap after GC invocations=5 (full 0):
 PSYoungGen      total 55296K, used 2017K [0x00000000eab00000, 0x00000000f2b00000, 0x0000000100000000)
  eden space 53248K, 0% used [0x00000000eab00000,0x00000000eab00000,0x00000000edf00000)
  from space 2048K, 98% used [0x00000000edf00000,0x00000000ee0f85b0,0x00000000ee100000)
  to   space 12288K, 0% used [0x00000000f1f00000,0x00000000f1f00000,0x00000000f2b00000)
 ParOldGen       total 35840K, used 18535K [0x00000000c0000000, 0x00000000c2300000, 0x00000000eab00000)
  object space 35840K, 51% used [0x00000000c0000000,0x00000000c1219ef0,0x00000000c2300000)
 Metaspace       used 6224K, capacity 7152K, committed 7296K, reserved 1056768K
  class space    used 594K, capacity 616K, committed 640K, reserved 1048576K
}
Event: 2.946 GC heap before
{Heap before GC invocations=6 (full 0):
 PSYoungGen      total 55296K, used 55265K [0x00000000eab00000, 0x00000000f2b00000, 0x0000000100000000)
  eden space 53248K, 100% used [0x00000000eab00000,0x00000000edf00000,0x00000000edf00000)
  from space 2048K, 98% used [0x00000000edf00000,0x00000000ee0f85b0,0x00000000ee100000)
  to   space 12288K, 0% used [0x00000000f1f00000,0x00000000f1f00000,0x00000000f2b00000)
 ParOldGen       total 35840K, used 18535K [0x00000000c0000000, 0x00000000c2300000, 0x00000000eab00000)
  object space 35840K, 51% used [0x00000000c0000000,0x00000000c1219ef0,0x00000000c2300000)
 Metaspace       used 6284K, capacity 7152K, committed 7296K, reserved 1056768K
  class space    used 594K, capacity 616K, committed 640K, reserved 1048576K
Event: 3.012 GC heap after
Heap after GC invocations=6 (full 0):
 PSYoungGen      total 117248K, used 10405K [0x00000000eab00000, 0x00000000f2e00000, 0x0000000100000000)
  eden space 104960K, 0% used [0x00000000eab00000,0x00000000eab00000,0x00000000f1180000)
  from space 12288K, 84% used [0x00000000f1f00000,0x00000000f2929430,0x00000000f2b00000)
  to   space 13824K, 0% used [0x00000000f1180000,0x00000000f1180000,0x00000000f1f00000)
 ParOldGen       total 35840K, used 18535K [0x00000000c0000000, 0x00000000c2300000, 0x00000000eab00000)
  object space 35840K, 51% used [0x00000000c0000000,0x00000000c1219ef0,0x00000000c2300000)
 Metaspace       used 6284K, capacity 7152K, committed 7296K, reserved 1056768K
  class space    used 594K, capacity 616K, committed 640K, reserved 1048576K
}

Deoptimization events (10 events):
Event: 3.280 Thread 0x0000000056f53800 Uncommon trap: reason=bimorphic action=maybe_recompile pc=0x0000000002ef6b48 method=com.android.dx.rop.code.RegisterSpec.withSimpleType()Lcom/android/dx/rop/code/RegisterSpec; @ 21
Event: 3.280 Thread 0x0000000056f53800 Uncommon trap: reason=bimorphic action=maybe_recompile pc=0x0000000002ef6b48 method=com.android.dx.rop.code.RegisterSpec.withSimpleType()Lcom/android/dx/rop/code/RegisterSpec; @ 21
Event: 3.280 Thread 0x0000000056f53800 Uncommon trap: reason=bimorphic action=maybe_recompile pc=0x0000000002ef6b48 method=com.android.dx.rop.code.RegisterSpec.withSimpleType()Lcom/android/dx/rop/code/RegisterSpec; @ 21
Event: 3.280 Thread 0x0000000056f53800 Uncommon trap: reason=bimorphic action=maybe_recompile pc=0x0000000002ef6b48 method=com.android.dx.rop.code.RegisterSpec.withSimpleType()Lcom/android/dx/rop/code/RegisterSpec; @ 21
Event: 5.797 Thread 0x0000000056f9e800 Uncommon trap: reason=bimorphic action=maybe_recompile pc=0x0000000002f2c194 method=com.android.dx.cf.code.BytecodeArray.parseInstruction(ILcom/android/dx/cf/code/BytecodeArray$Visitor;)I @ 1161
Event: 5.797 Thread 0x0000000056f9e800 Uncommon trap: reason=bimorphic action=maybe_recompile pc=0x0000000002f2c194 method=com.android.dx.cf.code.BytecodeArray.parseInstruction(ILcom/android/dx/cf/code/BytecodeArray$Visitor;)I @ 1161
Event: 8.320 Thread 0x00000000573aa800 Uncommon trap: reason=unstable_if action=reinterpret pc=0x0000000002b7cee8 method=java.util.HashMap.putVal(ILjava/lang/Object;Ljava/lang/Object;ZZ)Ljava/lang/Object; @ 162
Event: 8.324 Thread 0x00000000573aa800 Uncommon trap: reason=unstable_if action=reinterpret pc=0x0000000002e1ef08 method=java.util.HashMap.getNode(ILjava/lang/Object;)Ljava/util/HashMap$Node; @ 84
Event: 9.082 Thread 0x0000000056f9e800 Uncommon trap: reason=bimorphic action=maybe_recompile pc=0x0000000003044770 method=com.android.dx.cf.code.BytecodeArray.parseInstruction(ILcom/android/dx/cf/code/BytecodeArray$Visitor;)I @ 1501
Event: 9.083 Thread 0x0000000056f9e800 Uncommon trap: reason=bimorphic action=maybe_recompile pc=0x0000000003044770 method=com.android.dx.cf.code.BytecodeArray.parseInstruction(ILcom/android/dx/cf/code/BytecodeArray$Visitor;)I @ 1501

Internal exceptions (7 events):
Event: 0.069 Thread 0x00000000022be000 Exception <a 'java/lang/NoSuchMethodError': Method sun.misc.Unsafe.defineClass(Ljava/lang/String;[BII)Ljava/lang/Class; name or signature does not match> (0x00000000eab0d310) thrown at [D:\re\workspace\8-2-build-windows-amd64-cygwin\jdk8u40\3098\hotspot\sr„Ä ;I™±?
Event: 0.069 Thread 0x00000000022be000 Exception <a 'java/lang/NoSuchMethodError': Method sun.misc.Unsafe.prefetchRead(Ljava/lang/Object;J)V name or signature does not match> (0x00000000eab0d5a0) thrown at [D:\re\workspace\8-2-build-windows-amd64-cygwin\jdk8u40\3098\hotspot\src\share\vm\prims\jÒ¶ÝB î÷?
Event: 1.496 Thread 0x0000000056f53800 Implicit null exception at 0x0000000002bcde52 to 0x0000000002bcdf51
Event: 1.843 Thread 0x00000000022be000 Implicit null exception at 0x0000000002b7f683 to 0x0000000002b8283d
Event: 8.322 Thread 0x00000000573aa800 Exception <a 'java/lang/ArrayIndexOutOfBoundsException': 18> (0x00000000f0b128d0) thrown at [D:\re\workspace\8-2-build-windows-amd64-cygwin\jdk8u40\3098\hotspot\src\share\vm\interpreter\interpreterRuntime.cpp, line 366]
Event: 8.322 Thread 0x00000000573aa800 Exception <a 'java/lang/ArrayIndexOutOfBoundsException': 145> (0x00000000f0b143a0) thrown at [D:\re\workspace\8-2-build-windows-amd64-cygwin\jdk8u40\3098\hotspot\src\share\vm\interpreter\interpreterRuntime.cpp, line 366]
Event: 8.323 Thread 0x00000000573aa800 Exception <a 'java/lang/ArrayIndexOutOfBoundsException'> (0x00000000f0b155d8) thrown at [D:\re\workspace\8-2-build-windows-amd64-cygwin\jdk8u40\3098\hotspot\src\share\vm\runtime\sharedRuntime.cpp, line 605]

Events (10 events):
Event: 8.324 Thread 0x00000000573aa800 DEOPT PACKING pc=0x0000000002e1ef08 sp=0x0000000057d3ec40
Event: 8.324 Thread 0x00000000573aa800 DEOPT UNPACKING pc=0x000000000284582a sp=0x0000000057d3ebb8 mode 2
Event: 9.082 Thread 0x0000000056f9e800 Uncommon trap: trap_request=0xffffffc6 fr.pc=0x0000000003044770
Event: 9.082 Thread 0x0000000056f9e800 DEOPT PACKING pc=0x0000000003044770 sp=0x0000000057e9e7f0
Event: 9.082 Thread 0x0000000056f9e800 DEOPT UNPACKING pc=0x000000000284582a sp=0x0000000057e9e7d0 mode 2
Event: 9.083 Thread 0x0000000056f9e800 Uncommon trap: trap_request=0xffffffc6 fr.pc=0x0000000003044770
Event: 9.083 Thread 0x0000000056f9e800 DEOPT PACKING pc=0x0000000003044770 sp=0x0000000057e9e640
Event: 9.083 Thread 0x0000000056f9e800 DEOPT UNPACKING pc=0x000000000284582a sp=0x0000000057e9e620 mode 2
Event: 9.241 Thread 0x00000000573aa800 DEOPT PACKING pc=0x0000000002c7d908 sp=0x0000000057d3ed30
Event: 9.241 Thread 0x00000000573aa800 DEOPT UNPACKING pc=0x000000000284787f sp=0x0000000057d3eb60 mode 0


Dynamic libraries:
0x000000013f6e0000 - 0x000000013f717000 	C:\Program Files\Java\jdk1.8.0_40\bin\java.exe
0x0000000077090000 - 0x000000007723a000 	C:\Windows\SYSTEM32\ntdll.dll
0x0000000076e70000 - 0x0000000076f8f000 	C:\Windows\system32\kernel32.dll
0x000007fefd150000 - 0x000007fefd1ba000 	C:\Windows\system32\KERNELBASE.dll
0x000007fefea10000 - 0x000007fefeaeb000 	C:\Windows\system32\ADVAPI32.dll
0x000007fefd450000 - 0x000007fefd4ef000 	C:\Windows\system32\msvcrt.dll
0x000007fefd4f0000 - 0x000007fefd50f000 	C:\Windows\SYSTEM32\sechost.dll
0x000007feff120000 - 0x000007feff24d000 	C:\Windows\system32\RPCRT4.dll
0x0000000076f90000 - 0x000000007708a000 	C:\Windows\system32\USER32.dll
0x000007fefd3e0000 - 0x000007fefd447000 	C:\Windows\system32\GDI32.dll
0x000007feff250000 - 0x000007feff25e000 	C:\Windows\system32\LPK.dll
0x000007fefeb70000 - 0x000007fefec3a000 	C:\Windows\system32\USP10.dll
0x000007fefb370000 - 0x000007fefb564000 	C:\Windows\WinSxS\amd64_microsoft.windows.common-controls_6595b64144ccf1df_6.0.7601.18837_none_fa3b1e3d17594757\COMCTL32.dll
0x000007feff0a0000 - 0x000007feff111000 	C:\Windows\system32\SHLWAPI.dll
0x000007fefd3b0000 - 0x000007fefd3de000 	C:\Windows\system32\IMM32.DLL
0x000007fefec40000 - 0x000007fefed49000 	C:\Windows\system32\MSCTF.dll
0x0000000064020000 - 0x00000000640f2000 	C:\Program Files\Java\jdk1.8.0_40\jre\bin\msvcr100.dll
0x0000000060220000 - 0x0000000060aa3000 	C:\Program Files\Java\jdk1.8.0_40\jre\bin\server\jvm.dll
0x000007fef1da0000 - 0x000007fef1da9000 	C:\Windows\system32\WSOCK32.dll
0x000007fefeff0000 - 0x000007feff03d000 	C:\Windows\system32\WS2_32.dll
0x000007fefef00000 - 0x000007fefef08000 	C:\Windows\system32\NSI.dll
0x000007fef7a50000 - 0x000007fef7a8b000 	C:\Windows\system32\WINMM.dll
0x000007fefbf00000 - 0x000007fefbf0c000 	C:\Windows\system32\VERSION.dll
0x0000000077260000 - 0x0000000077267000 	C:\Windows\system32\PSAPI.DLL
0x00000000748b0000 - 0x00000000748bf000 	C:\Program Files\Java\jdk1.8.0_40\jre\bin\verify.dll
0x0000000070e40000 - 0x0000000070e69000 	C:\Program Files\Java\jdk1.8.0_40\jre\bin\java.dll
0x00000000737a0000 - 0x00000000737b6000 	C:\Program Files\Java\jdk1.8.0_40\jre\bin\zip.dll
0x000007fefdc80000 - 0x000007fefea0c000 	C:\Windows\system32\SHELL32.dll
0x000007fefd510000 - 0x000007fefd713000 	C:\Windows\system32\ole32.dll
0x000007fefce20000 - 0x000007fefce2f000 	C:\Windows\system32\profapi.dll
0x000007fef3960000 - 0x000007fef3a85000 	C:\Windows\system32\dbghelp.dll

VM Arguments:
jvm_args: -Djava.awt.headless=true -Xmx1024M -Dfile.encoding=windows-1252 -Duser.country=AR -Duser.language=es -Duser.variant 
java_command: com.android.dx.command.Main --dex --num-threads=4 --output C:\Users\Pato\Desktop\Tacheando\app\build\intermediates\pre-dexed\release\com.android.support-support-v4-23.4.0_c328307ed83c3219086bf52b80578a355b97422e.jar C:\Users\Pato\Desktop\Tacheando\app\build\intermediates\exploded-aar\com.android.support\support-v4\23.4.0\jars\classes.jar
java_class_path (initial): C:\Users\Pato\AppData\Local\Android\sdk\build-tools\23.0.3\lib\dx.jar
Launcher Type: SUN_STANDARD

Environment Variables:
PATH=C:\ProgramData\Oracle\Java\javapath;C:\Windows\system32;C:\Windows;C:\Windows\System32\Wbem;C:\Windows\System32\WindowsPowerShell\v1.0\;C:\Program Files (x86)\Intel\OpenCL SDK\2.0\bin\x86;C:\Program Files (x86)\Intel\OpenCL SDK\2.0\bin\x64;C:\xampp\php;C:\Program Files (x86)\Skype\Phone\;C:\ProgramData\ComposerSetup\bin;C:\Program Files\Git\cmd;C:\Program Files\nodejs\;C:\Users\Pato\AppData\Roaming\Composer\vendor\bin;C:\Users\Pato\AppData\Roaming\npm
USERNAME=Pato
OS=Windows_NT
PROCESSOR_IDENTIFIER=Intel64 Family 6 Model 58 Stepping 9, GenuineIntel



---------------  S Y S T E M  ---------------

OS: Windows 7 , 64 bit Build 7601 (6.1.7601.23418)

CPU:total 4 (2 cores per cpu, 2 threads per core) family 6 model 58 stepping 9, cmov, cx8, fxsr, mmx, sse, sse2, sse3, ssse3, sse4.1, sse4.2, popcnt, avx, clmul, erms, ht, tsc, tscinvbit, tscinv

Memory: 4k page, physical 3374628k(98056k free), swap 5496116k(5012k free)

vm_info: Java HotSpot(TM) 64-Bit Server VM (25.40-b25) for windows-amd64 JRE (1.8.0_40-b26), built on Mar  7 2015 13:51:59 by "java_re" with MS VC++ 10.0 (VS2010)

time: Thu Jun 23 02:53:30 2016
elapsed time: 10 seconds (0d 0h 0m 10s)

