#
# There is insufficient memory for the Java Runtime Environment to continue.
# Native memory allocation (malloc) failed to allocate 1774576 bytes for Chunk::new
# Possible reasons:
#   The system is out of physical RAM or swap space
#   In 32 bit mode, the process size limit was hit
# Possible solutions:
#   Reduce memory load on the system
#   Increase physical memory or swap space
#   Check if swap backing store is full
#   Use 64 bit Java on a 64 bit OS
#   Decrease Java heap size (-Xmx/-Xms)
#   Decrease number of Java threads
#   Decrease Java thread stack sizes (-Xss)
#   Set larger code cache with -XX:ReservedCodeCacheSize=
# This output file may be truncated or incomplete.
#
#  Out of Memory Error (allocation.cpp:390), pid=6620, tid=5680
#
# JRE version: Java(TM) SE Runtime Environment (8.0_40-b26) (build 1.8.0_40-b26)
# Java VM: Java HotSpot(TM) 64-Bit Server VM (25.40-b25 mixed mode windows-amd64 compressed oops)
# Failed to write core dump. Minidumps are not enabled by default on client versions of Windows
#

---------------  T H R E A D  ---------------

Current thread (0x000000005525f800):  JavaThread "C2 CompilerThread0" daemon [_thread_in_native, id=5680, stack(0x0000000056940000,0x0000000056a40000)]

Stack: [0x0000000056940000,0x0000000056a40000]
Native frames: (J=compiled Java code, j=interpreted, Vv=VM code, C=native code)
V  [jvm.dll+0x32b47a]


Current CompileTask:
C2:   6988 1629   !   4       com.android.dx.cf.code.Ropper::processBlock (1101 bytes)


---------------  P R O C E S S  ---------------

Java Threads: ( => current thread )
  0x0000000056ee6000 JavaThread "pool-1-thread-4" [_thread_blocked, id=6508, stack(0x0000000058370000,0x0000000058470000)]
  0x0000000056ee3800 JavaThread "pool-1-thread-3" [_thread_blocked, id=2184, stack(0x0000000057ff0000,0x00000000580f0000)]
  0x0000000056ee2000 JavaThread "pool-1-thread-2" [_thread_blocked, id=5196, stack(0x00000000581c0000,0x00000000582c0000)]
  0x0000000056f2d800 JavaThread "pool-2-thread-1" [_thread_blocked, id=3232, stack(0x0000000057ef0000,0x0000000057ff0000)]
  0x0000000056ec1000 JavaThread "pool-1-thread-1" [_thread_blocked, id=2964, stack(0x0000000057db0000,0x0000000057eb0000)]
  0x0000000055266000 JavaThread "Service Thread" daemon [_thread_blocked, id=6008, stack(0x00000000570d0000,0x00000000571d0000)]
  0x0000000055264800 JavaThread "C1 CompilerThread2" daemon [_thread_blocked, id=3576, stack(0x0000000056b30000,0x0000000056c30000)]
  0x0000000055263800 JavaThread "C2 CompilerThread1" daemon [_thread_blocked, id=1192, stack(0x0000000056830000,0x0000000056930000)]
=>0x000000005525f800 JavaThread "C2 CompilerThread0" daemon [_thread_in_native, id=5680, stack(0x0000000056940000,0x0000000056a40000)]
  0x000000005526f000 JavaThread "Attach Listener" daemon [_thread_blocked, id=2244, stack(0x0000000056660000,0x0000000056760000)]
  0x000000005526d800 JavaThread "Signal Dispatcher" daemon [_thread_blocked, id=6464, stack(0x0000000056520000,0x0000000056620000)]
  0x0000000055201000 JavaThread "Finalizer" daemon [_thread_blocked, id=3500, stack(0x00000000563b0000,0x00000000564b0000)]
  0x00000000551ff800 JavaThread "Reference Handler" daemon [_thread_blocked, id=2344, stack(0x0000000056230000,0x0000000056330000)]
  0x000000000235e000 JavaThread "main" [_thread_blocked, id=6468, stack(0x0000000002510000,0x0000000002610000)]

Other Threads:
  0x00000000551fa000 VMThread [stack: 0x0000000056050000,0x0000000056150000] [id=4536]
  0x0000000056c31000 WatcherThread [stack: 0x0000000057290000,0x0000000057390000] [id=6500]

VM state:not at safepoint (normal execution)

VM Mutex/Monitor currently owned by a thread:  ([mutex/lock_event])
[0x000000000235ca90] Heap_lock - owner thread: 0x0000000056ee2000

Heap:
 PSYoungGen      total 28672K, used 2035K [0x00000000eab00000, 0x00000000ec900000, 0x0000000100000000)
  eden space 26624K, 0% used [0x00000000eab00000,0x00000000eab00148,0x00000000ec500000)
  from space 2048K, 99% used [0x00000000ec700000,0x00000000ec8fcde0,0x00000000ec900000)
  to   space 2048K, 0% used [0x00000000ec500000,0x00000000ec500000,0x00000000ec700000)
 ParOldGen       total 35840K, used 9761K [0x00000000c0000000, 0x00000000c2300000, 0x00000000eab00000)
  object space 35840K, 27% used [0x00000000c0000000,0x00000000c09884a8,0x00000000c2300000)
 Metaspace       used 6175K, capacity 7088K, committed 7296K, reserved 1056768K
  class space    used 591K, capacity 616K, committed 640K, reserved 1048576K

Card table byte_map: [0x0000000011ca0000,0x0000000011eb0000] byte_map_base: 0x00000000116a0000

Marking Bits: (ParMarkBitMap*) 0x0000000060a24040
 Begin Bits: [0x0000000012670000, 0x0000000013670000)
 End Bits:   [0x0000000013670000, 0x0000000014670000)

Polling page: 0x0000000000140000

CodeCache: size=245760Kb used=6921Kb max_used=6937Kb free=238838Kb
 bounds [0x00000000028e0000, 0x0000000002fb0000, 0x00000000118e0000]
 total_blobs=1929 nmethods=1661 adapters=181
 compilation: enabled

Compilation events (10 events):
Event: 6.796 Thread 0x0000000055263800 1655       4       com.android.dx.cf.code.LocalVariableList::pcAndIndexToLocal (51 bytes)
Event: 6.797 Thread 0x0000000055263800 nmethod 1655 0x0000000002f8ba90 code [0x0000000002f8bbc0, 0x0000000002f8bc58]
Event: 6.797 Thread 0x0000000055263800 1659       4       com.android.dx.cf.code.ExecutionStack::copy (59 bytes)
Event: 6.802 Thread 0x0000000055263800 nmethod 1659 0x0000000002f8a910 code [0x0000000002f8aa80, 0x0000000002f8aed8]
Event: 6.803 Thread 0x0000000055263800 1660 %     4       com.android.dx.ssa.Dominators::run @ 283 (506 bytes)
Event: 6.807 Thread 0x0000000055264800 1661       3       com.android.dx.dex.code.RopTranslator::access$000 (5 bytes)
Event: 6.807 Thread 0x0000000055264800 nmethod 1661 0x0000000002f7c310 code [0x0000000002f7c480, 0x0000000002f7c6e8]
Event: 6.807 Thread 0x0000000055264800 1662       3       com.android.dx.dex.code.RopTranslator::getRegs (9 bytes)
Event: 6.808 Thread 0x0000000055264800 nmethod 1662 0x0000000002f9d0d0 code [0x0000000002f9d240, 0x0000000002f9d448]
Event: 6.859 Thread 0x0000000055263800 nmethod 1660% 0x0000000002faab10 code [0x0000000002faad60, 0x0000000002fac438]

GC Heap History (7 events):
Event: 0.792 GC heap before
{Heap before GC invocations=1 (full 0):
 PSYoungGen      total 15360K, used 13312K [0x00000000eab00000, 0x00000000ebc00000, 0x0000000100000000)
  eden space 13312K, 100% used [0x00000000eab00000,0x00000000eb800000,0x00000000eb800000)
  from space 2048K, 0% used [0x00000000eba00000,0x00000000eba00000,0x00000000ebc00000)
  to   space 2048K, 0% used [0x00000000eb800000,0x00000000eb800000,0x00000000eba00000)
 ParOldGen       total 35840K, used 0K [0x00000000c0000000, 0x00000000c2300000, 0x00000000eab00000)
  object space 35840K, 0% used [0x00000000c0000000,0x00000000c0000000,0x00000000c2300000)
 Metaspace       used 4456K, capacity 5584K, committed 5760K, reserved 1056768K
  class space    used 482K, capacity 520K, committed 640K, reserved 1048576K
Event: 0.951 GC heap after
Heap after GC invocations=1 (full 0):
 PSYoungGen      total 15360K, used 2047K [0x00000000eab00000, 0x00000000ec900000, 0x0000000100000000)
  eden space 13312K, 0% used [0x00000000eab00000,0x00000000eab00000,0x00000000eb800000)
  from space 2048K, 99% used [0x00000000eb800000,0x00000000eb9ffd30,0x00000000eba00000)
  to   space 2048K, 0% used [0x00000000ec700000,0x00000000ec700000,0x00000000ec900000)
 ParOldGen       total 35840K, used 0K [0x00000000c0000000, 0x00000000c2300000, 0x00000000eab00000)
  object space 35840K, 0% used [0x00000000c0000000,0x00000000c0000000,0x00000000c2300000)
 Metaspace       used 4456K, capacity 5584K, committed 5760K, reserved 1056768K
  class space    used 482K, capacity 520K, committed 640K, reserved 1048576K
}
Event: 1.895 GC heap before
{Heap before GC invocations=2 (full 0):
 PSYoungGen      total 15360K, used 15359K [0x00000000eab00000, 0x00000000ec900000, 0x0000000100000000)
  eden space 13312K, 100% used [0x00000000eab00000,0x00000000eb800000,0x00000000eb800000)
  from space 2048K, 99% used [0x00000000eb800000,0x00000000eb9ffd30,0x00000000eba00000)
  to   space 2048K, 0% used [0x00000000ec700000,0x00000000ec700000,0x00000000ec900000)
 ParOldGen       total 35840K, used 0K [0x00000000c0000000, 0x00000000c2300000, 0x00000000eab00000)
  object space 35840K, 0% used [0x00000000c0000000,0x00000000c0000000,0x00000000c2300000)
 Metaspace       used 5841K, capacity 6832K, committed 7040K, reserved 1056768K
  class space    used 590K, capacity 616K, committed 640K, reserved 1048576K
Event: 2.356 GC heap after
Heap after GC invocations=2 (full 0):
 PSYoungGen      total 28672K, used 2042K [0x00000000eab00000, 0x00000000ec900000, 0x0000000100000000)
  eden space 26624K, 0% used [0x00000000eab00000,0x00000000eab00000,0x00000000ec500000)
  from space 2048K, 99% used [0x00000000ec700000,0x00000000ec8fea80,0x00000000ec900000)
  to   space 2048K, 0% used [0x00000000ec500000,0x00000000ec500000,0x00000000ec700000)
 ParOldGen       total 35840K, used 1619K [0x00000000c0000000, 0x00000000c2300000, 0x00000000eab00000)
  object space 35840K, 4% used [0x00000000c0000000,0x00000000c0194f48,0x00000000c2300000)
 Metaspace       used 5841K, capacity 6832K, committed 7040K, reserved 1056768K
  class space    used 590K, capacity 616K, committed 640K, reserved 1048576K
}
Event: 4.814 GC heap before
{Heap before GC invocations=3 (full 0):
 PSYoungGen      total 28672K, used 28666K [0x00000000eab00000, 0x00000000ec900000, 0x0000000100000000)
  eden space 26624K, 100% used [0x00000000eab00000,0x00000000ec500000,0x00000000ec500000)
  from space 2048K, 99% used [0x00000000ec700000,0x00000000ec8fea80,0x00000000ec900000)
  to   space 2048K, 0% used [0x00000000ec500000,0x00000000ec500000,0x00000000ec700000)
 ParOldGen       total 35840K, used 1619K [0x00000000c0000000, 0x00000000c2300000, 0x00000000eab00000)
  object space 35840K, 4% used [0x00000000c0000000,0x00000000c0194f48,0x00000000c2300000)
 Metaspace       used 6102K, capacity 7024K, committed 7296K, reserved 1056768K
  class space    used 590K, capacity 616K, committed 640K, reserved 1048576K
Event: 4.961 GC heap after
Heap after GC invocations=3 (full 0):
 PSYoungGen      total 28672K, used 2048K [0x00000000eab00000, 0x00000000ec900000, 0x0000000100000000)
  eden space 26624K, 0% used [0x00000000eab00000,0x00000000eab00000,0x00000000ec500000)
  from space 2048K, 100% used [0x00000000ec500000,0x00000000ec700000,0x00000000ec700000)
  to   space 2048K, 0% used [0x00000000ec700000,0x00000000ec700000,0x00000000ec900000)
 ParOldGen       total 35840K, used 5810K [0x00000000c0000000, 0x00000000c2300000, 0x00000000eab00000)
  object space 35840K, 16% used [0x00000000c0000000,0x00000000c05ac970,0x00000000c2300000)
 Metaspace       used 6102K, capacity 7024K, committed 7296K, reserved 1056768K
  class space    used 590K, capacity 616K, committed 640K, reserved 1048576K
}
Event: 6.879 GC heap before
{Heap before GC invocations=4 (full 0):
 PSYoungGen      total 28672K, used 28672K [0x00000000eab00000, 0x00000000ec900000, 0x0000000100000000)
  eden space 26624K, 100% used [0x00000000eab00000,0x00000000ec500000,0x00000000ec500000)
  from space 2048K, 100% used [0x00000000ec500000,0x00000000ec700000,0x00000000ec700000)
  to   space 2048K, 0% used [0x00000000ec700000,0x00000000ec700000,0x00000000ec900000)
 ParOldGen       total 35840K, used 5810K [0x00000000c0000000, 0x00000000c2300000, 0x00000000eab00000)
  object space 35840K, 16% used [0x00000000c0000000,0x00000000c05ac970,0x00000000c2300000)
 Metaspace       used 6175K, capacity 7088K, committed 7296K, reserved 1056768K
  class space    used 591K, capacity 616K, committed 640K, reserved 1048576K

Deoptimization events (10 events):
Event: 1.187 Thread 0x0000000056ee3800 Uncommon trap: reason=unstable_if action=reinterpret pc=0x0000000002b1ef20 method=java.util.BitSet.nextSetBit(I)I @ 87
Event: 3.131 Thread 0x0000000056ec1000 Uncommon trap: reason=null_check action=make_not_entrant pc=0x0000000002bd7750 method=com.android.dx.rop.type.Type.equals(Ljava/lang/Object;)Z @ 8
Event: 3.874 Thread 0x0000000056ee6000 Uncommon trap: reason=unstable_if action=reinterpret pc=0x0000000002e658a8 method=com.android.dx.util.BitIntSet.has(I)Z @ 8
Event: 4.158 Thread 0x0000000056ee3800 Uncommon trap: reason=unstable_if action=reinterpret pc=0x0000000002e68f60 method=java.util.HashMap.putVal(ILjava/lang/Object;Ljava/lang/Object;ZZ)Ljava/lang/Object; @ 162
Event: 4.158 Thread 0x0000000056ee3800 Uncommon trap: reason=unstable_if action=reinterpret pc=0x0000000002b8a298 method=java.util.HashMap.getNode(ILjava/lang/Object;)Ljava/util/HashMap$Node; @ 84
Event: 4.158 Thread 0x0000000056ee3800 Uncommon trap: reason=unstable_if action=reinterpret pc=0x0000000002b7be78 method=java.util.HashMap.getNode(ILjava/lang/Object;)Ljava/util/HashMap$Node; @ 84
Event: 4.717 Thread 0x0000000056ec1000 Uncommon trap: reason=bimorphic action=maybe_recompile pc=0x0000000002eadaac method=com.android.dx.ssa.SCCP.simulatePhi(Lcom/android/dx/ssa/PhiInsn;)V @ 124
Event: 4.739 Thread 0x000000000235e000 Uncommon trap: reason=unstable_if action=reinterpret pc=0x0000000002e5bbfc method=com.android.dx.rop.cst.StdConstantPool.set(ILcom/android/dx/rop/cst/Constant;)V @ 12
Event: 5.449 Thread 0x0000000056ee6000 Uncommon trap: reason=unstable_if action=reinterpret pc=0x0000000002e8856c method=com.android.dx.ssa.LiteralOpUpgrader$1.visitNonMoveInsn(Lcom/android/dx/ssa/NormalSsaInsn;)V @ 55
Event: 5.450 Thread 0x0000000056ee6000 Uncommon trap: reason=unstable_if action=reinterpret pc=0x0000000002d1a2cc method=com.android.dx.ssa.SsaMethod.updateOneDefinition(Lcom/android/dx/ssa/SsaInsn;Lcom/android/dx/rop/code/RegisterSpec;)V @ 4

Internal exceptions (3 events):
Event: 0.150 Thread 0x000000000235e000 Exception <a 'java/lang/NoSuchMethodError': Method sun.misc.Unsafe.defineClass(Ljava/lang/String;[BII)Ljava/lang/Class; name or signature does not match> (0x00000000eab0d4c8) thrown at [D:\re\workspace\8-2-build-windows-amd64-cygwin\jdk8u40\3098\hotspot\sroã¿½==Ã?
Event: 0.150 Thread 0x000000000235e000 Exception <a 'java/lang/NoSuchMethodError': Method sun.misc.Unsafe.prefetchRead(Ljava/lang/Object;J)V name or signature does not match> (0x00000000eab0d758) thrown at [D:\re\workspace\8-2-build-windows-amd64-cygwin\jdk8u40\3098\hotspot\src\share\vm\prims\jn3²¿£	@
Event: 3.131 Thread 0x0000000056ec1000 Implicit null exception at 0x0000000002bd7652 to 0x0000000002bd7742

Events (10 events):
Event: 5.449 Thread 0x0000000056ee6000 DEOPT PACKING pc=0x0000000002e8856c sp=0x000000005846e920
Event: 5.449 Thread 0x0000000056ee6000 DEOPT UNPACKING pc=0x000000000292582a sp=0x000000005846e910 mode 2
Event: 5.449 loading class com/android/dx/rop/code/RegOps
Event: 5.449 loading class com/android/dx/rop/code/RegOps done
Event: 5.450 Thread 0x0000000056ee6000 Uncommon trap: trap_request=0xffffff65 fr.pc=0x0000000002d1a2cc
Event: 5.450 Thread 0x0000000056ee6000 DEOPT PACKING pc=0x0000000002d1a2cc sp=0x000000005846e770
Event: 5.450 Thread 0x0000000056ee6000 DEOPT UNPACKING pc=0x000000000292582a sp=0x000000005846e718 mode 2
Event: 6.765 loading class com/android/dx/cf/code/LocalVariableList$Item
Event: 6.765 loading class com/android/dx/cf/code/LocalVariableList$Item done
Event: 6.878 Executing VM operation: ParallelGCFailedAllocation


Dynamic libraries:
0x000000013ffb0000 - 0x000000013ffe7000 	C:\Program Files\Java\jdk1.8.0_40\bin\java.exe
0x0000000077090000 - 0x000000007723a000 	C:\Windows\SYSTEM32\ntdll.dll
0x0000000076e70000 - 0x0000000076f8f000 	C:\Windows\system32\kernel32.dll
0x000007fefd150000 - 0x000007fefd1ba000 	C:\Windows\system32\KERNELBASE.dll
0x000007fefea10000 - 0x000007fefeaeb000 	C:\Windows\system32\ADVAPI32.dll
0x000007fefd450000 - 0x000007fefd4ef000 	C:\Windows\system32\msvcrt.dll
0x000007fefd4f0000 - 0x000007fefd50f000 	C:\Windows\SYSTEM32\sechost.dll
0x000007feff120000 - 0x000007feff24d000 	C:\Windows\system32\RPCRT4.dll
0x0000000076f90000 - 0x000000007708a000 	C:\Windows\system32\USER32.dll
0x000007fefd3e0000 - 0x000007fefd447000 	C:\Windows\system32\GDI32.dll
0x000007feff250000 - 0x000007feff25e000 	C:\Windows\system32\LPK.dll
0x000007fefeb70000 - 0x000007fefec3a000 	C:\Windows\system32\USP10.dll
0x000007fefb370000 - 0x000007fefb564000 	C:\Windows\WinSxS\amd64_microsoft.windows.common-controls_6595b64144ccf1df_6.0.7601.18837_none_fa3b1e3d17594757\COMCTL32.dll
0x000007feff0a0000 - 0x000007feff111000 	C:\Windows\system32\SHLWAPI.dll
0x000007fefd3b0000 - 0x000007fefd3de000 	C:\Windows\system32\IMM32.DLL
0x000007fefec40000 - 0x000007fefed49000 	C:\Windows\system32\MSCTF.dll
0x0000000057c50000 - 0x0000000057d22000 	C:\Program Files\Java\jdk1.8.0_40\jre\bin\msvcr100.dll
0x0000000060220000 - 0x0000000060aa3000 	C:\Program Files\Java\jdk1.8.0_40\jre\bin\server\jvm.dll
0x000007fef1da0000 - 0x000007fef1da9000 	C:\Windows\system32\WSOCK32.dll
0x000007fefeff0000 - 0x000007feff03d000 	C:\Windows\system32\WS2_32.dll
0x000007fefef00000 - 0x000007fefef08000 	C:\Windows\system32\NSI.dll
0x000007fef7a50000 - 0x000007fef7a8b000 	C:\Windows\system32\WINMM.dll
0x000007fefbf00000 - 0x000007fefbf0c000 	C:\Windows\system32\VERSION.dll
0x0000000077260000 - 0x0000000077267000 	C:\Windows\system32\PSAPI.DLL
0x00000000748b0000 - 0x00000000748bf000 	C:\Program Files\Java\jdk1.8.0_40\jre\bin\verify.dll
0x0000000070e40000 - 0x0000000070e69000 	C:\Program Files\Java\jdk1.8.0_40\jre\bin\java.dll
0x00000000737a0000 - 0x00000000737b6000 	C:\Program Files\Java\jdk1.8.0_40\jre\bin\zip.dll
0x000007fefdc80000 - 0x000007fefea0c000 	C:\Windows\system32\SHELL32.dll
0x000007fefd510000 - 0x000007fefd713000 	C:\Windows\system32\ole32.dll
0x000007fefce20000 - 0x000007fefce2f000 	C:\Windows\system32\profapi.dll

VM Arguments:
jvm_args: -Djava.awt.headless=true -Xmx1024M -Dfile.encoding=windows-1252 -Duser.country=AR -Duser.language=es -Duser.variant 
java_command: com.android.dx.command.Main --dex --num-threads=4 --output C:\Users\Pato\Desktop\Tacheando\app\build\intermediates\pre-dexed\release\com.google.android.gms-play-services-basement-9.0.2_e84874dc4510ca7e82a82f6da95109c98573fc79.jar C:\Users\Pato\Desktop\Tacheando\app\build\intermediates\exploded-aar\com.google.android.gms\play-services-basement\9.0.2\jars\classes.jar
java_class_path (initial): C:\Users\Pato\AppData\Local\Android\sdk\build-tools\23.0.3\lib\dx.jar
Launcher Type: SUN_STANDARD

Environment Variables:
PATH=C:\ProgramData\Oracle\Java\javapath;C:\Windows\system32;C:\Windows;C:\Windows\System32\Wbem;C:\Windows\System32\WindowsPowerShell\v1.0\;C:\Program Files (x86)\Intel\OpenCL SDK\2.0\bin\x86;C:\Program Files (x86)\Intel\OpenCL SDK\2.0\bin\x64;C:\xampp\php;C:\Program Files (x86)\Skype\Phone\;C:\ProgramData\ComposerSetup\bin;C:\Program Files\Git\cmd;C:\Program Files\nodejs\;C:\Users\Pato\AppData\Roaming\Composer\vendor\bin;C:\Users\Pato\AppData\Roaming\npm
USERNAME=Pato
OS=Windows_NT
PROCESSOR_IDENTIFIER=Intel64 Family 6 Model 58 Stepping 9, GenuineIntel



---------------  S Y S T E M  ---------------

OS: Windows 7 , 64 bit Build 7601 (6.1.7601.23418)

CPU:total 4 (2 cores per cpu, 2 threads per core) family 6 model 58 stepping 9, cmov, cx8, fxsr, mmx, sse, sse2, sse3, ssse3, sse4.1, sse4.2, popcnt, avx, clmul, erms, ht, tsc, tscinvbit, tscinv

Memory: 4k page, physical 3374628k(64520k free), swap 5496116k(5440k free)

vm_info: Java HotSpot(TM) 64-Bit Server VM (25.40-b25) for windows-amd64 JRE (1.8.0_40-b26), built on Mar  7 2015 13:51:59 by "java_re" with MS VC++ 10.0 (VS2010)

time: Thu Jun 23 03:21:21 2016
elapsed time: 7 seconds (0d 0h 0m 7s)

