#
# There is insufficient memory for the Java Runtime Environment to continue.
# Native memory allocation (malloc) failed to allocate 205136 bytes for Chunk::new
# Possible reasons:
#   The system is out of physical RAM or swap space
#   In 32 bit mode, the process size limit was hit
# Possible solutions:
#   Reduce memory load on the system
#   Increase physical memory or swap space
#   Check if swap backing store is full
#   Use 64 bit Java on a 64 bit OS
#   Decrease Java heap size (-Xmx/-Xms)
#   Decrease number of Java threads
#   Decrease Java thread stack sizes (-Xss)
#   Set larger code cache with -XX:ReservedCodeCacheSize=
# This output file may be truncated or incomplete.
#
#  Out of Memory Error (allocation.cpp:390), pid=6996, tid=5828
#
# JRE version: Java(TM) SE Runtime Environment (8.0_40-b26) (build 1.8.0_40-b26)
# Java VM: Java HotSpot(TM) 64-Bit Server VM (25.40-b25 mixed mode windows-amd64 compressed oops)
# Failed to write core dump. Minidumps are not enabled by default on client versions of Windows
#

---------------  T H R E A D  ---------------

Current thread (0x00000000552f0800):  JavaThread "C2 CompilerThread1" daemon [_thread_in_native, id=5828, stack(0x0000000056ae0000,0x0000000056be0000)]

Stack: [0x0000000056ae0000,0x0000000056be0000]
Native frames: (J=compiled Java code, j=interpreted, Vv=VM code, C=native code)
V  [jvm.dll+0x32b47a]
V  [+0x2797f3]
V  [+0x27a489]
V  [+0x2717a5]
V  [+0xcb9a2]
V  [+0xcbe6c]
V  [jvm.dll+0x49294c]
V  [jvm.dll+0x45f639]
V  [jvm.dll+0x46a73b]
V  [jvm.dll+0x46cd52]
V  [jvm.dll+0x4500d2]
V  [jvm.dll+0xa4312]
V  [jvm.dll+0xa4c4f]
V  [jvm.dll+0x241914]
V  [jvm.dll+0x29848a]
C  [msvcr100.dll+0x21d9f]
C  [msvcr100.dll+0x21e3b]
C  [kernel32.dll+0x159bd]
C  [ntdll.dll+0x2a2e1]


Current CompileTask:
C2:   6434 1638       4       com.android.dx.ssa.DeadCodeRemover::run (194 bytes)


---------------  P R O C E S S  ---------------

Java Threads: ( => current thread )
  0x0000000056faa800 JavaThread "pool-1-thread-4" [_thread_blocked, id=5696, stack(0x0000000058590000,0x0000000058690000)]
  0x0000000056fa8000 JavaThread "pool-1-thread-3" [_thread_in_vm, id=4856, stack(0x0000000057a10000,0x0000000057b10000)]
  0x0000000056fa7800 JavaThread "pool-1-thread-2" [_thread_blocked, id=5240, stack(0x00000000577d0000,0x00000000578d0000)]
  0x0000000056f4e800 JavaThread "pool-2-thread-1" [_thread_blocked, id=6720, stack(0x0000000057600000,0x0000000057700000)]
  0x0000000056f4d000 JavaThread "pool-1-thread-1" [_thread_blocked, id=5280, stack(0x0000000057270000,0x0000000057370000)]
  0x0000000056c34000 JavaThread "Service Thread" daemon [_thread_blocked, id=6520, stack(0x0000000057370000,0x0000000057470000)]
  0x0000000056c33800 JavaThread "C1 CompilerThread2" daemon [_thread_blocked, id=1072, stack(0x0000000057100000,0x0000000057200000)]
=>0x00000000552f0800 JavaThread "C2 CompilerThread1" daemon [_thread_in_native, id=5828, stack(0x0000000056ae0000,0x0000000056be0000)]
  0x00000000552ed000 JavaThread "C2 CompilerThread0" daemon [_thread_in_native, id=5220, stack(0x0000000056210000,0x0000000056310000)]
  0x00000000552fc000 JavaThread "Attach Listener" daemon [_thread_blocked, id=4820, stack(0x0000000056940000,0x0000000056a40000)]
  0x00000000552fb000 JavaThread "Signal Dispatcher" daemon [_thread_blocked, id=6956, stack(0x0000000056840000,0x0000000056940000)]
  0x0000000055291800 JavaThread "Finalizer" daemon [_thread_blocked, id=6800, stack(0x0000000056680000,0x0000000056780000)]
  0x0000000055290000 JavaThread "Reference Handler" daemon [_thread_blocked, id=6884, stack(0x0000000056560000,0x0000000056660000)]
  0x00000000023be000 JavaThread "main" [_thread_blocked, id=6992, stack(0x00000000025a0000,0x00000000026a0000)]

Other Threads:
  0x000000005528a800 VMThread [stack: 0x00000000563a0000,0x00000000564a0000] [id=5812]
  0x0000000056c36800 WatcherThread [stack: 0x00000000574b0000,0x00000000575b0000] [id=4880]

VM state:not at safepoint (normal execution)

VM Mutex/Monitor currently owned by a thread: None

Heap:
 PSYoungGen      total 28672K, used 21375K [0x00000000eab00000, 0x00000000ec900000, 0x0000000100000000)
  eden space 26624K, 72% used [0x00000000eab00000,0x00000000ebde3c98,0x00000000ec500000)
  from space 2048K, 99% used [0x00000000ec500000,0x00000000ec6fc038,0x00000000ec700000)
  to   space 2048K, 0% used [0x00000000ec700000,0x00000000ec700000,0x00000000ec900000)
 ParOldGen       total 35840K, used 7348K [0x00000000c0000000, 0x00000000c2300000, 0x00000000eab00000)
  object space 35840K, 20% used [0x00000000c0000000,0x00000000c072d3d8,0x00000000c2300000)
 Metaspace       used 6133K, capacity 7024K, committed 7296K, reserved 1056768K
  class space    used 587K, capacity 616K, committed 640K, reserved 1048576K

Card table byte_map: [0x0000000011d30000,0x0000000011f40000] byte_map_base: 0x0000000011730000

Marking Bits: (ParMarkBitMap*) 0x0000000060a24040
 Begin Bits: [0x0000000012700000, 0x0000000013700000)
 End Bits:   [0x0000000013700000, 0x0000000014700000)

Polling page: 0x0000000000130000

CodeCache: size=245760Kb used=7155Kb max_used=7155Kb free=238604Kb
 bounds [0x0000000002970000, 0x0000000003080000, 0x0000000011970000]
 total_blobs=1912 nmethods=1644 adapters=181
 compilation: enabled

Compilation events (10 events):
Event: 6.255 Thread 0x0000000056c33800 nmethod 1632 0x000000000304f890 code [0x000000000304fb40, 0x0000000003050df8]
Event: 6.255 Thread 0x0000000056c33800 1633       3       com.android.dx.ssa.back.FirstFitLocalCombiningAllocator::handleLocalAssociatedParams (132 bytes)
Event: 6.256 Thread 0x0000000056c33800 nmethod 1633 0x000000000305cd50 code [0x000000000305cfe0, 0x000000000305df08]
Event: 6.256 Thread 0x0000000056c33800 1635       3       com.android.dx.ssa.back.FirstFitLocalCombiningAllocator::handleLocalAssociatedOther (151 bytes)
Event: 6.257 Thread 0x0000000056c33800 nmethod 1635 0x000000000305e7d0 code [0x000000000305ea60, 0x000000000305fad8]
Event: 6.284 Thread 0x00000000552f0800 1637       4       com.android.dx.cf.code.Merger::isPossiblyAssignableFrom (202 bytes)
Event: 6.284 Thread 0x0000000056c33800 1639       3       com.android.dx.ssa.ConstCollector::run (236 bytes)
Event: 6.288 Thread 0x0000000056c33800 nmethod 1639 0x00000000030604d0 code [0x0000000003060a80, 0x0000000003063ff8]
Event: 6.294 Thread 0x00000000552f0800 nmethod 1637 0x000000000306a210 code [0x000000000306a3e0, 0x000000000306aa10]
Event: 6.294 Thread 0x00000000552f0800 1638       4       com.android.dx.ssa.DeadCodeRemover::run (194 bytes)

GC Heap History (6 events):
Event: 1.037 GC heap before
{Heap before GC invocations=1 (full 0):
 PSYoungGen      total 15360K, used 13312K [0x00000000eab00000, 0x00000000ebc00000, 0x0000000100000000)
  eden space 13312K, 100% used [0x00000000eab00000,0x00000000eb800000,0x00000000eb800000)
  from space 2048K, 0% used [0x00000000eba00000,0x00000000eba00000,0x00000000ebc00000)
  to   space 2048K, 0% used [0x00000000eb800000,0x00000000eb800000,0x00000000eba00000)
 ParOldGen       total 35840K, used 0K [0x00000000c0000000, 0x00000000c2300000, 0x00000000eab00000)
  object space 35840K, 0% used [0x00000000c0000000,0x00000000c0000000,0x00000000c2300000)
 Metaspace       used 5449K, capacity 6512K, committed 6784K, reserved 1056768K
  class space    used 580K, capacity 616K, committed 640K, reserved 1048576K
Event: 1.277 GC heap after
Heap after GC invocations=1 (full 0):
 PSYoungGen      total 15360K, used 2018K [0x00000000eab00000, 0x00000000ec900000, 0x0000000100000000)
  eden space 13312K, 0% used [0x00000000eab00000,0x00000000eab00000,0x00000000eb800000)
  from space 2048K, 98% used [0x00000000eb800000,0x00000000eb9f8ad8,0x00000000eba00000)
  to   space 2048K, 0% used [0x00000000ec700000,0x00000000ec700000,0x00000000ec900000)
 ParOldGen       total 35840K, used 1362K [0x00000000c0000000, 0x00000000c2300000, 0x00000000eab00000)
  object space 35840K, 3% used [0x00000000c0000000,0x00000000c0154a58,0x00000000c2300000)
 Metaspace       used 5449K, capacity 6512K, committed 6784K, reserved 1056768K
  class space    used 580K, capacity 616K, committed 640K, reserved 1048576K
}
Event: 1.942 GC heap before
{Heap before GC invocations=2 (full 0):
 PSYoungGen      total 15360K, used 15330K [0x00000000eab00000, 0x00000000ec900000, 0x0000000100000000)
  eden space 13312K, 100% used [0x00000000eab00000,0x00000000eb800000,0x00000000eb800000)
  from space 2048K, 98% used [0x00000000eb800000,0x00000000eb9f8ad8,0x00000000eba00000)
  to   space 2048K, 0% used [0x00000000ec700000,0x00000000ec700000,0x00000000ec900000)
 ParOldGen       total 35840K, used 1362K [0x00000000c0000000, 0x00000000c2300000, 0x00000000eab00000)
  object space 35840K, 3% used [0x00000000c0000000,0x00000000c0154a58,0x00000000c2300000)
 Metaspace       used 5832K, capacity 6832K, committed 7040K, reserved 1056768K
  class space    used 586K, capacity 616K, committed 640K, reserved 1048576K
Event: 2.079 GC heap after
Heap after GC invocations=2 (full 0):
 PSYoungGen      total 28672K, used 2046K [0x00000000eab00000, 0x00000000ec900000, 0x0000000100000000)
  eden space 26624K, 0% used [0x00000000eab00000,0x00000000eab00000,0x00000000ec500000)
  from space 2048K, 99% used [0x00000000ec700000,0x00000000ec8ff970,0x00000000ec900000)
  to   space 2048K, 0% used [0x00000000ec500000,0x00000000ec500000,0x00000000ec700000)
 ParOldGen       total 35840K, used 3170K [0x00000000c0000000, 0x00000000c2300000, 0x00000000eab00000)
  object space 35840K, 8% used [0x00000000c0000000,0x00000000c0318a58,0x00000000c2300000)
 Metaspace       used 5832K, capacity 6832K, committed 7040K, reserved 1056768K
  class space    used 586K, capacity 616K, committed 640K, reserved 1048576K
}
Event: 4.849 GC heap before
{Heap before GC invocations=3 (full 0):
 PSYoungGen      total 28672K, used 28670K [0x00000000eab00000, 0x00000000ec900000, 0x0000000100000000)
  eden space 26624K, 100% used [0x00000000eab00000,0x00000000ec500000,0x00000000ec500000)
  from space 2048K, 99% used [0x00000000ec700000,0x00000000ec8ff970,0x00000000ec900000)
  to   space 2048K, 0% used [0x00000000ec500000,0x00000000ec500000,0x00000000ec700000)
 ParOldGen       total 35840K, used 3170K [0x00000000c0000000, 0x00000000c2300000, 0x00000000eab00000)
  object space 35840K, 8% used [0x00000000c0000000,0x00000000c0318a58,0x00000000c2300000)
 Metaspace       used 6070K, capacity 7024K, committed 7296K, reserved 1056768K
  class space    used 587K, capacity 616K, committed 640K, reserved 1048576K
Event: 4.943 GC heap after
Heap after GC invocations=3 (full 0):
 PSYoungGen      total 28672K, used 2032K [0x00000000eab00000, 0x00000000ec900000, 0x0000000100000000)
  eden space 26624K, 0% used [0x00000000eab00000,0x00000000eab00000,0x00000000ec500000)
  from space 2048K, 99% used [0x00000000ec500000,0x00000000ec6fc038,0x00000000ec700000)
  to   space 2048K, 0% used [0x00000000ec700000,0x00000000ec700000,0x00000000ec900000)
 ParOldGen       total 35840K, used 7348K [0x00000000c0000000, 0x00000000c2300000, 0x00000000eab00000)
  object space 35840K, 20% used [0x00000000c0000000,0x00000000c072d3d8,0x00000000c2300000)
 Metaspace       used 6070K, capacity 7024K, committed 7296K, reserved 1056768K
  class space    used 587K, capacity 616K, committed 640K, reserved 1048576K
}

Deoptimization events (10 events):
Event: 3.754 Thread 0x0000000056fa8000 Uncommon trap: reason=class_check action=maybe_recompile pc=0x0000000002e1a248 method=com.android.dx.ssa.SCCP.simulateBranch(Lcom/android/dx/ssa/SsaInsn;)V @ 145
Event: 4.016 Thread 0x0000000056faa800 Uncommon trap: reason=unstable_if action=reinterpret pc=0x0000000002ec7530 method=com.android.dx.ssa.MoveParamCombiner$1.visitNonMoveInsn(Lcom/android/dx/ssa/NormalSsaInsn;)V @ 27
Event: 4.263 Thread 0x0000000056fa7800 Uncommon trap: reason=null_assert action=make_not_entrant pc=0x0000000002f2ae50 method=com.android.dx.cf.code.RopperMachine.run(Lcom/android/dx/cf/code/Frame;II)V @ 1112
Event: 4.332 Thread 0x0000000056f4d000 Uncommon trap: reason=bimorphic action=maybe_recompile pc=0x0000000002ef5914 method=com.android.dx.cf.code.BytecodeArray.parseInstruction(ILcom/android/dx/cf/code/BytecodeArray$Visitor;)I @ 2281
Event: 4.332 Thread 0x0000000056f4d000 Uncommon trap: reason=bimorphic action=maybe_recompile pc=0x0000000002ef5914 method=com.android.dx.cf.code.BytecodeArray.parseInstruction(ILcom/android/dx/cf/code/BytecodeArray$Visitor;)I @ 2281
Event: 5.208 Thread 0x0000000056fa8000 Uncommon trap: reason=bimorphic action=maybe_recompile pc=0x0000000002fc2c30 method=com.android.dx.ssa.SCCP.simulatePhi(Lcom/android/dx/ssa/PhiInsn;)V @ 124
Event: 5.208 Thread 0x0000000056fa8000 Uncommon trap: reason=bimorphic action=maybe_recompile pc=0x0000000002fc2c30 method=com.android.dx.ssa.SCCP.simulatePhi(Lcom/android/dx/ssa/PhiInsn;)V @ 124
Event: 5.210 Thread 0x0000000056fa8000 Uncommon trap: reason=bimorphic action=maybe_recompile pc=0x0000000002fc2c30 method=com.android.dx.ssa.SCCP.simulatePhi(Lcom/android/dx/ssa/PhiInsn;)V @ 124
Event: 5.210 Thread 0x0000000056fa8000 Uncommon trap: reason=bimorphic action=maybe_recompile pc=0x0000000002fc2c30 method=com.android.dx.ssa.SCCP.simulatePhi(Lcom/android/dx/ssa/PhiInsn;)V @ 124
Event: 5.270 Thread 0x0000000056fa8000 Uncommon trap: reason=unstable_if action=reinterpret pc=0x0000000002d28c0c method=com.android.dx.ssa.SsaMethod.updateOneDefinition(Lcom/android/dx/ssa/SsaInsn;Lcom/android/dx/rop/code/RegisterSpec;)V @ 4

Internal exceptions (2 events):
Event: 0.051 Thread 0x00000000023be000 Exception <a 'java/lang/NoSuchMethodError': Method sun.misc.Unsafe.defineClass(Ljava/lang/String;[BII)Ljava/lang/Class; name or signature does not match> (0x00000000eab0d4a8) thrown at [D:\re\workspace\8-2-build-windows-amd64-cygwin\jdk8u40\3098\hotspot\srÞËñ>Sª?
Event: 0.051 Thread 0x00000000023be000 Exception <a 'java/lang/NoSuchMethodError': Method sun.misc.Unsafe.prefetchRead(Ljava/lang/Object;J)V name or signature does not match> (0x00000000eab0d738) thrown at [D:\re\workspace\8-2-build-windows-amd64-cygwin\jdk8u40\3098\hotspot\src\share\vm\prims\j

Events (10 events):
Event: 5.208 Thread 0x0000000056fa8000 DEOPT UNPACKING pc=0x00000000029b582a sp=0x0000000057b0eb48 mode 2
Event: 5.210 Thread 0x0000000056fa8000 Uncommon trap: trap_request=0xffffffc6 fr.pc=0x0000000002fc2c30
Event: 5.210 Thread 0x0000000056fa8000 DEOPT PACKING pc=0x0000000002fc2c30 sp=0x0000000057b0eae0
Event: 5.210 Thread 0x0000000056fa8000 DEOPT UNPACKING pc=0x00000000029b582a sp=0x0000000057b0eab8 mode 2
Event: 5.210 Thread 0x0000000056fa8000 Uncommon trap: trap_request=0xffffffc6 fr.pc=0x0000000002fc2c30
Event: 5.210 Thread 0x0000000056fa8000 DEOPT PACKING pc=0x0000000002fc2c30 sp=0x0000000057b0eae0
Event: 5.210 Thread 0x0000000056fa8000 DEOPT UNPACKING pc=0x00000000029b582a sp=0x0000000057b0eab8 mode 2
Event: 5.270 Thread 0x0000000056fa8000 Uncommon trap: trap_request=0xffffff65 fr.pc=0x0000000002d28c0c
Event: 5.270 Thread 0x0000000056fa8000 DEOPT PACKING pc=0x0000000002d28c0c sp=0x0000000057b0eaa0
Event: 5.270 Thread 0x0000000056fa8000 DEOPT UNPACKING pc=0x00000000029b582a sp=0x0000000057b0ea48 mode 2


Dynamic libraries:
0x000000013ffb0000 - 0x000000013ffe7000 	C:\Program Files\Java\jdk1.8.0_40\bin\java.exe
0x0000000077090000 - 0x000000007723a000 	C:\Windows\SYSTEM32\ntdll.dll
0x0000000076e70000 - 0x0000000076f8f000 	C:\Windows\system32\kernel32.dll
0x000007fefd150000 - 0x000007fefd1ba000 	C:\Windows\system32\KERNELBASE.dll
0x000007fefea10000 - 0x000007fefeaeb000 	C:\Windows\system32\ADVAPI32.dll
0x000007fefd450000 - 0x000007fefd4ef000 	C:\Windows\system32\msvcrt.dll
0x000007fefd4f0000 - 0x000007fefd50f000 	C:\Windows\SYSTEM32\sechost.dll
0x000007feff120000 - 0x000007feff24d000 	C:\Windows\system32\RPCRT4.dll
0x0000000076f90000 - 0x000000007708a000 	C:\Windows\system32\USER32.dll
0x000007fefd3e0000 - 0x000007fefd447000 	C:\Windows\system32\GDI32.dll
0x000007feff250000 - 0x000007feff25e000 	C:\Windows\system32\LPK.dll
0x000007fefeb70000 - 0x000007fefec3a000 	C:\Windows\system32\USP10.dll
0x000007fefb370000 - 0x000007fefb564000 	C:\Windows\WinSxS\amd64_microsoft.windows.common-controls_6595b64144ccf1df_6.0.7601.18837_none_fa3b1e3d17594757\COMCTL32.dll
0x000007feff0a0000 - 0x000007feff111000 	C:\Windows\system32\SHLWAPI.dll
0x000007fefd3b0000 - 0x000007fefd3de000 	C:\Windows\system32\IMM32.DLL
0x000007fefec40000 - 0x000007fefed49000 	C:\Windows\system32\MSCTF.dll
0x0000000057c50000 - 0x0000000057d22000 	C:\Program Files\Java\jdk1.8.0_40\jre\bin\msvcr100.dll
0x0000000060220000 - 0x0000000060aa3000 	C:\Program Files\Java\jdk1.8.0_40\jre\bin\server\jvm.dll
0x000007fef1da0000 - 0x000007fef1da9000 	C:\Windows\system32\WSOCK32.dll
0x000007fefeff0000 - 0x000007feff03d000 	C:\Windows\system32\WS2_32.dll
0x000007fefef00000 - 0x000007fefef08000 	C:\Windows\system32\NSI.dll
0x000007fef7a50000 - 0x000007fef7a8b000 	C:\Windows\system32\WINMM.dll
0x000007fefbf00000 - 0x000007fefbf0c000 	C:\Windows\system32\VERSION.dll
0x0000000077260000 - 0x0000000077267000 	C:\Windows\system32\PSAPI.DLL
0x00000000748b0000 - 0x00000000748bf000 	C:\Program Files\Java\jdk1.8.0_40\jre\bin\verify.dll
0x0000000070e40000 - 0x0000000070e69000 	C:\Program Files\Java\jdk1.8.0_40\jre\bin\java.dll
0x00000000737a0000 - 0x00000000737b6000 	C:\Program Files\Java\jdk1.8.0_40\jre\bin\zip.dll
0x000007fefdc80000 - 0x000007fefea0c000 	C:\Windows\system32\SHELL32.dll
0x000007fefd510000 - 0x000007fefd713000 	C:\Windows\system32\ole32.dll
0x000007fefce20000 - 0x000007fefce2f000 	C:\Windows\system32\profapi.dll
0x000007fef3960000 - 0x000007fef3a85000 	C:\Windows\system32\dbghelp.dll

VM Arguments:
jvm_args: -Djava.awt.headless=true -Xmx1024M -Dfile.encoding=windows-1252 -Duser.country=AR -Duser.language=es -Duser.variant 
java_command: com.android.dx.command.Main --dex --num-threads=4 --output C:\Users\Pato\Desktop\Tacheando\app\build\intermediates\pre-dexed\release\com.google.firebase-firebase-database-9.0.2_f29fbcb65fcffb8f8aea24a3547f6c512b8dae6a.jar C:\Users\Pato\Desktop\Tacheando\app\build\intermediates\exploded-aar\com.google.firebase\firebase-database\9.0.2\jars\classes.jar
java_class_path (initial): C:\Users\Pato\AppData\Local\Android\sdk\build-tools\23.0.3\lib\dx.jar
Launcher Type: SUN_STANDARD

Environment Variables:
PATH=C:\ProgramData\Oracle\Java\javapath;C:\Windows\system32;C:\Windows;C:\Windows\System32\Wbem;C:\Windows\System32\WindowsPowerShell\v1.0\;C:\Program Files (x86)\Intel\OpenCL SDK\2.0\bin\x86;C:\Program Files (x86)\Intel\OpenCL SDK\2.0\bin\x64;C:\xampp\php;C:\Program Files (x86)\Skype\Phone\;C:\ProgramData\ComposerSetup\bin;C:\Program Files\Git\cmd;C:\Program Files\nodejs\;C:\Users\Pato\AppData\Roaming\Composer\vendor\bin;C:\Users\Pato\AppData\Roaming\npm
USERNAME=Pato
OS=Windows_NT
PROCESSOR_IDENTIFIER=Intel64 Family 6 Model 58 Stepping 9, GenuineIntel



---------------  S Y S T E M  ---------------

OS: Windows 7 , 64 bit Build 7601 (6.1.7601.23418)

CPU:total 4 (2 cores per cpu, 2 threads per core) family 6 model 58 stepping 9, cmov, cx8, fxsr, mmx, sse, sse2, sse3, ssse3, sse4.1, sse4.2, popcnt, avx, clmul, erms, ht, tsc, tscinvbit, tscinv

Memory: 4k page, physical 3374628k(64504k free), swap 5496116k(5424k free)

vm_info: Java HotSpot(TM) 64-Bit Server VM (25.40-b25) for windows-amd64 JRE (1.8.0_40-b26), built on Mar  7 2015 13:51:59 by "java_re" with MS VC++ 10.0 (VS2010)

time: Thu Jun 23 03:21:21 2016
elapsed time: 6 seconds (0d 0h 0m 6s)

