#
# There is insufficient memory for the Java Runtime Environment to continue.
# Native memory allocation (malloc) failed to allocate 65552 bytes for Chunk::new
# Possible reasons:
#   The system is out of physical RAM or swap space
#   In 32 bit mode, the process size limit was hit
# Possible solutions:
#   Reduce memory load on the system
#   Increase physical memory or swap space
#   Check if swap backing store is full
#   Use 64 bit Java on a 64 bit OS
#   Decrease Java heap size (-Xmx/-Xms)
#   Decrease number of Java threads
#   Decrease Java thread stack sizes (-Xss)
#   Set larger code cache with -XX:ReservedCodeCacheSize=
# This output file may be truncated or incomplete.
#
#  Out of Memory Error (allocation.cpp:390), pid=6360, tid=6836
#
# JRE version: Java(TM) SE Runtime Environment (8.0_40-b26) (build 1.8.0_40-b26)
# Java VM: Java HotSpot(TM) 64-Bit Server VM (25.40-b25 mixed mode windows-amd64 compressed oops)
# Failed to write core dump. Minidumps are not enabled by default on client versions of Windows
#

---------------  T H R E A D  ---------------

Current thread (0x00000000551c3800):  JavaThread "C2 CompilerThread0" daemon [_thread_in_native, id=6836, stack(0x0000000056990000,0x0000000056a90000)]

Stack: [0x0000000056990000,0x0000000056a90000]
[error occurred during error reporting (printing stack bounds), id 0xc0000005]

Native frames: (J=compiled Java code, j=interpreted, Vv=VM code, C=native code)
V  [jvm.dll+0x32b47a]


Current CompileTask:
C2:   8762 1612       4       com.android.dx.ssa.SsaMethod::forEachBlockDepthFirst (194 bytes)


---------------  P R O C E S S  ---------------

Java Threads: ( => current thread )
  0x0000000056da8800 JavaThread "pool-1-thread-4" [_thread_in_Java, id=5932, stack(0x0000000057f20000,0x0000000058020000)]
  0x0000000056da5800 JavaThread "pool-1-thread-3" [_thread_blocked, id=6048, stack(0x0000000057a30000,0x0000000057b30000)]
  0x0000000056dac800 JavaThread "pool-1-thread-2" [_thread_blocked, id=6064, stack(0x0000000057d20000,0x0000000057e20000)]
  0x0000000056d06000 JavaThread "pool-2-thread-1" [_thread_blocked, id=6032, stack(0x0000000057b30000,0x0000000057c30000)]
  0x0000000056dfa000 JavaThread "pool-1-thread-1" [_thread_blocked, id=2112, stack(0x0000000002250000,0x0000000002350000)]
  0x0000000056aed800 JavaThread "Service Thread" daemon [_thread_blocked, id=5096, stack(0x0000000056ff0000,0x00000000570f0000)]
  0x0000000056aea000 JavaThread "C1 CompilerThread2" daemon [_thread_blocked, id=6492, stack(0x0000000056880000,0x0000000056980000)]
  0x0000000056ae9800 JavaThread "C2 CompilerThread1" daemon [_thread_in_native, id=5692, stack(0x0000000056ef0000,0x0000000056ff0000)]
=>0x00000000551c3800 JavaThread "C2 CompilerThread0" daemon [_thread_in_native, id=6836, stack(0x0000000056990000,0x0000000056a90000)]
  0x00000000551bf000 JavaThread "Attach Listener" daemon [_thread_blocked, id=6272, stack(0x00000000566c0000,0x00000000567c0000)]
  0x00000000551cf800 JavaThread "Signal Dispatcher" daemon [_thread_blocked, id=4316, stack(0x0000000056500000,0x0000000056600000)]
  0x0000000055166800 JavaThread "Finalizer" daemon [_thread_blocked, id=3860, stack(0x0000000056140000,0x0000000056240000)]
  0x000000005515f800 JavaThread "Reference Handler" daemon [_thread_blocked, id=6052, stack(0x0000000056360000,0x0000000056460000)]
  0x000000000224e000 JavaThread "main" [_thread_blocked, id=4328, stack(0x0000000002420000,0x0000000002520000)]

Other Threads:
  0x000000005515a000 VMThread [stack: 0x0000000056260000,0x0000000056360000] [id=7052]
  0x0000000056aef800 WatcherThread [stack: 0x00000000570f0000,0x00000000571f0000] [id=2504]

VM state:not at safepoint (normal execution)

VM Mutex/Monitor currently owned by a thread: None

Heap:
 PSYoungGen      total 28672K, used 23091K [0x00000000eab00000, 0x00000000ee300000, 0x0000000100000000)
  eden space 26624K, 79% used [0x00000000eab00000,0x00000000ebf90ec0,0x00000000ec500000)
  from space 2048K, 99% used [0x00000000ec500000,0x00000000ec6fc010,0x00000000ec700000)
  to   space 2048K, 0% used [0x00000000ee100000,0x00000000ee100000,0x00000000ee300000)
 ParOldGen       total 35840K, used 5859K [0x00000000c0000000, 0x00000000c2300000, 0x00000000eab00000)
  object space 35840K, 16% used [0x00000000c0000000,0x00000000c05b8e70,0x00000000c2300000)
 Metaspace       used 6159K, capacity 7088K, committed 7296K, reserved 1056768K
  class space    used 590K, capacity 616K, committed 640K, reserved 1048576K

Card table byte_map: [0x0000000011bb0000,0x0000000011dc0000] byte_map_base: 0x00000000115b0000

Marking Bits: (ParMarkBitMap*) 0x0000000060a24040
 Begin Bits: [0x00000000125d0000, 0x00000000135d0000)
 End Bits:   [0x00000000135d0000, 0x00000000145d0000)

Polling page: 0x0000000001b60000

CodeCache: size=245760Kb used=6736Kb max_used=6736Kb free=239023Kb
 bounds [0x00000000027f0000, 0x0000000002e90000, 0x00000000117f0000]
 total_blobs=1870 nmethods=1600 adapters=181
 compilation: enabled

Compilation events (10 events):
Event: 7.956 Thread 0x0000000056aea000 1609       3       java.util.concurrent.ThreadPoolExecutor::isRunning (10 bytes)
Event: 7.956 Thread 0x0000000056aea000 nmethod 1609 0x0000000002e73a10 code [0x0000000002e73b60, 0x0000000002e73cf0]
Event: 7.956 Thread 0x00000000551c3800 1610       4       com.android.dx.util.ByteArray::<init> (81 bytes)
Event: 7.957 Thread 0x00000000551c3800 nmethod 1610 0x0000000002e721d0 code [0x0000000002e72320, 0x0000000002e72418]
Event: 8.748 Thread 0x00000000551c3800 1612       4       com.android.dx.ssa.SsaMethod::forEachBlockDepthFirst (194 bytes)
Event: 8.748 Thread 0x0000000056aea000 1613       3       com.android.dx.rop.code.Rop::<init> (15 bytes)
Event: 8.749 Thread 0x0000000056aea000 nmethod 1613 0x0000000002e71e10 code [0x0000000002e71f80, 0x0000000002e72128]
Event: 8.749 Thread 0x0000000056aea000 1615       3       com.android.dx.ssa.PhiInsn::updateSourcesToDefinitions (68 bytes)
Event: 8.750 Thread 0x0000000056aea000 nmethod 1615 0x0000000002e72690 code [0x0000000002e728a0, 0x0000000002e73418]
Event: 8.754 Thread 0x0000000056aea000 1622       3       com.android.dx.ssa.back.FirstFitLocalCombiningAllocator::processPhiInsn (255 bytes)

GC Heap History (6 events):
Event: 1.981 GC heap before
{Heap before GC invocations=1 (full 0):
 PSYoungGen      total 15360K, used 13312K [0x00000000eab00000, 0x00000000ebc00000, 0x0000000100000000)
  eden space 13312K, 100% used [0x00000000eab00000,0x00000000eb800000,0x00000000eb800000)
  from space 2048K, 0% used [0x00000000eba00000,0x00000000eba00000,0x00000000ebc00000)
  to   space 2048K, 0% used [0x00000000eb800000,0x00000000eb800000,0x00000000eba00000)
 ParOldGen       total 35840K, used 0K [0x00000000c0000000, 0x00000000c2300000, 0x00000000eab00000)
  object space 35840K, 0% used [0x00000000c0000000,0x00000000c0000000,0x00000000c2300000)
 Metaspace       used 4468K, capacity 5584K, committed 5760K, reserved 1056768K
  class space    used 483K, capacity 520K, committed 640K, reserved 1048576K
Event: 2.464 GC heap after
Heap after GC invocations=1 (full 0):
 PSYoungGen      total 15360K, used 2018K [0x00000000eab00000, 0x00000000ec900000, 0x0000000100000000)
  eden space 13312K, 0% used [0x00000000eab00000,0x00000000eab00000,0x00000000eb800000)
  from space 2048K, 98% used [0x00000000eb800000,0x00000000eb9f8818,0x00000000eba00000)
  to   space 2048K, 0% used [0x00000000ec700000,0x00000000ec700000,0x00000000ec900000)
 ParOldGen       total 35840K, used 72K [0x00000000c0000000, 0x00000000c2300000, 0x00000000eab00000)
  object space 35840K, 0% used [0x00000000c0000000,0x00000000c0012000,0x00000000c2300000)
 Metaspace       used 4468K, capacity 5584K, committed 5760K, reserved 1056768K
  class space    used 483K, capacity 520K, committed 640K, reserved 1048576K
}
Event: 3.482 GC heap before
{Heap before GC invocations=2 (full 0):
 PSYoungGen      total 15360K, used 15330K [0x00000000eab00000, 0x00000000ec900000, 0x0000000100000000)
  eden space 13312K, 100% used [0x00000000eab00000,0x00000000eb800000,0x00000000eb800000)
  from space 2048K, 98% used [0x00000000eb800000,0x00000000eb9f8818,0x00000000eba00000)
  to   space 2048K, 0% used [0x00000000ec700000,0x00000000ec700000,0x00000000ec900000)
 ParOldGen       total 35840K, used 72K [0x00000000c0000000, 0x00000000c2300000, 0x00000000eab00000)
  object space 35840K, 0% used [0x00000000c0000000,0x00000000c0012000,0x00000000c2300000)
 Metaspace       used 5829K, capacity 6768K, committed 7040K, reserved 1056768K
  class space    used 590K, capacity 616K, committed 640K, reserved 1048576K
Event: 3.837 GC heap after
Heap after GC invocations=2 (full 0):
 PSYoungGen      total 28672K, used 2023K [0x00000000eab00000, 0x00000000ec900000, 0x0000000100000000)
  eden space 26624K, 0% used [0x00000000eab00000,0x00000000eab00000,0x00000000ec500000)
  from space 2048K, 98% used [0x00000000ec700000,0x00000000ec8f9c50,0x00000000ec900000)
  to   space 2048K, 0% used [0x00000000ec500000,0x00000000ec500000,0x00000000ec700000)
 ParOldGen       total 35840K, used 1860K [0x00000000c0000000, 0x00000000c2300000, 0x00000000eab00000)
  object space 35840K, 5% used [0x00000000c0000000,0x00000000c01d1378,0x00000000c2300000)
 Metaspace       used 5829K, capacity 6768K, committed 7040K, reserved 1056768K
  class space    used 590K, capacity 616K, committed 640K, reserved 1048576K
}
Event: 4.430 GC heap before
{Heap before GC invocations=3 (full 0):
 PSYoungGen      total 28672K, used 28647K [0x00000000eab00000, 0x00000000ec900000, 0x0000000100000000)
  eden space 26624K, 100% used [0x00000000eab00000,0x00000000ec500000,0x00000000ec500000)
  from space 2048K, 98% used [0x00000000ec700000,0x00000000ec8f9c50,0x00000000ec900000)
  to   space 2048K, 0% used [0x00000000ec500000,0x00000000ec500000,0x00000000ec700000)
 ParOldGen       total 35840K, used 1860K [0x00000000c0000000, 0x00000000c2300000, 0x00000000eab00000)
  object space 35840K, 5% used [0x00000000c0000000,0x00000000c01d1378,0x00000000c2300000)
 Metaspace       used 6116K, capacity 7024K, committed 7296K, reserved 1056768K
  class space    used 590K, capacity 616K, committed 640K, reserved 1048576K
Event: 5.179 GC heap after
Heap after GC invocations=3 (full 0):
 PSYoungGen      total 28672K, used 2032K [0x00000000eab00000, 0x00000000ee300000, 0x0000000100000000)
  eden space 26624K, 0% used [0x00000000eab00000,0x00000000eab00000,0x00000000ec500000)
  from space 2048K, 99% used [0x00000000ec500000,0x00000000ec6fc010,0x00000000ec700000)
  to   space 2048K, 0% used [0x00000000ee100000,0x00000000ee100000,0x00000000ee300000)
 ParOldGen       total 35840K, used 5859K [0x00000000c0000000, 0x00000000c2300000, 0x00000000eab00000)
  object space 35840K, 16% used [0x00000000c0000000,0x00000000c05b8e70,0x00000000c2300000)
 Metaspace       used 6116K, capacity 7024K, committed 7296K, reserved 1056768K
  class space    used 590K, capacity 616K, committed 640K, reserved 1048576K
}

Deoptimization events (9 events):
Event: 2.698 Thread 0x0000000056da5800 Uncommon trap: reason=unstable_if action=reinterpret pc=0x0000000002a310f8 method=java.util.HashMap.getNode(ILjava/lang/Object;)Ljava/util/HashMap$Node; @ 129
Event: 2.862 Thread 0x0000000056da5800 Uncommon trap: reason=unstable_if action=reinterpret pc=0x0000000002a6daa0 method=java.util.BitSet.nextSetBit(I)I @ 87
Event: 2.865 Thread 0x0000000056da5800 Uncommon trap: reason=unstable_if action=reinterpret pc=0x0000000002a9a0e4 method=java.util.BitSet.ensureCapacity(I)V @ 6
Event: 4.039 Thread 0x000000000224e000 Uncommon trap: reason=unstable_if action=reinterpret pc=0x0000000002a96248 method=java.util.HashMap.getNode(ILjava/lang/Object;)Ljava/util/HashMap$Node; @ 84
Event: 4.039 Thread 0x000000000224e000 Uncommon trap: reason=unstable_if action=reinterpret pc=0x0000000002a8a330 method=java.util.HashMap.getNode(ILjava/lang/Object;)Ljava/util/HashMap$Node; @ 84
Event: 4.048 Thread 0x0000000056da5800 Uncommon trap: reason=null_check action=make_not_entrant pc=0x0000000002b14010 method=com.android.dx.rop.type.Type.equals(Ljava/lang/Object;)Z @ 8
Event: 4.254 Thread 0x000000000224e000 Uncommon trap: reason=unstable_if action=reinterpret pc=0x0000000002cb19fc method=com.android.dx.rop.cst.StdConstantPool.set(ILcom/android/dx/rop/cst/Constant;)V @ 12
Event: 6.014 Thread 0x0000000056da5800 Uncommon trap: reason=unstable_if action=reinterpret pc=0x0000000002dc58ac method=com.android.dx.ssa.LiteralOpUpgrader$1.visitNonMoveInsn(Lcom/android/dx/ssa/NormalSsaInsn;)V @ 55
Event: 6.017 Thread 0x0000000056da5800 Uncommon trap: reason=unstable_if action=reinterpret pc=0x0000000002c2794c method=com.android.dx.ssa.SsaMethod.updateOneDefinition(Lcom/android/dx/ssa/SsaInsn;Lcom/android/dx/rop/code/RegisterSpec;)V @ 4

Internal exceptions (3 events):
Event: 0.241 Thread 0x000000000224e000 Exception <a 'java/lang/NoSuchMethodError': Method sun.misc.Unsafe.defineClass(Ljava/lang/String;[BII)Ljava/lang/Class; name or signature does not match> (0x00000000eab0d4c8) thrown at [D:\re\workspace\8-2-build-windows-amd64-cygwin\jdk8u40\3098\hotspot\srÅ—*◊öÍŒ?
Event: 0.242 Thread 0x000000000224e000 Exception <a 'java/lang/NoSuchMethodError': Method sun.misc.Unsafe.prefetchRead(Ljava/lang/Object;J)V name or signature does not match> (0x00000000eab0d758) thrown at [D:\re\workspace\8-2-build-windows-amd64-cygwin\jdk8u40\3098\hotspot\src\share\vm\prims\j›Uàù⁄0@
Event: 4.048 Thread 0x0000000056da5800 Implicit null exception at 0x0000000002b13f12 to 0x0000000002b14002

Events (10 events):
Event: 5.224 Thread 0x0000000056dac800 DEOPT PACKING pc=0x0000000002b79564 sp=0x0000000057e1e6f0
Event: 5.224 Thread 0x0000000056dac800 DEOPT UNPACKING pc=0x000000000283787f sp=0x0000000057e1e4b8 mode 0
Event: 6.014 Thread 0x0000000056da5800 Uncommon trap: trap_request=0xffffff65 fr.pc=0x0000000002dc58ac
Event: 6.014 Thread 0x0000000056da5800 DEOPT PACKING pc=0x0000000002dc58ac sp=0x0000000057b2ed90
Event: 6.014 Thread 0x0000000056da5800 DEOPT UNPACKING pc=0x000000000283582a sp=0x0000000057b2ed90 mode 2
Event: 6.014 loading class com/android/dx/rop/code/RegOps
Event: 6.014 loading class com/android/dx/rop/code/RegOps done
Event: 6.017 Thread 0x0000000056da5800 Uncommon trap: trap_request=0xffffff65 fr.pc=0x0000000002c2794c
Event: 6.017 Thread 0x0000000056da5800 DEOPT PACKING pc=0x0000000002c2794c sp=0x0000000057b2ebf0
Event: 6.017 Thread 0x0000000056da5800 DEOPT UNPACKING pc=0x000000000283582a sp=0x0000000057b2eb98 mode 2


Dynamic libraries:
0x000000013f6e0000 - 0x000000013f717000 	C:\Program Files\Java\jdk1.8.0_40\bin\java.exe
0x0000000077090000 - 0x000000007723a000 	C:\Windows\SYSTEM32\ntdll.dll
0x0000000076e70000 - 0x0000000076f8f000 	C:\Windows\system32\kernel32.dll
0x000007fefd150000 - 0x000007fefd1ba000 	C:\Windows\system32\KERNELBASE.dll
0x000007fefea10000 - 0x000007fefeaeb000 	C:\Windows\system32\ADVAPI32.dll
0x000007fefd450000 - 0x000007fefd4ef000 	C:\Windows\system32\msvcrt.dll
0x000007fefd4f0000 - 0x000007fefd50f000 	C:\Windows\SYSTEM32\sechost.dll
0x000007feff120000 - 0x000007feff24d000 	C:\Windows\system32\RPCRT4.dll
0x0000000076f90000 - 0x000000007708a000 	C:\Windows\system32\USER32.dll
0x000007fefd3e0000 - 0x000007fefd447000 	C:\Windows\system32\GDI32.dll
0x000007feff250000 - 0x000007feff25e000 	C:\Windows\system32\LPK.dll
0x000007fefeb70000 - 0x000007fefec3a000 	C:\Windows\system32\USP10.dll
0x000007fefb370000 - 0x000007fefb564000 	C:\Windows\WinSxS\amd64_microsoft.windows.common-controls_6595b64144ccf1df_6.0.7601.18837_none_fa3b1e3d17594757\COMCTL32.dll
0x000007feff0a0000 - 0x000007feff111000 	C:\Windows\system32\SHLWAPI.dll
0x000007fefd3b0000 - 0x000007fefd3de000 	C:\Windows\system32\IMM32.DLL
0x000007fefec40000 - 0x000007fefed49000 	C:\Windows\system32\MSCTF.dll
0x0000000064020000 - 0x00000000640f2000 	C:\Program Files\Java\jdk1.8.0_40\jre\bin\msvcr100.dll
0x0000000060220000 - 0x0000000060aa3000 	C:\Program Files\Java\jdk1.8.0_40\jre\bin\server\jvm.dll
0x000007fef1da0000 - 0x000007fef1da9000 	C:\Windows\system32\WSOCK32.dll
0x000007fefeff0000 - 0x000007feff03d000 	C:\Windows\system32\WS2_32.dll
0x000007fefef00000 - 0x000007fefef08000 	C:\Windows\system32\NSI.dll
0x000007fef7a50000 - 0x000007fef7a8b000 	C:\Windows\system32\WINMM.dll
0x000007fefbf00000 - 0x000007fefbf0c000 	C:\Windows\system32\VERSION.dll
0x0000000077260000 - 0x0000000077267000 	C:\Windows\system32\PSAPI.DLL
0x00000000748b0000 - 0x00000000748bf000 	C:\Program Files\Java\jdk1.8.0_40\jre\bin\verify.dll
0x0000000070e40000 - 0x0000000070e69000 	C:\Program Files\Java\jdk1.8.0_40\jre\bin\java.dll
0x00000000737a0000 - 0x00000000737b6000 	C:\Program Files\Java\jdk1.8.0_40\jre\bin\zip.dll
0x000007fefdc80000 - 0x000007fefea0c000 	C:\Windows\system32\SHELL32.dll
0x000007fefd510000 - 0x000007fefd713000 	C:\Windows\system32\ole32.dll
0x000007fefce20000 - 0x000007fefce2f000 	C:\Windows\system32\profapi.dll

VM Arguments:
jvm_args: -Djava.awt.headless=true -Xmx1024M -Dfile.encoding=windows-1252 -Duser.country=AR -Duser.language=es -Duser.variant 
java_command: com.android.dx.command.Main --dex --num-threads=4 --output C:\Users\Pato\Desktop\Tacheando\app\build\intermediates\pre-dexed\release\com.google.android.gms-play-services-basement-9.0.2_e84874dc4510ca7e82a82f6da95109c98573fc79.jar C:\Users\Pato\Desktop\Tacheando\app\build\intermediates\exploded-aar\com.google.android.gms\play-services-basement\9.0.2\jars\classes.jar
java_class_path (initial): C:\Users\Pato\AppData\Local\Android\sdk\build-tools\23.0.3\lib\dx.jar
Launcher Type: SUN_STANDARD

Environment Variables:
PATH=C:\ProgramData\Oracle\Java\javapath;C:\Windows\system32;C:\Windows;C:\Windows\System32\Wbem;C:\Windows\System32\WindowsPowerShell\v1.0\;C:\Program Files (x86)\Intel\OpenCL SDK\2.0\bin\x86;C:\Program Files (x86)\Intel\OpenCL SDK\2.0\bin\x64;C:\xampp\php;C:\Program Files (x86)\Skype\Phone\;C:\ProgramData\ComposerSetup\bin;C:\Program Files\Git\cmd;C:\Program Files\nodejs\;C:\Users\Pato\AppData\Roaming\Composer\vendor\bin;C:\Users\Pato\AppData\Roaming\npm
USERNAME=Pato
OS=Windows_NT
PROCESSOR_IDENTIFIER=Intel64 Family 6 Model 58 Stepping 9, GenuineIntel



---------------  S Y S T E M  ---------------

OS: Windows 7 , 64 bit Build 7601 (6.1.7601.23418)

CPU:total 4 (2 cores per cpu, 2 threads per core) family 6 model 58 stepping 9, cmov, cx8, fxsr, mmx, sse, sse2, sse3, ssse3, sse4.1, sse4.2, popcnt, avx, clmul, erms, ht, tsc, tscinvbit, tscinv

Memory: 4k page, physical 3374628k(98060k free), swap 5496116k(4996k free)

vm_info: Java HotSpot(TM) 64-Bit Server VM (25.40-b25) for windows-amd64 JRE (1.8.0_40-b26), built on Mar  7 2015 13:51:59 by "java_re" with MS VC++ 10.0 (VS2010)

time: Thu Jun 23 02:53:30 2016
elapsed time: 8 seconds (0d 0h 0m 8s)

