#
# There is insufficient memory for the Java Runtime Environment to continue.
# Native memory allocation (malloc) failed to allocate 131088 bytes for Chunk::new
# Possible reasons:
#   The system is out of physical RAM or swap space
#   In 32 bit mode, the process size limit was hit
# Possible solutions:
#   Reduce memory load on the system
#   Increase physical memory or swap space
#   Check if swap backing store is full
#   Use 64 bit Java on a 64 bit OS
#   Decrease Java heap size (-Xmx/-Xms)
#   Decrease number of Java threads
#   Decrease Java thread stack sizes (-Xss)
#   Set larger code cache with -XX:ReservedCodeCacheSize=
# This output file may be truncated or incomplete.
#
#  Out of Memory Error (allocation.cpp:390), pid=6964, tid=6252
#
# JRE version: Java(TM) SE Runtime Environment (8.0_40-b26) (build 1.8.0_40-b26)
# Java VM: Java HotSpot(TM) 64-Bit Server VM (25.40-b25 mixed mode windows-amd64 compressed oops)
# Failed to write core dump. Minidumps are not enabled by default on client versions of Windows
#

---------------  T H R E A D  ---------------

Current thread (0x0000000055091800):  JavaThread "C2 CompilerThread0" daemon [_thread_in_native, id=6252, stack(0x0000000056740000,0x0000000056840000)]

Stack: [0x0000000056740000,0x0000000056840000]
Native frames: (J=compiled Java code, j=interpreted, Vv=VM code, C=native code)
V  [jvm.dll+0x32b47a]
V  [jvm.dll+0x2797f3]
V  [jvm.dll+0x27a489]
V  [jvm.dll+0x2717a5]
V  [jvm.dll+0xcb9a2]
V  [jvm.dll+0xcbe6c]
V  [jvm.dll+0xcc1c4]
V  [jvm.dll+0x4ea1f0]
V  [jvm.dll+0x4f41c9]
V  [jvm.dll+0x4fcdf9]
V  [jvm.dll+0x4f5e77]
V  [jvm.dll+0x4f61f9]
V  [jvm.dll+0x4f678f]
V  [jvm.dll+0x450fc0]
V  [jvm.dll+0x475ce1]
V  [jvm.dll+0x4fd245]
V  [jvm.dll+0x4f5e77]
V  [jvm.dll+0x4f61f9]
V  [jvm.dll+0x4f678f]
V  [jvm.dll+0x450fc0]
V  [jvm.dll+0x475ce1]
V  [jvm.dll+0x4fd245]
V  [jvm.dll+0x4f5e77]
V  [jvm.dll+0x4f61f9]
V  [jvm.dll+0x4f678f]
V  [jvm.dll+0x450fc0]
V  [jvm.dll+0x475ce1]
V  [jvm.dll+0x4fd245]
V  [jvm.dll+0x4f5e77]
V  [jvm.dll+0x4f61f9]
V  [jvm.dll+0x4f678f]
V  [jvm.dll+0x450fc0]
V  [jvm.dll+0x475ce1]
V  [jvm.dll+0x4fd245]
V  [jvm.dll+0x4f5e77]
V  [jvm.dll+0x4f61f9]
V  [jvm.dll+0x4f678f]
V  [jvm.dll+0x450fc0]
V  [jvm.dll+0x475ce1]
V  [jvm.dll+0x4fd245]
V  [jvm.dll+0x4f5e77]
V  [jvm.dll+0x4f61f9]
V  [jvm.dll+0x4f678f]
V  [jvm.dll+0x450fc0]
V  [jvm.dll+0x46cac5]
V  [jvm.dll+0x4500d2]
V  [jvm.dll+0xa4312]
V  [jvm.dll+0xa4c4f]
V  [jvm.dll+0x241914]
V  [jvm.dll+0x29848a]
C  [msvcr100.dll+0x21d9f]
C  [msvcr100.dll+0x21e3b]
C  [kernel32.dll+0x159bd]
C  [ntdll.dll+0x2a2e1]


Current CompileTask:
C2:  28167 2226   !   4       com.android.dx.cf.code.Ropper::doit (126 bytes)


---------------  P R O C E S S  ---------------

Java Threads: ( => current thread )
  0x0000000056d15000 JavaThread "pool-1-thread-4" [_thread_blocked, id=5256, stack(0x00000000581b0000,0x00000000582b0000)]
  0x0000000056d12000 JavaThread "pool-1-thread-3" [_thread_blocked, id=6408, stack(0x0000000057de0000,0x0000000057ee0000)]
  0x0000000056cdb800 JavaThread "pool-1-thread-2" [_thread_blocked, id=6112, stack(0x0000000057ef0000,0x0000000057ff0000)]
  0x0000000056ce0800 JavaThread "pool-2-thread-1" [_thread_blocked, id=2504, stack(0x0000000057a90000,0x0000000057b90000)]
  0x0000000056cdf800 JavaThread "pool-1-thread-1" [_thread_blocked, id=7092, stack(0x0000000057920000,0x0000000057a20000)]
  0x0000000055098000 JavaThread "Service Thread" daemon [_thread_blocked, id=5532, stack(0x0000000057000000,0x0000000057100000)]
  0x0000000055096800 JavaThread "C1 CompilerThread2" daemon [_thread_blocked, id=3972, stack(0x0000000056960000,0x0000000056a60000)]
  0x0000000055095800 JavaThread "C2 CompilerThread1" daemon [_thread_blocked, id=6604, stack(0x0000000056860000,0x0000000056960000)]
=>0x0000000055091800 JavaThread "C2 CompilerThread0" daemon [_thread_in_native, id=6252, stack(0x0000000056740000,0x0000000056840000)]
  0x000000005509f000 JavaThread "Attach Listener" daemon [_thread_blocked, id=4900, stack(0x00000000565d0000,0x00000000566d0000)]
  0x000000005509d800 JavaThread "Signal Dispatcher" daemon [_thread_blocked, id=5564, stack(0x00000000563e0000,0x00000000564e0000)]
  0x0000000055030800 JavaThread "Finalizer" daemon [_thread_blocked, id=5508, stack(0x0000000056260000,0x0000000056360000)]
  0x000000005502f800 JavaThread "Reference Handler" daemon [_thread_blocked, id=6740, stack(0x0000000056040000,0x0000000056140000)]
  0x000000000234e000 JavaThread "main" [_thread_blocked, id=5848, stack(0x00000000024b0000,0x00000000025b0000)]

Other Threads:
  0x000000005502a000 VMThread [stack: 0x0000000056140000,0x0000000056240000] [id=2880]
  0x0000000056a61000 WatcherThread [stack: 0x0000000056eb0000,0x0000000056fb0000] [id=6960]

VM state:not at safepoint (normal execution)

VM Mutex/Monitor currently owned by a thread: None

Heap:
 PSYoungGen      total 117760K, used 33559K [0x00000000eab00000, 0x00000000f2f00000, 0x0000000100000000)
  eden space 104960K, 21% used [0x00000000eab00000,0x00000000ec1167c8,0x00000000f1180000)
  from space 12800K, 85% used [0x00000000f1f80000,0x00000000f2a2f540,0x00000000f2c00000)
  to   space 14336K, 0% used [0x00000000f1180000,0x00000000f1180000,0x00000000f1f80000)
 ParOldGen       total 35840K, used 18878K [0x00000000c0000000, 0x00000000c2300000, 0x00000000eab00000)
  object space 35840K, 52% used [0x00000000c0000000,0x00000000c126fa28,0x00000000c2300000)
 Metaspace       used 6343K, capacity 7216K, committed 7296K, reserved 1056768K
  class space    used 595K, capacity 616K, committed 640K, reserved 1048576K

Card table byte_map: [0x0000000011c40000,0x0000000011e50000] byte_map_base: 0x0000000011640000

Marking Bits: (ParMarkBitMap*) 0x0000000060a24040
 Begin Bits: [0x00000000124a0000, 0x00000000134a0000)
 End Bits:   [0x00000000134a0000, 0x00000000144a0000)

Polling page: 0x0000000000640000

CodeCache: size=245760Kb used=8700Kb max_used=10143Kb free=237059Kb
 bounds [0x0000000002880000, 0x0000000003290000, 0x0000000011880000]
 total_blobs=2051 nmethods=1781 adapters=182
 compilation: enabled

Compilation events (10 events):
Event: 27.396 Thread 0x0000000055096800 nmethod 2222 0x0000000002b249d0 code [0x0000000002b24b60, 0x0000000002b24e78]
Event: 27.503 Thread 0x0000000055096800 2223       3       com.android.dx.cf.direct.StdAttributeFactory::sourceFile (94 bytes)
Event: 27.506 Thread 0x0000000055096800 nmethod 2223 0x0000000002c522d0 code [0x0000000002c52740, 0x0000000002c54fc8]
Event: 27.967 Thread 0x0000000055096800 2224   !   3       com.android.dx.dex.cf.CfTranslator::processMethods (583 bytes)
Event: 27.975 Thread 0x0000000055096800 nmethod 2224 0x0000000002a3cd50 code [0x0000000002a3d4e0, 0x0000000002a430e8]
Event: 28.065 Thread 0x0000000055091800 2226   !   4       com.android.dx.cf.code.Ropper::doit (126 bytes)
Event: 28.065 Thread 0x0000000055095800 2227       4       com.android.dx.ssa.SsaMethod$2::visitPhiInsn (6 bytes)
Event: 28.065 Thread 0x0000000055096800 2225       3       com.android.dx.cf.code.SwitchList::add (35 bytes)
Event: 28.065 Thread 0x0000000055095800 nmethod 2227 0x000000000325dd50 code [0x000000000325dea0, 0x000000000325df08]
Event: 28.066 Thread 0x0000000055096800 nmethod 2225 0x0000000002d58750 code [0x0000000002d58900, 0x0000000002d58eb8]

GC Heap History (10 events):
Event: 3.493 GC heap before
{Heap before GC invocations=2 (full 0):
 PSYoungGen      total 15360K, used 14285K [0x00000000eab00000, 0x00000000ec900000, 0x0000000100000000)
  eden space 13312K, 100% used [0x00000000eab00000,0x00000000eb800000,0x00000000eb800000)
  from space 2048K, 47% used [0x00000000eb800000,0x00000000eb8f3650,0x00000000eba00000)
  to   space 2048K, 0% used [0x00000000ec700000,0x00000000ec700000,0x00000000ec900000)
 ParOldGen       total 35840K, used 0K [0x00000000c0000000, 0x00000000c2300000, 0x00000000eab00000)
  object space 35840K, 0% used [0x00000000c0000000,0x00000000c0000000,0x00000000c2300000)
 Metaspace       used 5676K, capacity 6640K, committed 6784K, reserved 1056768K
  class space    used 588K, capacity 616K, committed 640K, reserved 1048576K
Event: 4.361 GC heap after
Heap after GC invocations=2 (full 0):
 PSYoungGen      total 28672K, used 2039K [0x00000000eab00000, 0x00000000ec900000, 0x0000000100000000)
  eden space 26624K, 0% used [0x00000000eab00000,0x00000000eab00000,0x00000000ec500000)
  from space 2048K, 99% used [0x00000000ec700000,0x00000000ec8fdc78,0x00000000ec900000)
  to   space 2048K, 0% used [0x00000000ec500000,0x00000000ec500000,0x00000000ec700000)
 ParOldGen       total 35840K, used 1595K [0x00000000c0000000, 0x00000000c2300000, 0x00000000eab00000)
  object space 35840K, 4% used [0x00000000c0000000,0x00000000c018ee38,0x00000000c2300000)
 Metaspace       used 5676K, capacity 6640K, committed 6784K, reserved 1056768K
  class space    used 588K, capacity 616K, committed 640K, reserved 1048576K
}
Event: 6.290 GC heap before
{Heap before GC invocations=3 (full 0):
 PSYoungGen      total 28672K, used 28663K [0x00000000eab00000, 0x00000000ec900000, 0x0000000100000000)
  eden space 26624K, 100% used [0x00000000eab00000,0x00000000ec500000,0x00000000ec500000)
  from space 2048K, 99% used [0x00000000ec700000,0x00000000ec8fdc78,0x00000000ec900000)
  to   space 2048K, 0% used [0x00000000ec500000,0x00000000ec500000,0x00000000ec700000)
 ParOldGen       total 35840K, used 1595K [0x00000000c0000000, 0x00000000c2300000, 0x00000000eab00000)
  object space 35840K, 4% used [0x00000000c0000000,0x00000000c018ee38,0x00000000c2300000)
 Metaspace       used 6109K, capacity 7024K, committed 7296K, reserved 1056768K
  class space    used 593K, capacity 616K, committed 640K, reserved 1048576K
Event: 6.539 GC heap after
Heap after GC invocations=3 (full 0):
 PSYoungGen      total 28672K, used 2016K [0x00000000eab00000, 0x00000000ee300000, 0x0000000100000000)
  eden space 26624K, 0% used [0x00000000eab00000,0x00000000eab00000,0x00000000ec500000)
  from space 2048K, 98% used [0x00000000ec500000,0x00000000ec6f80b0,0x00000000ec700000)
  to   space 2048K, 0% used [0x00000000ee100000,0x00000000ee100000,0x00000000ee300000)
 ParOldGen       total 35840K, used 5605K [0x00000000c0000000, 0x00000000c2300000, 0x00000000eab00000)
  object space 35840K, 15% used [0x00000000c0000000,0x00000000c0579770,0x00000000c2300000)
 Metaspace       used 6109K, capacity 7024K, committed 7296K, reserved 1056768K
  class space    used 593K, capacity 616K, committed 640K, reserved 1048576K
}
Event: 8.868 GC heap before
{Heap before GC invocations=4 (full 0):
 PSYoungGen      total 28672K, used 28640K [0x00000000eab00000, 0x00000000ee300000, 0x0000000100000000)
  eden space 26624K, 100% used [0x00000000eab00000,0x00000000ec500000,0x00000000ec500000)
  from space 2048K, 98% used [0x00000000ec500000,0x00000000ec6f80b0,0x00000000ec700000)
  to   space 2048K, 0% used [0x00000000ee100000,0x00000000ee100000,0x00000000ee300000)
 ParOldGen       total 35840K, used 5605K [0x00000000c0000000, 0x00000000c2300000, 0x00000000eab00000)
  object space 35840K, 15% used [0x00000000c0000000,0x00000000c0579770,0x00000000c2300000)
 Metaspace       used 6166K, capacity 7088K, committed 7296K, reserved 1056768K
  class space    used 593K, capacity 616K, committed 640K, reserved 1048576K
Event: 9.416 GC heap after
Heap after GC invocations=4 (full 0):
 PSYoungGen      total 55296K, used 2036K [0x00000000eab00000, 0x00000000ee300000, 0x0000000100000000)
  eden space 53248K, 0% used [0x00000000eab00000,0x00000000eab00000,0x00000000edf00000)
  from space 2048K, 99% used [0x00000000ee100000,0x00000000ee2fd300,0x00000000ee300000)
  to   space 2048K, 0% used [0x00000000edf00000,0x00000000edf00000,0x00000000ee100000)
 ParOldGen       total 35840K, used 10365K [0x00000000c0000000, 0x00000000c2300000, 0x00000000eab00000)
  object space 35840K, 28% used [0x00000000c0000000,0x00000000c0a1f438,0x00000000c2300000)
 Metaspace       used 6166K, capacity 7088K, committed 7296K, reserved 1056768K
  class space    used 593K, capacity 616K, committed 640K, reserved 1048576K
}
Event: 18.434 GC heap before
{Heap before GC invocations=5 (full 0):
 PSYoungGen      total 55296K, used 55284K [0x00000000eab00000, 0x00000000ee300000, 0x0000000100000000)
  eden space 53248K, 100% used [0x00000000eab00000,0x00000000edf00000,0x00000000edf00000)
  from space 2048K, 99% used [0x00000000ee100000,0x00000000ee2fd300,0x00000000ee300000)
  to   space 2048K, 0% used [0x00000000edf00000,0x00000000edf00000,0x00000000ee100000)
 ParOldGen       total 35840K, used 10365K [0x00000000c0000000, 0x00000000c2300000, 0x00000000eab00000)
  object space 35840K, 28% used [0x00000000c0000000,0x00000000c0a1f438,0x00000000c2300000)
 Metaspace       used 6229K, capacity 7152K, committed 7296K, reserved 1056768K
  class space    used 594K, capacity 616K, committed 640K, reserved 1048576K
Event: 18.497 GC heap after
Heap after GC invocations=5 (full 0):
 PSYoungGen      total 55296K, used 2045K [0x00000000eab00000, 0x00000000f2c00000, 0x0000000100000000)
  eden space 53248K, 0% used [0x00000000eab00000,0x00000000eab00000,0x00000000edf00000)
  from space 2048K, 99% used [0x00000000edf00000,0x00000000ee0ff540,0x00000000ee100000)
  to   space 12800K, 0% used [0x00000000f1f80000,0x00000000f1f80000,0x00000000f2c00000)
 ParOldGen       total 35840K, used 18878K [0x00000000c0000000, 0x00000000c2300000, 0x00000000eab00000)
  object space 35840K, 52% used [0x00000000c0000000,0x00000000c126fa28,0x00000000c2300000)
 Metaspace       used 6229K, capacity 7152K, committed 7296K, reserved 1056768K
  class space    used 594K, capacity 616K, committed 640K, reserved 1048576K
}
Event: 25.374 GC heap before
{Heap before GC invocations=6 (full 0):
 PSYoungGen      total 55296K, used 55293K [0x00000000eab00000, 0x00000000f2c00000, 0x0000000100000000)
  eden space 53248K, 100% used [0x00000000eab00000,0x00000000edf00000,0x00000000edf00000)
  from space 2048K, 99% used [0x00000000edf00000,0x00000000ee0ff540,0x00000000ee100000)
  to   space 12800K, 0% used [0x00000000f1f80000,0x00000000f1f80000,0x00000000f2c00000)
 ParOldGen       total 35840K, used 18878K [0x00000000c0000000, 0x00000000c2300000, 0x00000000eab00000)
  object space 35840K, 52% used [0x00000000c0000000,0x00000000c126fa28,0x00000000c2300000)
 Metaspace       used 6289K, capacity 7152K, committed 7296K, reserved 1056768K
  class space    used 595K, capacity 616K, committed 640K, reserved 1048576K
Event: 25.476 GC heap after
Heap after GC invocations=6 (full 0):
 PSYoungGen      total 117760K, used 10941K [0x00000000eab00000, 0x00000000f2f00000, 0x0000000100000000)
  eden space 104960K, 0% used [0x00000000eab00000,0x00000000eab00000,0x00000000f1180000)
  from space 12800K, 85% used [0x00000000f1f80000,0x00000000f2a2f540,0x00000000f2c00000)
  to   space 14336K, 0% used [0x00000000f1180000,0x00000000f1180000,0x00000000f1f80000)
 ParOldGen       total 35840K, used 18878K [0x00000000c0000000, 0x00000000c2300000, 0x00000000eab00000)
  object space 35840K, 52% used [0x00000000c0000000,0x00000000c126fa28,0x00000000c2300000)
 Metaspace       used 6289K, capacity 7152K, committed 7296K, reserved 1056768K
  class space    used 595K, capacity 616K, committed 640K, reserved 1048576K
}

Deoptimization events (10 events):
Event: 22.763 Thread 0x0000000056cdb800 Uncommon trap: reason=class_check action=maybe_recompile pc=0x00000000031fa618 method=com.android.dx.cf.code.BytecodeArray.parseInstruction(ILcom/android/dx/cf/code/BytecodeArray$Visitor;)I @ 1417
Event: 22.764 Thread 0x0000000056cdb800 Uncommon trap: reason=bimorphic action=maybe_recompile pc=0x000000000302ba58 method=com.android.dx.ssa.SCCP.setLatticeValueTo(IILcom/android/dx/rop/cst/Constant;)Z @ 43
Event: 22.764 Thread 0x0000000056cdb800 Uncommon trap: reason=bimorphic action=maybe_recompile pc=0x0000000003050dc4 method=com.android.dx.ssa.SCCP.setLatticeValueTo(IILcom/android/dx/rop/cst/Constant;)Z @ 43
Event: 22.765 Thread 0x0000000056cdb800 Uncommon trap: reason=bimorphic action=maybe_recompile pc=0x0000000003050dc4 method=com.android.dx.ssa.SCCP.setLatticeValueTo(IILcom/android/dx/rop/cst/Constant;)Z @ 43
Event: 22.765 Thread 0x0000000056cdb800 Uncommon trap: reason=bimorphic action=maybe_recompile pc=0x00000000031bc318 method=java.util.HashMap.putVal(ILjava/lang/Object;Ljava/lang/Object;ZZ)Ljava/lang/Object; @ 203
Event: 22.766 Thread 0x0000000056cdb800 Uncommon trap: reason=bimorphic action=maybe_recompile pc=0x000000000302ba58 method=com.android.dx.ssa.SCCP.setLatticeValueTo(IILcom/android/dx/rop/cst/Constant;)Z @ 43
Event: 22.776 Thread 0x0000000056cdb800 Uncommon trap: reason=bimorphic action=maybe_recompile pc=0x0000000002f0cdbc method=com.android.dx.ssa.SCCP.simulatePhi(Lcom/android/dx/ssa/PhiInsn;)V @ 124
Event: 22.776 Thread 0x0000000056cdb800 Uncommon trap: reason=bimorphic action=maybe_recompile pc=0x0000000002f0cdbc method=com.android.dx.ssa.SCCP.simulatePhi(Lcom/android/dx/ssa/PhiInsn;)V @ 124
Event: 22.777 Thread 0x0000000056cdb800 Uncommon trap: reason=bimorphic action=maybe_recompile pc=0x0000000002f0cdbc method=com.android.dx.ssa.SCCP.simulatePhi(Lcom/android/dx/ssa/PhiInsn;)V @ 124
Event: 22.777 Thread 0x0000000056cdb800 Uncommon trap: reason=bimorphic action=maybe_recompile pc=0x0000000002f0cdbc method=com.android.dx.ssa.SCCP.simulatePhi(Lcom/android/dx/ssa/PhiInsn;)V @ 124

Internal exceptions (4 events):
Event: 0.126 Thread 0x000000000234e000 Exception <a 'java/lang/NoSuchMethodError': Method sun.misc.Unsafe.defineClass(Ljava/lang/String;[BII)Ljava/lang/Class; name or signature does not match> (0x00000000eab0d310) thrown at [D:\re\workspace\8-2-build-windows-amd64-cygwin\jdk8u40\3098\hotspot\srËá&'À?
Event: 0.126 Thread 0x000000000234e000 Exception <a 'java/lang/NoSuchMethodError': Method sun.misc.Unsafe.prefetchRead(Ljava/lang/Object;J)V name or signature does not match> (0x00000000eab0d5a0) thrown at [D:\re\workspace\8-2-build-windows-amd64-cygwin\jdk8u40\3098\hotspot\src\share\vm\prims\j"{Ä‰‚ø@
Event: 5.743 Thread 0x0000000056cdf800 Implicit null exception at 0x0000000002b36637 to 0x0000000002b38921
Event: 5.878 Thread 0x0000000056d12000 Implicit null exception at 0x0000000002d503d2 to 0x0000000002d504d1

Events (10 events):
Event: 22.776 Thread 0x0000000056cdb800 DEOPT PACKING pc=0x0000000002d3a3d5 sp=0x0000000057fee7c0
Event: 22.777 Thread 0x0000000056cdb800 DEOPT UNPACKING pc=0x00000000028c787f sp=0x0000000057fee550 mode 0
Event: 22.777 Thread 0x0000000056cdb800 Uncommon trap: trap_request=0xffffffc6 fr.pc=0x0000000002f0cdbc
Event: 22.777 Thread 0x0000000056cdb800 DEOPT PACKING pc=0x0000000002f0cdbc sp=0x0000000057fee630
Event: 22.777 Thread 0x0000000056cdb800 DEOPT UNPACKING pc=0x00000000028c582a sp=0x0000000057fee5b8 mode 2
Event: 22.777 Thread 0x0000000056cdb800 Uncommon trap: trap_request=0xffffffc6 fr.pc=0x0000000002f0cdbc
Event: 22.777 Thread 0x0000000056cdb800 DEOPT PACKING pc=0x0000000002f0cdbc sp=0x0000000057fee630
Event: 22.777 Thread 0x0000000056cdb800 DEOPT UNPACKING pc=0x00000000028c582a sp=0x0000000057fee5b8 mode 2
Event: 25.374 Executing VM operation: ParallelGCFailedAllocation
Event: 25.476 Executing VM operation: ParallelGCFailedAllocation done


Dynamic libraries:
0x000000013ffb0000 - 0x000000013ffe7000 	C:\Program Files\Java\jdk1.8.0_40\bin\java.exe
0x0000000077090000 - 0x000000007723a000 	C:\Windows\SYSTEM32\ntdll.dll
0x0000000076e70000 - 0x0000000076f8f000 	C:\Windows\system32\kernel32.dll
0x000007fefd150000 - 0x000007fefd1ba000 	C:\Windows\system32\KERNELBASE.dll
0x000007fefea10000 - 0x000007fefeaeb000 	C:\Windows\system32\ADVAPI32.dll
0x000007fefd450000 - 0x000007fefd4ef000 	C:\Windows\system32\msvcrt.dll
0x000007fefd4f0000 - 0x000007fefd50f000 	C:\Windows\SYSTEM32\sechost.dll
0x000007feff120000 - 0x000007feff24d000 	C:\Windows\system32\RPCRT4.dll
0x0000000076f90000 - 0x000000007708a000 	C:\Windows\system32\USER32.dll
0x000007fefd3e0000 - 0x000007fefd447000 	C:\Windows\system32\GDI32.dll
0x000007feff250000 - 0x000007feff25e000 	C:\Windows\system32\LPK.dll
0x000007fefeb70000 - 0x000007fefec3a000 	C:\Windows\system32\USP10.dll
0x000007fefb370000 - 0x000007fefb564000 	C:\Windows\WinSxS\amd64_microsoft.windows.common-controls_6595b64144ccf1df_6.0.7601.18837_none_fa3b1e3d17594757\COMCTL32.dll
0x000007feff0a0000 - 0x000007feff111000 	C:\Windows\system32\SHLWAPI.dll
0x000007fefd3b0000 - 0x000007fefd3de000 	C:\Windows\system32\IMM32.DLL
0x000007fefec40000 - 0x000007fefed49000 	C:\Windows\system32\MSCTF.dll
0x0000000057c50000 - 0x0000000057d22000 	C:\Program Files\Java\jdk1.8.0_40\jre\bin\msvcr100.dll
0x0000000060220000 - 0x0000000060aa3000 	C:\Program Files\Java\jdk1.8.0_40\jre\bin\server\jvm.dll
0x000007fef1da0000 - 0x000007fef1da9000 	C:\Windows\system32\WSOCK32.dll
0x000007fefeff0000 - 0x000007feff03d000 	C:\Windows\system32\WS2_32.dll
0x000007fefef00000 - 0x000007fefef08000 	C:\Windows\system32\NSI.dll
0x000007fef7a50000 - 0x000007fef7a8b000 	C:\Windows\system32\WINMM.dll
0x000007fefbf00000 - 0x000007fefbf0c000 	C:\Windows\system32\VERSION.dll
0x0000000077260000 - 0x0000000077267000 	C:\Windows\system32\PSAPI.DLL
0x00000000748b0000 - 0x00000000748bf000 	C:\Program Files\Java\jdk1.8.0_40\jre\bin\verify.dll
0x0000000070e40000 - 0x0000000070e69000 	C:\Program Files\Java\jdk1.8.0_40\jre\bin\java.dll
0x00000000737a0000 - 0x00000000737b6000 	C:\Program Files\Java\jdk1.8.0_40\jre\bin\zip.dll
0x000007fefdc80000 - 0x000007fefea0c000 	C:\Windows\system32\SHELL32.dll
0x000007fefd510000 - 0x000007fefd713000 	C:\Windows\system32\ole32.dll
0x000007fefce20000 - 0x000007fefce2f000 	C:\Windows\system32\profapi.dll
0x000007fef3960000 - 0x000007fef3a85000 	C:\Windows\system32\dbghelp.dll

VM Arguments:
jvm_args: -Djava.awt.headless=true -Xmx1024M -Dfile.encoding=windows-1252 -Duser.country=AR -Duser.language=es -Duser.variant 
java_command: com.android.dx.command.Main --dex --num-threads=4 --output C:\Users\Pato\Desktop\Tacheando\app\build\intermediates\pre-dexed\release\com.android.support-support-v4-23.4.0_c328307ed83c3219086bf52b80578a355b97422e.jar C:\Users\Pato\Desktop\Tacheando\app\build\intermediates\exploded-aar\com.android.support\support-v4\23.4.0\jars\classes.jar
java_class_path (initial): C:\Users\Pato\AppData\Local\Android\sdk\build-tools\23.0.3\lib\dx.jar
Launcher Type: SUN_STANDARD

Environment Variables:
PATH=C:\ProgramData\Oracle\Java\javapath;C:\Windows\system32;C:\Windows;C:\Windows\System32\Wbem;C:\Windows\System32\WindowsPowerShell\v1.0\;C:\Program Files (x86)\Intel\OpenCL SDK\2.0\bin\x86;C:\Program Files (x86)\Intel\OpenCL SDK\2.0\bin\x64;C:\xampp\php;C:\Program Files (x86)\Skype\Phone\;C:\ProgramData\ComposerSetup\bin;C:\Program Files\Git\cmd;C:\Program Files\nodejs\;C:\Users\Pato\AppData\Roaming\Composer\vendor\bin;C:\Users\Pato\AppData\Roaming\npm
USERNAME=Pato
OS=Windows_NT
PROCESSOR_IDENTIFIER=Intel64 Family 6 Model 58 Stepping 9, GenuineIntel



---------------  S Y S T E M  ---------------

OS: Windows 7 , 64 bit Build 7601 (6.1.7601.23418)

CPU:total 4 (2 cores per cpu, 2 threads per core) family 6 model 58 stepping 9, cmov, cx8, fxsr, mmx, sse, sse2, sse3, ssse3, sse4.1, sse4.2, popcnt, avx, clmul, erms, ht, tsc, tscinvbit, tscinv

Memory: 4k page, physical 3374628k(160328k free), swap 5496116k(266868k free)

vm_info: Java HotSpot(TM) 64-Bit Server VM (25.40-b25) for windows-amd64 JRE (1.8.0_40-b26), built on Mar  7 2015 13:51:59 by "java_re" with MS VC++ 10.0 (VS2010)

time: Thu Jun 23 03:21:21 2016
elapsed time: 28 seconds (0d 0h 0m 28s)

