#
# There is insufficient memory for the Java Runtime Environment to continue.
# Native memory allocation (malloc) failed to allocate 131088 bytes for Chunk::new
# Possible reasons:
#   The system is out of physical RAM or swap space
#   In 32 bit mode, the process size limit was hit
# Possible solutions:
#   Reduce memory load on the system
#   Increase physical memory or swap space
#   Check if swap backing store is full
#   Use 64 bit Java on a 64 bit OS
#   Decrease Java heap size (-Xmx/-Xms)
#   Decrease number of Java threads
#   Decrease Java thread stack sizes (-Xss)
#   Set larger code cache with -XX:ReservedCodeCacheSize=
# This output file may be truncated or incomplete.
#
#  Out of Memory Error (allocation.cpp:390), pid=4228, tid=2056
#
# JRE version: Java(TM) SE Runtime Environment (8.0_40-b26) (build 1.8.0_40-b26)
# Java VM: Java HotSpot(TM) 64-Bit Server VM (25.40-b25 mixed mode windows-amd64 compressed oops)
# Failed to write core dump. Minidumps are not enabled by default on client versions of Windows
#

---------------  T H R E A D  ---------------

Current thread (0x000000005527b000):  JavaThread "C2 CompilerThread1" daemon [_thread_in_native, id=2056, stack(0x00000000569f0000,0x0000000056af0000)]

Stack: [0x00000000569f0000,0x0000000056af0000]
Native frames: (J=compiled Java code, j=interpreted, Vv=VM code, C=native code)
V  [jvm.dll+0x32b47a]
V  [jvm.dll+0x2797f3]
V  [jvm.dll+0x27a489]
V  [jvm.dll+0x2717a5]
V  [jvm.dll+0xcb9a2]
V  [jvm.dll+0xcbe6c]
V  [jvm.dll+0xcc1c4]
V  [jvm.dll+0x4ea1f0]
V  [jvm.dll+0x4f1ff6]
V  [jvm.dll+0x4f6640]
V  [jvm.dll+0x450fc0]
V  [jvm.dll+0x475ce1]
V  [jvm.dll+0x4fd245]
V  [jvm.dll+0x4f5e77]
V  [jvm.dll+0x4f61f9]
V  [jvm.dll+0x4f678f]
V  [jvm.dll+0x450fc0]
V  [jvm.dll+0x475ce1]
V  [jvm.dll+0x4fd245]
V  [jvm.dll+0x4f5e77]
V  [jvm.dll+0x4f61f9]
V  [jvm.dll+0x4f678f]
V  [jvm.dll+0x450fc0]
V  [jvm.dll+0x4516bd]
V  [jvm.dll+0x451600]
V  [jvm.dll+0x475ce1]
V  [jvm.dll+0x4fd245]
V  [jvm.dll+0x4f5e77]
V  [jvm.dll+0x4f61f9]
V  [jvm.dll+0x4f678f]
V  [jvm.dll+0x450fc0]
V  [jvm.dll+0x46cac5]
V  [jvm.dll+0x4500d2]
V  [jvm.dll+0xa4312]
V  [jvm.dll+0xa4c4f]
V  [jvm.dll+0x241914]
V  [jvm.dll+0x29848a]
C  [msvcr100.dll+0x21d9f]
C  [msvcr100.dll+0x21e3b]
C  [kernel32.dll+0x159bd]
C  [ntdll.dll+0x2a2e1]


Current CompileTask:
C2:   4187 1224   !   4       com.android.dx.cf.code.BytecodeArray::parseInstruction (2764 bytes)


---------------  P R O C E S S  ---------------

Java Threads: ( => current thread )
  0x0000000056fd6800 JavaThread "pool-1-thread-4" [_thread_blocked, id=4000, stack(0x0000000057160000,0x0000000057260000)]
  0x0000000056fd2000 JavaThread "pool-1-thread-3" [_thread_blocked, id=3488, stack(0x0000000056b30000,0x0000000056c30000)]
  0x0000000056fd1000 JavaThread "pool-1-thread-2" [_thread_blocked, id=6708, stack(0x00000000120e0000,0x00000000121e0000)]
  0x0000000056fcf000 JavaThread "pool-2-thread-1" [_thread_blocked, id=6652, stack(0x0000000057670000,0x0000000057770000)]
  0x0000000056fc8000 JavaThread "pool-1-thread-1" [_thread_blocked, id=6280, stack(0x0000000057500000,0x0000000057600000)]
  0x000000005527d800 JavaThread "Service Thread" daemon [_thread_blocked, id=1740, stack(0x0000000057290000,0x0000000057390000)]
  0x000000005527c000 JavaThread "C1 CompilerThread2" daemon [_thread_blocked, id=4848, stack(0x0000000056c60000,0x0000000056d60000)]
=>0x000000005527b000 JavaThread "C2 CompilerThread1" daemon [_thread_in_native, id=2056, stack(0x00000000569f0000,0x0000000056af0000)]
  0x0000000055277000 JavaThread "C2 CompilerThread0" daemon [_thread_blocked, id=3500, stack(0x0000000056880000,0x0000000056980000)]
  0x0000000055272800 JavaThread "Attach Listener" daemon [_thread_blocked, id=6664, stack(0x0000000056750000,0x0000000056850000)]
  0x0000000055271000 JavaThread "Signal Dispatcher" daemon [_thread_blocked, id=5620, stack(0x0000000056180000,0x0000000056280000)]
  0x0000000055211000 JavaThread "Finalizer" daemon [_thread_blocked, id=6516, stack(0x00000000565a0000,0x00000000566a0000)]
  0x000000005520f800 JavaThread "Reference Handler" daemon [_thread_blocked, id=3872, stack(0x0000000056470000,0x0000000056570000)]
  0x000000000214e000 JavaThread "main" [_thread_blocked, id=5912, stack(0x00000000024f0000,0x00000000025f0000)]

Other Threads:
  0x000000005520a000 VMThread [stack: 0x00000000562c0000,0x00000000563c0000] [id=5824]
  0x0000000056d60800 WatcherThread [stack: 0x0000000057400000,0x0000000057500000] [id=6000]

VM state:not at safepoint (normal execution)

VM Mutex/Monitor currently owned by a thread: None

Heap:
 PSYoungGen      total 28672K, used 4502K [0x00000000eab00000, 0x00000000ec900000, 0x0000000100000000)
  eden space 26624K, 9% used [0x00000000eab00000,0x00000000ead6af70,0x00000000ec500000)
  from space 2048K, 98% used [0x00000000ec700000,0x00000000ec8faac8,0x00000000ec900000)
  to   space 2048K, 0% used [0x00000000ec500000,0x00000000ec500000,0x00000000ec700000)
 ParOldGen       total 35840K, used 3531K [0x00000000c0000000, 0x00000000c2300000, 0x00000000eab00000)
  object space 35840K, 9% used [0x00000000c0000000,0x00000000c0372e30,0x00000000c2300000)
 Metaspace       used 5883K, capacity 6896K, committed 7040K, reserved 1056768K
  class space    used 587K, capacity 616K, committed 640K, reserved 1048576K

Card table byte_map: [0x0000000011c80000,0x0000000011e90000] byte_map_base: 0x0000000011680000

Marking Bits: (ParMarkBitMap*) 0x0000000060a24040
 Begin Bits: [0x0000000012680000, 0x0000000013680000)
 End Bits:   [0x0000000013680000, 0x0000000014680000)

Polling page: 0x0000000000140000

CodeCache: size=245760Kb used=4764Kb max_used=4776Kb free=240995Kb
 bounds [0x00000000028c0000, 0x0000000002d70000, 0x00000000118c0000]
 total_blobs=1510 nmethods=1242 adapters=181
 compilation: enabled

Compilation events (10 events):
Event: 4.031 Thread 0x000000005527c000 1227       1       com.android.dx.cf.attrib.InnerClassList$Item::getOuterClass (5 bytes)
Event: 4.032 Thread 0x000000005527c000 nmethod 1227 0x0000000002d3a690 code [0x0000000002d3a7e0, 0x0000000002d3a8f0]
Event: 4.032 Thread 0x0000000055277000 1228       4       com.android.dx.rop.code.InsnList::set (7 bytes)
Event: 4.032 Thread 0x000000005527c000 1229       3       com.android.dx.cf.code.RopperMachine::updateReturnOp (115 bytes)
Event: 4.033 Thread 0x0000000055277000 nmethod 1228 0x0000000002d59150 code [0x0000000002d592a0, 0x0000000002d59398]
Event: 4.033 Thread 0x000000005527c000 nmethod 1229 0x0000000002d57490 code [0x0000000002d57720, 0x0000000002d58938]
Event: 4.033 Thread 0x000000005527c000 1231       3       com.android.dx.cf.code.Ropper::getRopMethod (64 bytes)
Event: 4.033 Thread 0x0000000055277000 1233       4       java.util.ArrayList::grow (45 bytes)
Event: 4.034 Thread 0x000000005527c000 nmethod 1231 0x0000000002d59510 code [0x0000000002d59760, 0x0000000002d5a4d8]
Event: 4.034 Thread 0x000000005527c000 1232       3       com.android.dx.ssa.SsaMethod::convertRopToSsaBlocks (103 bytes)

GC Heap History (4 events):
Event: 2.125 GC heap before
{Heap before GC invocations=1 (full 0):
 PSYoungGen      total 15360K, used 13312K [0x00000000eab00000, 0x00000000ebc00000, 0x0000000100000000)
  eden space 13312K, 100% used [0x00000000eab00000,0x00000000eb800000,0x00000000eb800000)
  from space 2048K, 0% used [0x00000000eba00000,0x00000000eba00000,0x00000000ebc00000)
  to   space 2048K, 0% used [0x00000000eb800000,0x00000000eb800000,0x00000000eba00000)
 ParOldGen       total 35840K, used 0K [0x00000000c0000000, 0x00000000c2300000, 0x00000000eab00000)
  object space 35840K, 0% used [0x00000000c0000000,0x00000000c0000000,0x00000000c2300000)
 Metaspace       used 5493K, capacity 6576K, committed 6784K, reserved 1056768K
  class space    used 582K, capacity 616K, committed 640K, reserved 1048576K
Event: 2.341 GC heap after
Heap after GC invocations=1 (full 0):
 PSYoungGen      total 15360K, used 2042K [0x00000000eab00000, 0x00000000ec900000, 0x0000000100000000)
  eden space 13312K, 0% used [0x00000000eab00000,0x00000000eab00000,0x00000000eb800000)
  from space 2048K, 99% used [0x00000000eb800000,0x00000000eb9fea98,0x00000000eba00000)
  to   space 2048K, 0% used [0x00000000ec700000,0x00000000ec700000,0x00000000ec900000)
 ParOldGen       total 35840K, used 1567K [0x00000000c0000000, 0x00000000c2300000, 0x00000000eab00000)
  object space 35840K, 4% used [0x00000000c0000000,0x00000000c0187d98,0x00000000c2300000)
 Metaspace       used 5493K, capacity 6576K, committed 6784K, reserved 1056768K
  class space    used 582K, capacity 616K, committed 640K, reserved 1048576K
}
Event: 3.923 GC heap before
{Heap before GC invocations=2 (full 0):
 PSYoungGen      total 15360K, used 15354K [0x00000000eab00000, 0x00000000ec900000, 0x0000000100000000)
  eden space 13312K, 100% used [0x00000000eab00000,0x00000000eb800000,0x00000000eb800000)
  from space 2048K, 99% used [0x00000000eb800000,0x00000000eb9fea98,0x00000000eba00000)
  to   space 2048K, 0% used [0x00000000ec700000,0x00000000ec700000,0x00000000ec900000)
 ParOldGen       total 35840K, used 1567K [0x00000000c0000000, 0x00000000c2300000, 0x00000000eab00000)
  object space 35840K, 4% used [0x00000000c0000000,0x00000000c0187d98,0x00000000c2300000)
 Metaspace       used 5863K, capacity 6896K, committed 7040K, reserved 1056768K
  class space    used 587K, capacity 616K, committed 640K, reserved 1048576K
Event: 4.016 GC heap after
Heap after GC invocations=2 (full 0):
 PSYoungGen      total 28672K, used 2026K [0x00000000eab00000, 0x00000000ec900000, 0x0000000100000000)
  eden space 26624K, 0% used [0x00000000eab00000,0x00000000eab00000,0x00000000ec500000)
  from space 2048K, 98% used [0x00000000ec700000,0x00000000ec8faac8,0x00000000ec900000)
  to   space 2048K, 0% used [0x00000000ec500000,0x00000000ec500000,0x00000000ec700000)
 ParOldGen       total 35840K, used 3531K [0x00000000c0000000, 0x00000000c2300000, 0x00000000eab00000)
  object space 35840K, 9% used [0x00000000c0000000,0x00000000c0372e30,0x00000000c2300000)
 Metaspace       used 5863K, capacity 6896K, committed 7040K, reserved 1056768K
  class space    used 587K, capacity 616K, committed 640K, reserved 1048576K
}

Deoptimization events (10 events):
Event: 3.109 Thread 0x0000000056fd6800 Uncommon trap: reason=class_check action=maybe_recompile pc=0x0000000002ad86ec method=com.android.dx.ssa.NormalSsaInsn.accept(Lcom/android/dx/ssa/SsaInsn$Visitor;)V @ 9
Event: 3.109 Thread 0x0000000056fd6800 Uncommon trap: reason=class_check action=maybe_recompile pc=0x0000000002acfce0 method=com.android.dx.ssa.NormalSsaInsn.accept(Lcom/android/dx/ssa/SsaInsn$Visitor;)V @ 9
Event: 3.109 Thread 0x0000000056fd6800 Uncommon trap: reason=class_check action=maybe_recompile pc=0x0000000002acfce0 method=com.android.dx.ssa.NormalSsaInsn.accept(Lcom/android/dx/ssa/SsaInsn$Visitor;)V @ 9
Event: 3.109 Thread 0x0000000056fd6800 Uncommon trap: reason=class_check action=maybe_recompile pc=0x0000000002acfce0 method=com.android.dx.ssa.NormalSsaInsn.accept(Lcom/android/dx/ssa/SsaInsn$Visitor;)V @ 9
Event: 3.122 Thread 0x0000000056fd6800 Uncommon trap: reason=unstable_if action=reinterpret pc=0x0000000002b94e60 method=com.android.dx.ssa.SsaMethod.onSourcesChanged(Lcom/android/dx/ssa/SsaInsn;Lcom/android/dx/rop/code/RegisterSpecList;)V @ 4
Event: 3.502 Thread 0x0000000056fd1000 Uncommon trap: reason=unstable_if action=reinterpret pc=0x0000000002b1410c method=java.util.HashMap.getNode(ILjava/lang/Object;)Ljava/util/HashMap$Node; @ 129
Event: 3.502 Thread 0x0000000056fd1000 Uncommon trap: reason=unstable_if action=reinterpret pc=0x0000000002ad0c1c method=java.util.HashMap.getNode(ILjava/lang/Object;)Ljava/util/HashMap$Node; @ 129
Event: 3.541 Thread 0x0000000056fd6800 Uncommon trap: reason=unstable_if action=reinterpret pc=0x0000000002c8208c method=com.android.dx.ssa.SsaMethod.updateOneDefinition(Lcom/android/dx/ssa/SsaInsn;Lcom/android/dx/rop/code/RegisterSpec;)V @ 4
Event: 3.766 Thread 0x0000000056fd6800 Uncommon trap: reason=class_check action=maybe_recompile pc=0x0000000002ad86ec method=com.android.dx.ssa.NormalSsaInsn.accept(Lcom/android/dx/ssa/SsaInsn$Visitor;)V @ 9
Event: 4.041 Thread 0x0000000056fd1000 Uncommon trap: reason=null_check action=make_not_entrant pc=0x0000000002d19d50 method=com.android.dx.rop.type.Type.equals(Ljava/lang/Object;)Z @ 8

Internal exceptions (3 events):
Event: 0.111 Thread 0x000000000214e000 Exception <a 'java/lang/NoSuchMethodError': Method sun.misc.Unsafe.defineClass(Ljava/lang/String;[BII)Ljava/lang/Class; name or signature does not match> (0x00000000eab0d498) thrown at [D:\re\workspace\8-2-build-windows-amd64-cygwin\jdk8u40\3098\hotspot\srNâ}¶"~¼?
Event: 0.111 Thread 0x000000000214e000 Exception <a 'java/lang/NoSuchMethodError': Method sun.misc.Unsafe.prefetchRead(Ljava/lang/Object;J)V name or signature does not match> (0x00000000eab0d728) thrown at [D:\re\workspace\8-2-build-windows-amd64-cygwin\jdk8u40\3098\hotspot\src\share\vm\prims\j+Ö•¨'*@
Event: 4.041 Thread 0x0000000056fd1000 Implicit null exception at 0x0000000002d19c52 to 0x0000000002d19d42

Events (10 events):
Event: 3.637 Thread 0x0000000056fd6800 DEOPT UNPACKING pc=0x000000000290787f sp=0x000000005725e4a0 mode 0
Event: 3.648 loading class com/android/dx/cf/attrib/AttEnclosingMethod
Event: 3.648 loading class com/android/dx/cf/attrib/AttEnclosingMethod done
Event: 3.766 Thread 0x0000000056fd6800 Uncommon trap: trap_request=0xffffffde fr.pc=0x0000000002ad86ec
Event: 3.766 Thread 0x0000000056fd6800 DEOPT PACKING pc=0x0000000002ad86ec sp=0x000000005725e7f0
Event: 3.766 Thread 0x0000000056fd6800 DEOPT UNPACKING pc=0x000000000290582a sp=0x000000005725e740 mode 2
Event: 3.923 Executing VM operation: ParallelGCFailedAllocation
Event: 4.016 Executing VM operation: ParallelGCFailedAllocation done
Event: 4.041 Thread 0x0000000056fd1000 Uncommon trap: trap_request=0xfffffff4 fr.pc=0x0000000002d19d50
Event: 4.041 Thread 0x0000000056fd1000 DEOPT PACKING pc=0x0000000002d19d50 sp=0x00000000121de4a0


Dynamic libraries:
0x000000013f6e0000 - 0x000000013f717000 	C:\Program Files\Java\jdk1.8.0_40\bin\java.exe
0x0000000077090000 - 0x000000007723a000 	C:\Windows\SYSTEM32\ntdll.dll
0x0000000076e70000 - 0x0000000076f8f000 	C:\Windows\system32\kernel32.dll
0x000007fefd150000 - 0x000007fefd1ba000 	C:\Windows\system32\KERNELBASE.dll
0x000007fefea10000 - 0x000007fefeaeb000 	C:\Windows\system32\ADVAPI32.dll
0x000007fefd450000 - 0x000007fefd4ef000 	C:\Windows\system32\msvcrt.dll
0x000007fefd4f0000 - 0x000007fefd50f000 	C:\Windows\SYSTEM32\sechost.dll
0x000007feff120000 - 0x000007feff24d000 	C:\Windows\system32\RPCRT4.dll
0x0000000076f90000 - 0x000000007708a000 	C:\Windows\system32\USER32.dll
0x000007fefd3e0000 - 0x000007fefd447000 	C:\Windows\system32\GDI32.dll
0x000007feff250000 - 0x000007feff25e000 	C:\Windows\system32\LPK.dll
0x000007fefeb70000 - 0x000007fefec3a000 	C:\Windows\system32\USP10.dll
0x000007fefb370000 - 0x000007fefb564000 	C:\Windows\WinSxS\amd64_microsoft.windows.common-controls_6595b64144ccf1df_6.0.7601.18837_none_fa3b1e3d17594757\COMCTL32.dll
0x000007feff0a0000 - 0x000007feff111000 	C:\Windows\system32\SHLWAPI.dll
0x000007fefd3b0000 - 0x000007fefd3de000 	C:\Windows\system32\IMM32.DLL
0x000007fefec40000 - 0x000007fefed49000 	C:\Windows\system32\MSCTF.dll
0x0000000064020000 - 0x00000000640f2000 	C:\Program Files\Java\jdk1.8.0_40\jre\bin\msvcr100.dll
0x0000000060220000 - 0x0000000060aa3000 	C:\Program Files\Java\jdk1.8.0_40\jre\bin\server\jvm.dll
0x000007fef1da0000 - 0x000007fef1da9000 	C:\Windows\system32\WSOCK32.dll
0x000007fefeff0000 - 0x000007feff03d000 	C:\Windows\system32\WS2_32.dll
0x000007fefef00000 - 0x000007fefef08000 	C:\Windows\system32\NSI.dll
0x000007fef7a50000 - 0x000007fef7a8b000 	C:\Windows\system32\WINMM.dll
0x000007fefbf00000 - 0x000007fefbf0c000 	C:\Windows\system32\VERSION.dll
0x0000000077260000 - 0x0000000077267000 	C:\Windows\system32\PSAPI.DLL
0x00000000748b0000 - 0x00000000748bf000 	C:\Program Files\Java\jdk1.8.0_40\jre\bin\verify.dll
0x0000000070e40000 - 0x0000000070e69000 	C:\Program Files\Java\jdk1.8.0_40\jre\bin\java.dll
0x00000000737a0000 - 0x00000000737b6000 	C:\Program Files\Java\jdk1.8.0_40\jre\bin\zip.dll
0x000007fefdc80000 - 0x000007fefea0c000 	C:\Windows\system32\SHELL32.dll
0x000007fefd510000 - 0x000007fefd713000 	C:\Windows\system32\ole32.dll
0x000007fefce20000 - 0x000007fefce2f000 	C:\Windows\system32\profapi.dll
0x000007fef3960000 - 0x000007fef3a85000 	C:\Windows\system32\dbghelp.dll

VM Arguments:
jvm_args: -Djava.awt.headless=true -Xmx1024M -Dfile.encoding=windows-1252 -Duser.country=AR -Duser.language=es -Duser.variant 
java_command: com.android.dx.command.Main --dex --num-threads=4 --output C:\Users\Pato\Desktop\Tacheando\app\build\intermediates\pre-dexed\release\com.google.firebase-firebase-auth-9.0.2_6e6cb6caaca7c599ed37ba41bf5556813f7ec80e.jar C:\Users\Pato\Desktop\Tacheando\app\build\intermediates\exploded-aar\com.google.firebase\firebase-auth\9.0.2\jars\classes.jar
java_class_path (initial): C:\Users\Pato\AppData\Local\Android\sdk\build-tools\23.0.3\lib\dx.jar
Launcher Type: SUN_STANDARD

Environment Variables:
PATH=C:\ProgramData\Oracle\Java\javapath;C:\Windows\system32;C:\Windows;C:\Windows\System32\Wbem;C:\Windows\System32\WindowsPowerShell\v1.0\;C:\Program Files (x86)\Intel\OpenCL SDK\2.0\bin\x86;C:\Program Files (x86)\Intel\OpenCL SDK\2.0\bin\x64;C:\xampp\php;C:\Program Files (x86)\Skype\Phone\;C:\ProgramData\ComposerSetup\bin;C:\Program Files\Git\cmd;C:\Program Files\nodejs\;C:\Users\Pato\AppData\Roaming\Composer\vendor\bin;C:\Users\Pato\AppData\Roaming\npm
USERNAME=Pato
OS=Windows_NT
PROCESSOR_IDENTIFIER=Intel64 Family 6 Model 58 Stepping 9, GenuineIntel



---------------  S Y S T E M  ---------------

OS: Windows 7 , 64 bit Build 7601 (6.1.7601.23418)

CPU:total 4 (2 cores per cpu, 2 threads per core) family 6 model 58 stepping 9, cmov, cx8, fxsr, mmx, sse, sse2, sse3, ssse3, sse4.1, sse4.2, popcnt, avx, clmul, erms, ht, tsc, tscinvbit, tscinv

Memory: 4k page, physical 3374628k(159292k free), swap 5397024k(12628k free)

vm_info: Java HotSpot(TM) 64-Bit Server VM (25.40-b25) for windows-amd64 JRE (1.8.0_40-b26), built on Mar  7 2015 13:51:59 by "java_re" with MS VC++ 10.0 (VS2010)

time: Thu Jun 23 02:53:03 2016
elapsed time: 4 seconds (0d 0h 0m 4s)

