#
# There is insufficient memory for the Java Runtime Environment to continue.
# Native memory allocation (malloc) failed to allocate 419440 bytes for Chunk::new
# Possible reasons:
#   The system is out of physical RAM or swap space
#   In 32 bit mode, the process size limit was hit
# Possible solutions:
#   Reduce memory load on the system
#   Increase physical memory or swap space
#   Check if swap backing store is full
#   Use 64 bit Java on a 64 bit OS
#   Decrease Java heap size (-Xmx/-Xms)
#   Decrease number of Java threads
#   Decrease Java thread stack sizes (-Xss)
#   Set larger code cache with -XX:ReservedCodeCacheSize=
# This output file may be truncated or incomplete.
#
#  Out of Memory Error (allocation.cpp:390), pid=6580, tid=5936
#
# JRE version: Java(TM) SE Runtime Environment (8.0_40-b26) (build 1.8.0_40-b26)
# Java VM: Java HotSpot(TM) 64-Bit Server VM (25.40-b25 mixed mode windows-amd64 compressed oops)
# Failed to write core dump. Minidumps are not enabled by default on client versions of Windows
#

---------------  T H R E A D  ---------------

Current thread (0x00000000550ff000):  JavaThread "C2 CompilerThread0" daemon [_thread_in_native, id=5936, stack(0x0000000056a20000,0x0000000056b20000)]

Stack: [0x0000000056a20000,0x0000000056b20000]
Native frames: (J=compiled Java code, j=interpreted, Vv=VM code, C=native code)
V  [jvm.dll+0x32b47a]


Current CompileTask:
C2:   9747 1850       4       com.android.dx.ssa.SCCP::simulateBranch (666 bytes)


---------------  P R O C E S S  ---------------

Java Threads: ( => current thread )
  0x0000000056e5f000 JavaThread "pool-1-thread-4" [_thread_in_Java, id=3132, stack(0x0000000058320000,0x0000000058420000)]
  0x0000000056e5e000 JavaThread "pool-1-thread-3" [_thread_blocked, id=1348, stack(0x0000000058150000,0x0000000058250000)]
  0x0000000056e3f000 JavaThread "pool-1-thread-2" [_thread_blocked, id=3076, stack(0x00000000568f0000,0x00000000569f0000)]
  0x0000000056de5000 JavaThread "pool-2-thread-1" [_thread_blocked, id=5652, stack(0x0000000057f00000,0x0000000058000000)]
  0x0000000056de4800 JavaThread "pool-1-thread-1" [_thread_blocked, id=6084, stack(0x0000000057d80000,0x0000000057e80000)]
  0x0000000056b7d000 JavaThread "Service Thread" daemon [_thread_blocked, id=6848, stack(0x0000000057150000,0x0000000057250000)]
  0x0000000056b7c800 JavaThread "C1 CompilerThread2" daemon [_thread_blocked, id=3396, stack(0x0000000057020000,0x0000000057120000)]
  0x0000000055103000 JavaThread "C2 CompilerThread1" daemon [_thread_in_native, id=5588, stack(0x0000000056240000,0x0000000056340000)]
=>0x00000000550ff000 JavaThread "C2 CompilerThread0" daemon [_thread_in_native, id=5936, stack(0x0000000056a20000,0x0000000056b20000)]
  0x000000005510e800 JavaThread "Attach Listener" daemon [_thread_blocked, id=5988, stack(0x00000000567c0000,0x00000000568c0000)]
  0x000000005510d000 JavaThread "Signal Dispatcher" daemon [_thread_blocked, id=5096, stack(0x0000000056630000,0x0000000056730000)]
  0x00000000550a1800 JavaThread "Finalizer" daemon [_thread_blocked, id=5188, stack(0x0000000056510000,0x0000000056610000)]
  0x00000000550a0000 JavaThread "Reference Handler" daemon [_thread_blocked, id=5180, stack(0x0000000056340000,0x0000000056440000)]
  0x00000000021de000 JavaThread "main" [_thread_blocked, id=5212, stack(0x00000000024a0000,0x00000000025a0000)]

Other Threads:
  0x000000005509a800 VMThread [stack: 0x00000000560d0000,0x00000000561d0000] [id=6696]
  0x0000000056b7f000 WatcherThread [stack: 0x0000000057320000,0x0000000057420000] [id=264]

VM state:not at safepoint (normal execution)

VM Mutex/Monitor currently owned by a thread: None

Heap:
 PSYoungGen      total 55296K, used 24798K [0x00000000eab00000, 0x00000000f2700000, 0x0000000100000000)
  eden space 53248K, 42% used [0x00000000eab00000,0x00000000ec13e2a8,0x00000000edf00000)
  from space 2048K, 98% used [0x00000000edf00000,0x00000000ee0f95a8,0x00000000ee100000)
  to   space 10240K, 0% used [0x00000000f1d00000,0x00000000f1d00000,0x00000000f2700000)
 ParOldGen       total 35840K, used 18436K [0x00000000c0000000, 0x00000000c2300000, 0x00000000eab00000)
  object space 35840K, 51% used [0x00000000c0000000,0x00000000c1201220,0x00000000c2300000)
 Metaspace       used 6235K, capacity 7152K, committed 7296K, reserved 1056768K
  class space    used 590K, capacity 616K, committed 640K, reserved 1048576K

Card table byte_map: [0x0000000011c30000,0x0000000011e40000] byte_map_base: 0x0000000011630000

Marking Bits: (ParMarkBitMap*) 0x0000000060a24040
 Begin Bits: [0x0000000012510000, 0x0000000013510000)
 End Bits:   [0x0000000013510000, 0x0000000014510000)

Polling page: 0x0000000001c60000

CodeCache: size=245760Kb used=7771Kb max_used=7771Kb free=237988Kb
 bounds [0x0000000002870000, 0x0000000003010000, 0x0000000011870000]
 total_blobs=2166 nmethods=1897 adapters=181
 compilation: enabled

Compilation events (10 events):
Event: 9.705 Thread 0x0000000056b7c800 1943       2       com.android.dx.cf.direct.DirectClassFile::parse0 (901 bytes)
Event: 9.714 Thread 0x0000000056b7c800 nmethod 1943 0x0000000003001d10 code [0x00000000030025e0, 0x0000000003005f68]
Event: 9.714 Thread 0x0000000056b7c800 1944       1       java.util.HashMap::afterNodeAccess (1 bytes)
Event: 9.714 Thread 0x0000000056b7c800 nmethod 1944 0x000000000300b710 code [0x000000000300b860, 0x000000000300b970]
Event: 9.715 Thread 0x0000000056b7c800 1945       2       com.android.dx.rop.cst.StdConstantPool::<init> (38 bytes)
Event: 9.715 Thread 0x0000000056b7c800 nmethod 1945 0x000000000300b9d0 code [0x000000000300bb40, 0x000000000300bde8]
Event: 9.716 Thread 0x0000000056b7c800 1947       2       com.android.dx.command.dexer.Main::access$2300 (4 bytes)
Event: 9.717 Thread 0x0000000056b7c800 nmethod 1947 0x000000000300bed0 code [0x000000000300c020, 0x000000000300c150]
Event: 9.717 Thread 0x0000000056b7c800 1948       2       com.android.dx.command.dexer.Main$ClassTranslatorTask::<init> (8 bytes)
Event: 9.717 Thread 0x0000000056b7c800 nmethod 1948 0x000000000300c1d0 code [0x000000000300c320, 0x000000000300c4b0]

GC Heap History (10 events):
Event: 2.460 GC heap before
{Heap before GC invocations=1 (full 0):
 PSYoungGen      total 15360K, used 13312K [0x00000000eab00000, 0x00000000ebc00000, 0x0000000100000000)
  eden space 13312K, 100% used [0x00000000eab00000,0x00000000eb800000,0x00000000eb800000)
  from space 2048K, 0% used [0x00000000eba00000,0x00000000eba00000,0x00000000ebc00000)
  to   space 2048K, 0% used [0x00000000eb800000,0x00000000eb800000,0x00000000eba00000)
 ParOldGen       total 35840K, used 0K [0x00000000c0000000, 0x00000000c2300000, 0x00000000eab00000)
  object space 35840K, 0% used [0x00000000c0000000,0x00000000c0000000,0x00000000c2300000)
 Metaspace       used 5465K, capacity 6512K, committed 6784K, reserved 1056768K
  class space    used 580K, capacity 616K, committed 640K, reserved 1048576K
Event: 2.630 GC heap after
Heap after GC invocations=1 (full 0):
 PSYoungGen      total 15360K, used 2026K [0x00000000eab00000, 0x00000000ec900000, 0x0000000100000000)
  eden space 13312K, 0% used [0x00000000eab00000,0x00000000eab00000,0x00000000eb800000)
  from space 2048K, 98% used [0x00000000eb800000,0x00000000eb9faaa8,0x00000000eba00000)
  to   space 2048K, 0% used [0x00000000ec700000,0x00000000ec700000,0x00000000ec900000)
 ParOldGen       total 35840K, used 1188K [0x00000000c0000000, 0x00000000c2300000, 0x00000000eab00000)
  object space 35840K, 3% used [0x00000000c0000000,0x00000000c01291c8,0x00000000c2300000)
 Metaspace       used 5465K, capacity 6512K, committed 6784K, reserved 1056768K
  class space    used 580K, capacity 616K, committed 640K, reserved 1048576K
}
Event: 3.509 GC heap before
{Heap before GC invocations=2 (full 0):
 PSYoungGen      total 15360K, used 15338K [0x00000000eab00000, 0x00000000ec900000, 0x0000000100000000)
  eden space 13312K, 100% used [0x00000000eab00000,0x00000000eb800000,0x00000000eb800000)
  from space 2048K, 98% used [0x00000000eb800000,0x00000000eb9faaa8,0x00000000eba00000)
  to   space 2048K, 0% used [0x00000000ec700000,0x00000000ec700000,0x00000000ec900000)
 ParOldGen       total 35840K, used 1188K [0x00000000c0000000, 0x00000000c2300000, 0x00000000eab00000)
  object space 35840K, 3% used [0x00000000c0000000,0x00000000c01291c8,0x00000000c2300000)
 Metaspace       used 5777K, capacity 6768K, committed 7040K, reserved 1056768K
  class space    used 583K, capacity 616K, committed 640K, reserved 1048576K
Event: 3.682 GC heap after
Heap after GC invocations=2 (full 0):
 PSYoungGen      total 28672K, used 2034K [0x00000000eab00000, 0x00000000ec900000, 0x0000000100000000)
  eden space 26624K, 0% used [0x00000000eab00000,0x00000000eab00000,0x00000000ec500000)
  from space 2048K, 99% used [0x00000000ec700000,0x00000000ec8fc868,0x00000000ec900000)
  to   space 2048K, 0% used [0x00000000ec500000,0x00000000ec500000,0x00000000ec700000)
 ParOldGen       total 35840K, used 2736K [0x00000000c0000000, 0x00000000c2300000, 0x00000000eab00000)
  object space 35840K, 7% used [0x00000000c0000000,0x00000000c02ac210,0x00000000c2300000)
 Metaspace       used 5777K, capacity 6768K, committed 7040K, reserved 1056768K
  class space    used 583K, capacity 616K, committed 640K, reserved 1048576K
}
Event: 4.082 GC heap before
{Heap before GC invocations=3 (full 0):
 PSYoungGen      total 28672K, used 28658K [0x00000000eab00000, 0x00000000ec900000, 0x0000000100000000)
  eden space 26624K, 100% used [0x00000000eab00000,0x00000000ec500000,0x00000000ec500000)
  from space 2048K, 99% used [0x00000000ec700000,0x00000000ec8fc868,0x00000000ec900000)
  to   space 2048K, 0% used [0x00000000ec500000,0x00000000ec500000,0x00000000ec700000)
 ParOldGen       total 35840K, used 2736K [0x00000000c0000000, 0x00000000c2300000, 0x00000000eab00000)
  object space 35840K, 7% used [0x00000000c0000000,0x00000000c02ac210,0x00000000c2300000)
 Metaspace       used 5991K, capacity 6960K, committed 7040K, reserved 1056768K
  class space    used 584K, capacity 616K, committed 640K, reserved 1048576K
Event: 4.231 GC heap after
Heap after GC invocations=3 (full 0):
 PSYoungGen      total 28672K, used 2034K [0x00000000eab00000, 0x00000000ee300000, 0x0000000100000000)
  eden space 26624K, 0% used [0x00000000eab00000,0x00000000eab00000,0x00000000ec500000)
  from space 2048K, 99% used [0x00000000ec500000,0x00000000ec6fc868,0x00000000ec700000)
  to   space 2048K, 0% used [0x00000000ee100000,0x00000000ee100000,0x00000000ee300000)
 ParOldGen       total 35840K, used 6750K [0x00000000c0000000, 0x00000000c2300000, 0x00000000eab00000)
  object space 35840K, 18% used [0x00000000c0000000,0x00000000c0697b48,0x00000000c2300000)
 Metaspace       used 5991K, capacity 6960K, committed 7040K, reserved 1056768K
  class space    used 584K, capacity 616K, committed 640K, reserved 1048576K
}
Event: 4.878 GC heap before
{Heap before GC invocations=4 (full 0):
 PSYoungGen      total 28672K, used 28658K [0x00000000eab00000, 0x00000000ee300000, 0x0000000100000000)
  eden space 26624K, 100% used [0x00000000eab00000,0x00000000ec500000,0x00000000ec500000)
  from space 2048K, 99% used [0x00000000ec500000,0x00000000ec6fc868,0x00000000ec700000)
  to   space 2048K, 0% used [0x00000000ee100000,0x00000000ee100000,0x00000000ee300000)
 ParOldGen       total 35840K, used 6750K [0x00000000c0000000, 0x00000000c2300000, 0x00000000eab00000)
  object space 35840K, 18% used [0x00000000c0000000,0x00000000c0697b48,0x00000000c2300000)
 Metaspace       used 6113K, capacity 7024K, committed 7296K, reserved 1056768K
  class space    used 584K, capacity 616K, committed 640K, reserved 1048576K
Event: 4.993 GC heap after
Heap after GC invocations=4 (full 0):
 PSYoungGen      total 55296K, used 2021K [0x00000000eab00000, 0x00000000ee300000, 0x0000000100000000)
  eden space 53248K, 0% used [0x00000000eab00000,0x00000000eab00000,0x00000000edf00000)
  from space 2048K, 98% used [0x00000000ee100000,0x00000000ee2f95a8,0x00000000ee300000)
  to   space 2048K, 0% used [0x00000000edf00000,0x00000000edf00000,0x00000000ee100000)
 ParOldGen       total 35840K, used 10378K [0x00000000c0000000, 0x00000000c2300000, 0x00000000eab00000)
  object space 35840K, 28% used [0x00000000c0000000,0x00000000c0a228d8,0x00000000c2300000)
 Metaspace       used 6113K, capacity 7024K, committed 7296K, reserved 1056768K
  class space    used 584K, capacity 616K, committed 640K, reserved 1048576K
}
Event: 8.932 GC heap before
{Heap before GC invocations=5 (full 0):
 PSYoungGen      total 55296K, used 55269K [0x00000000eab00000, 0x00000000ee300000, 0x0000000100000000)
  eden space 53248K, 100% used [0x00000000eab00000,0x00000000edf00000,0x00000000edf00000)
  from space 2048K, 98% used [0x00000000ee100000,0x00000000ee2f95a8,0x00000000ee300000)
  to   space 2048K, 0% used [0x00000000edf00000,0x00000000edf00000,0x00000000ee100000)
 ParOldGen       total 35840K, used 10378K [0x00000000c0000000, 0x00000000c2300000, 0x00000000eab00000)
  object space 35840K, 28% used [0x00000000c0000000,0x00000000c0a228d8,0x00000000c2300000)
 Metaspace       used 6204K, capacity 7088K, committed 7296K, reserved 1056768K
  class space    used 590K, capacity 616K, committed 640K, reserved 1048576K
Event: 9.493 GC heap after
Heap after GC invocations=5 (full 0):
 PSYoungGen      total 55296K, used 2021K [0x00000000eab00000, 0x00000000f2700000, 0x0000000100000000)
  eden space 53248K, 0% used [0x00000000eab00000,0x00000000eab00000,0x00000000edf00000)
  from space 2048K, 98% used [0x00000000edf00000,0x00000000ee0f95a8,0x00000000ee100000)
  to   space 10240K, 0% used [0x00000000f1d00000,0x00000000f1d00000,0x00000000f2700000)
 ParOldGen       total 35840K, used 18436K [0x00000000c0000000, 0x00000000c2300000, 0x00000000eab00000)
  object space 35840K, 51% used [0x00000000c0000000,0x00000000c1201220,0x00000000c2300000)
 Metaspace       used 6204K, capacity 7088K, committed 7296K, reserved 1056768K
  class space    used 590K, capacity 616K, committed 640K, reserved 1048576K
}

Deoptimization events (10 events):
Event: 8.865 Thread 0x00000000021de000 Uncommon trap: reason=unstable_if action=reinterpret pc=0x0000000002f14ca8 method=com.android.dx.rop.cst.StdConstantPool.set(ILcom/android/dx/rop/cst/Constant;)V @ 12
Event: 8.869 Thread 0x0000000056e5f000 Uncommon trap: reason=unstable_if action=reinterpret pc=0x0000000002ef7a74 method=com.android.dx.rop.code.DexTranslationAdvice.requiresSourcesInOrder(Lcom/android/dx/rop/code/Rop;Lcom/android/dx/rop/code/RegisterSpecList;)Z @ 21
Event: 8.869 Thread 0x0000000056e5f000 Uncommon trap: reason=class_check action=maybe_recompile pc=0x0000000002b8db44 method=com.android.dx.ssa.NormalSsaInsn.accept(Lcom/android/dx/ssa/SsaInsn$Visitor;)V @ 9
Event: 8.874 Thread 0x0000000056e3f000 Uncommon trap: reason=unstable_if action=reinterpret pc=0x0000000002f71824 method=com.android.dx.ssa.SsaBasicBlock.scheduleMovesFromPhis()V @ 63
Event: 8.884 Thread 0x0000000056e5f000 Uncommon trap: reason=bimorphic action=maybe_recompile pc=0x0000000002accda0 method=java.util.HashMap.getNode(ILjava/lang/Object;)Ljava/util/HashMap$Node; @ 126
Event: 8.885 Thread 0x0000000056e5f000 Uncommon trap: reason=bimorphic action=maybe_recompile pc=0x0000000002f444e8 method=com.android.dx.cf.code.Merger.mergeType(Lcom/android/dx/rop/type/TypeBearer;Lcom/android/dx/rop/type/TypeBearer;)Lcom/android/dx/rop/type/TypeBearer; @ 21
Event: 8.888 Thread 0x0000000056e5f000 Uncommon trap: reason=bimorphic action=maybe_recompile pc=0x0000000002f444e8 method=com.android.dx.cf.code.Merger.mergeType(Lcom/android/dx/rop/type/TypeBearer;Lcom/android/dx/rop/type/TypeBearer;)Lcom/android/dx/rop/type/TypeBearer; @ 21
Event: 8.897 Thread 0x0000000056e5f000 Uncommon trap: reason=unstable_if action=reinterpret pc=0x0000000002f32bfc method=com.android.dx.cf.code.Merger.isPossiblyAssignableFrom(Lcom/android/dx/rop/type/TypeBearer;Lcom/android/dx/rop/type/TypeBearer;)Z @ 131
Event: 8.911 Thread 0x0000000056e5f000 Uncommon trap: reason=bimorphic action=maybe_recompile pc=0x0000000002f444e8 method=com.android.dx.cf.code.Merger.mergeType(Lcom/android/dx/rop/type/TypeBearer;Lcom/android/dx/rop/type/TypeBearer;)Lcom/android/dx/rop/type/TypeBearer; @ 21
Event: 8.923 Thread 0x0000000056e5f000 Uncommon trap: reason=bimorphic action=maybe_recompile pc=0x0000000002f444e8 method=com.android.dx.cf.code.Merger.mergeType(Lcom/android/dx/rop/type/TypeBearer;Lcom/android/dx/rop/type/TypeBearer;)Lcom/android/dx/rop/type/TypeBearer; @ 21

Internal exceptions (2 events):
Event: 0.234 Thread 0x00000000021de000 Exception <a 'java/lang/NoSuchMethodError': Method sun.misc.Unsafe.defineClass(Ljava/lang/String;[BII)Ljava/lang/Class; name or signature does not match> (0x00000000eab0d4b8) thrown at [D:\re\workspace\8-2-build-windows-amd64-cygwin\jdk8u40\3098\hotspot\sr¡`K# ôÍ?
Event: 0.234 Thread 0x00000000021de000 Exception <a 'java/lang/NoSuchMethodError': Method sun.misc.Unsafe.prefetchRead(Ljava/lang/Object;J)V name or signature does not match> (0x00000000eab0d748) thrown at [D:\re\workspace\8-2-build-windows-amd64-cygwin\jdk8u40\3098\hotspot\src\share\vm\prims\j

Events (10 events):
Event: 8.920 Thread 0x00000000021de000 DEOPT UNPACKING pc=0x00000000028b787f sp=0x000000000259e770 mode 0
Event: 8.923 Thread 0x0000000056e5f000 Uncommon trap: trap_request=0xffffffc6 fr.pc=0x0000000002f444e8
Event: 8.923 Thread 0x0000000056e5f000 DEOPT PACKING pc=0x0000000002f444e8 sp=0x000000005841e5e0
Event: 8.923 Thread 0x0000000056e5f000 DEOPT UNPACKING pc=0x00000000028b582a sp=0x000000005841e438 mode 2
Event: 8.927 Thread 0x00000000021de000 DEOPT PACKING pc=0x0000000002eb1a69 sp=0x000000000259e860
Event: 8.927 Thread 0x00000000021de000 DEOPT UNPACKING pc=0x00000000028b787f sp=0x000000000259e620 mode 0
Event: 8.932 Executing VM operation: ParallelGCFailedAllocation
Event: 9.493 Executing VM operation: ParallelGCFailedAllocation done
Event: 9.610 Thread 0x0000000056e5f000 DEOPT PACKING pc=0x0000000002cce314 sp=0x000000005841e550
Event: 9.610 Thread 0x0000000056e5f000 DEOPT UNPACKING pc=0x00000000028b787f sp=0x000000005841e260 mode 0


Dynamic libraries:
0x000000013ffb0000 - 0x000000013ffe7000 	C:\Program Files\Java\jdk1.8.0_40\bin\java.exe
0x0000000077090000 - 0x000000007723a000 	C:\Windows\SYSTEM32\ntdll.dll
0x0000000076e70000 - 0x0000000076f8f000 	C:\Windows\system32\kernel32.dll
0x000007fefd150000 - 0x000007fefd1ba000 	C:\Windows\system32\KERNELBASE.dll
0x000007fefea10000 - 0x000007fefeaeb000 	C:\Windows\system32\ADVAPI32.dll
0x000007fefd450000 - 0x000007fefd4ef000 	C:\Windows\system32\msvcrt.dll
0x000007fefd4f0000 - 0x000007fefd50f000 	C:\Windows\SYSTEM32\sechost.dll
0x000007feff120000 - 0x000007feff24d000 	C:\Windows\system32\RPCRT4.dll
0x0000000076f90000 - 0x000000007708a000 	C:\Windows\system32\USER32.dll
0x000007fefd3e0000 - 0x000007fefd447000 	C:\Windows\system32\GDI32.dll
0x000007feff250000 - 0x000007feff25e000 	C:\Windows\system32\LPK.dll
0x000007fefeb70000 - 0x000007fefec3a000 	C:\Windows\system32\USP10.dll
0x000007fefb370000 - 0x000007fefb564000 	C:\Windows\WinSxS\amd64_microsoft.windows.common-controls_6595b64144ccf1df_6.0.7601.18837_none_fa3b1e3d17594757\COMCTL32.dll
0x000007feff0a0000 - 0x000007feff111000 	C:\Windows\system32\SHLWAPI.dll
0x000007fefd3b0000 - 0x000007fefd3de000 	C:\Windows\system32\IMM32.DLL
0x000007fefec40000 - 0x000007fefed49000 	C:\Windows\system32\MSCTF.dll
0x0000000057c50000 - 0x0000000057d22000 	C:\Program Files\Java\jdk1.8.0_40\jre\bin\msvcr100.dll
0x0000000060220000 - 0x0000000060aa3000 	C:\Program Files\Java\jdk1.8.0_40\jre\bin\server\jvm.dll
0x000007fef1da0000 - 0x000007fef1da9000 	C:\Windows\system32\WSOCK32.dll
0x000007fefeff0000 - 0x000007feff03d000 	C:\Windows\system32\WS2_32.dll
0x000007fefef00000 - 0x000007fefef08000 	C:\Windows\system32\NSI.dll
0x000007fef7a50000 - 0x000007fef7a8b000 	C:\Windows\system32\WINMM.dll
0x000007fefbf00000 - 0x000007fefbf0c000 	C:\Windows\system32\VERSION.dll
0x0000000077260000 - 0x0000000077267000 	C:\Windows\system32\PSAPI.DLL
0x00000000748b0000 - 0x00000000748bf000 	C:\Program Files\Java\jdk1.8.0_40\jre\bin\verify.dll
0x0000000070e40000 - 0x0000000070e69000 	C:\Program Files\Java\jdk1.8.0_40\jre\bin\java.dll
0x00000000737a0000 - 0x00000000737b6000 	C:\Program Files\Java\jdk1.8.0_40\jre\bin\zip.dll
0x000007fefdc80000 - 0x000007fefea0c000 	C:\Windows\system32\SHELL32.dll
0x000007fefd510000 - 0x000007fefd713000 	C:\Windows\system32\ole32.dll
0x000007fefce20000 - 0x000007fefce2f000 	C:\Windows\system32\profapi.dll

VM Arguments:
jvm_args: -Djava.awt.headless=true -Xmx1024M -Dfile.encoding=windows-1252 -Duser.country=AR -Duser.language=es -Duser.variant 
java_command: com.android.dx.command.Main --dex --num-threads=4 --output C:\Users\Pato\Desktop\Tacheando\app\build\intermediates\pre-dexed\release\com.google.android.gms-play-services-maps-9.0.2_6c3a04d087ba1ad39ab850b22d4bb72274f6127c.jar C:\Users\Pato\Desktop\Tacheando\app\build\intermediates\exploded-aar\com.google.android.gms\play-services-maps\9.0.2\jars\classes.jar
java_class_path (initial): C:\Users\Pato\AppData\Local\Android\sdk\build-tools\23.0.3\lib\dx.jar
Launcher Type: SUN_STANDARD

Environment Variables:
PATH=C:\ProgramData\Oracle\Java\javapath;C:\Windows\system32;C:\Windows;C:\Windows\System32\Wbem;C:\Windows\System32\WindowsPowerShell\v1.0\;C:\Program Files (x86)\Intel\OpenCL SDK\2.0\bin\x86;C:\Program Files (x86)\Intel\OpenCL SDK\2.0\bin\x64;C:\xampp\php;C:\Program Files (x86)\Skype\Phone\;C:\ProgramData\ComposerSetup\bin;C:\Program Files\Git\cmd;C:\Program Files\nodejs\;C:\Users\Pato\AppData\Roaming\Composer\vendor\bin;C:\Users\Pato\AppData\Roaming\npm
USERNAME=Pato
OS=Windows_NT
PROCESSOR_IDENTIFIER=Intel64 Family 6 Model 58 Stepping 9, GenuineIntel



---------------  S Y S T E M  ---------------

OS: Windows 7 , 64 bit Build 7601 (6.1.7601.23418)

CPU:total 4 (2 cores per cpu, 2 threads per core) family 6 model 58 stepping 9, cmov, cx8, fxsr, mmx, sse, sse2, sse3, ssse3, sse4.1, sse4.2, popcnt, avx, clmul, erms, ht, tsc, tscinvbit, tscinv

Memory: 4k page, physical 3374628k(43152k free), swap 5496116k(5092k free)

vm_info: Java HotSpot(TM) 64-Bit Server VM (25.40-b25) for windows-amd64 JRE (1.8.0_40-b26), built on Mar  7 2015 13:51:59 by "java_re" with MS VC++ 10.0 (VS2010)

time: Thu Jun 23 03:20:52 2016
elapsed time: 9 seconds (0d 0h 0m 9s)

