#
# There is insufficient memory for the Java Runtime Environment to continue.
# Native memory allocation (malloc) failed to allocate 1689776 bytes for Chunk::new
# Possible reasons:
#   The system is out of physical RAM or swap space
#   In 32 bit mode, the process size limit was hit
# Possible solutions:
#   Reduce memory load on the system
#   Increase physical memory or swap space
#   Check if swap backing store is full
#   Use 64 bit Java on a 64 bit OS
#   Decrease Java heap size (-Xmx/-Xms)
#   Decrease number of Java threads
#   Decrease Java thread stack sizes (-Xss)
#   Set larger code cache with -XX:ReservedCodeCacheSize=
# This output file may be truncated or incomplete.
#
#  Out of Memory Error (allocation.cpp:390), pid=5228, tid=6132
#
# JRE version: Java(TM) SE Runtime Environment (8.0_40-b26) (build 1.8.0_40-b26)
# Java VM: Java HotSpot(TM) 64-Bit Server VM (25.40-b25 mixed mode windows-amd64 compressed oops)
# Failed to write core dump. Minidumps are not enabled by default on client versions of Windows
#

---------------  T H R E A D  ---------------

Current thread (0x0000000055333800):  JavaThread "C2 CompilerThread1" daemon [_thread_in_native, id=6132, stack(0x0000000056c20000,0x0000000056d20000)]

Stack: [0x0000000056c20000,0x0000000056d20000]
[error occurred during error reporting (printing stack bounds), id 0xc0000005]

Native frames: (J=compiled Java code, j=interpreted, Vv=VM code, C=native code)
V  [jvm.dll+0x32b47a]
V  [jvm.dll+0x2797f3]
V  [jvm.dll+0x27a489]
V  [jvm.dll+0x293406]
V  [jvm.dll+0x297d5c]
V  [jvm.dll+0x5ca83f]
C  [msvcr100.dll+0x712e3]
V  [jvm.dll+0x5c9f3d]
C  [ntdll.dll+0x27e8d]
C  [ntdll.dll+0x184cf]
C  [ntdll.dll+0x4bac8]
V  [jvm.dll+0x21bc71]


Current CompileTask:
C2:   4092 1404       4       com.android.dx.rop.code.Rops::ropFor (771 bytes)


---------------  P R O C E S S  ---------------

Java Threads: ( => current thread )
  0x0000000056ff6000 JavaThread "pool-1-thread-4" [_thread_in_vm, id=6604, stack(0x00000000577d0000,0x00000000578d0000)]
  0x0000000056fef000 JavaThread "pool-1-thread-3" [_thread_blocked, id=5072, stack(0x0000000057a00000,0x0000000057b00000)]
  0x0000000056fc4800 JavaThread "pool-1-thread-2" [_thread_blocked, id=4352, stack(0x00000000578d0000,0x00000000579d0000)]
  0x0000000057057000 JavaThread "pool-2-thread-1" [_thread_blocked, id=2064, stack(0x0000000057680000,0x0000000057780000)]
  0x0000000056fbb000 JavaThread "pool-1-thread-1" [_thread_blocked, id=6080, stack(0x0000000057490000,0x0000000057590000)]
  0x0000000055336800 JavaThread "Service Thread" daemon [_thread_blocked, id=4948, stack(0x0000000056810000,0x0000000056910000)]
  0x0000000055335800 JavaThread "C1 CompilerThread2" daemon [_thread_blocked, id=1808, stack(0x0000000056d40000,0x0000000056e40000)]
=>0x0000000055333800 JavaThread "C2 CompilerThread1" daemon [_thread_in_native, id=6132, stack(0x0000000056c20000,0x0000000056d20000)]
  0x000000005532f800 JavaThread "C2 CompilerThread0" daemon [_thread_in_native, id=6936, stack(0x0000000056ae0000,0x0000000056be0000)]
  0x000000005533f000 JavaThread "Attach Listener" daemon [_thread_blocked, id=5928, stack(0x0000000056290000,0x0000000056390000)]
  0x000000005533d800 JavaThread "Signal Dispatcher" daemon [_thread_blocked, id=5932, stack(0x0000000056960000,0x0000000056a60000)]
  0x00000000552d1000 JavaThread "Finalizer" daemon [_thread_blocked, id=6048, stack(0x0000000056700000,0x0000000056800000)]
  0x00000000552cf800 JavaThread "Reference Handler" daemon [_thread_blocked, id=6064, stack(0x0000000056510000,0x0000000056610000)]
  0x000000000234e000 JavaThread "main" [_thread_in_native, id=4508, stack(0x0000000002580000,0x0000000002680000)]

Other Threads:
  0x00000000552ca000 VMThread [stack: 0x00000000563a0000,0x00000000564a0000] [id=6032]
  0x0000000056eaa000 WatcherThread [stack: 0x0000000057370000,0x0000000057470000] [id=3020]

VM state:not at safepoint (normal execution)

VM Mutex/Monitor currently owned by a thread: None

Heap:
 PSYoungGen      total 28672K, used 20138K [0x00000000eab00000, 0x00000000ec900000, 0x0000000100000000)
  eden space 26624K, 67% used [0x00000000eab00000,0x00000000ebcaca28,0x00000000ec500000)
  from space 2048K, 99% used [0x00000000ec700000,0x00000000ec8fe130,0x00000000ec900000)
  to   space 2048K, 0% used [0x00000000ec500000,0x00000000ec500000,0x00000000ec700000)
 ParOldGen       total 35840K, used 8281K [0x00000000c0000000, 0x00000000c2300000, 0x00000000eab00000)
  object space 35840K, 23% used [0x00000000c0000000,0x00000000c0816768,0x00000000c2300000)
 Metaspace       used 5959K, capacity 6960K, committed 7040K, reserved 1056768K
  class space    used 586K, capacity 616K, committed 640K, reserved 1048576K

Card table byte_map: [0x0000000011d10000,0x0000000011f20000] byte_map_base: 0x0000000011710000

Marking Bits: (ParMarkBitMap*) 0x0000000060a24040
 Begin Bits: [0x0000000012740000, 0x0000000013740000)
 End Bits:   [0x0000000013740000, 0x0000000014740000)

Polling page: 0x0000000000130000

CodeCache: size=245760Kb used=5301Kb max_used=5301Kb free=240458Kb
 bounds [0x0000000002950000, 0x0000000002e90000, 0x0000000011950000]
 total_blobs=1678 nmethods=1410 adapters=181
 compilation: enabled

Compilation events (10 events):
Event: 3.077 Thread 0x0000000055335800 nmethod 1414 0x0000000002e5c110 code [0x0000000002e5c340, 0x0000000002e5cef8]
Event: 3.077 Thread 0x0000000055335800 1402       3       com.android.dx.cf.iface.StdMethodList::get (9 bytes)
Event: 3.077 Thread 0x0000000055335800 nmethod 1402 0x0000000002e5bb10 code [0x0000000002e5bc80, 0x0000000002e5bf88]
Event: 3.077 Thread 0x0000000055335800 1403       3       com.android.dx.rop.code.AccessFlags::isPrivate (12 bytes)
Event: 3.077 Thread 0x0000000055335800 nmethod 1403 0x0000000002e51250 code [0x0000000002e513a0, 0x0000000002e51530]
Event: 3.077 Thread 0x0000000055335800 1415   !   3       com.android.dx.cf.direct.AttributeFactory::parse (248 bytes)
Event: 3.082 Thread 0x0000000055335800 nmethod 1415 0x0000000002e62010 code [0x0000000002e62600, 0x0000000002e66368]
Event: 3.082 Thread 0x0000000055335800 1418       3       com.android.dx.cf.code.BasicBlocker::getBlockList (208 bytes)
Event: 3.083 Thread 0x0000000055335800 nmethod 1418 0x0000000002e69250 code [0x0000000002e694c0, 0x0000000002e6a6a8]
Event: 3.083 Thread 0x0000000055335800 1416       3       com.android.dx.cf.direct.StdAttributeFactory::parse0 (532 bytes)

GC Heap History (8 events):
Event: 0.980 GC heap before
{Heap before GC invocations=1 (full 0):
 PSYoungGen      total 15360K, used 13312K [0x00000000eab00000, 0x00000000ebc00000, 0x0000000100000000)
  eden space 13312K, 100% used [0x00000000eab00000,0x00000000eb800000,0x00000000eb800000)
  from space 2048K, 0% used [0x00000000eba00000,0x00000000eba00000,0x00000000ebc00000)
  to   space 2048K, 0% used [0x00000000eb800000,0x00000000eb800000,0x00000000eba00000)
 ParOldGen       total 35840K, used 0K [0x00000000c0000000, 0x00000000c2300000, 0x00000000eab00000)
  object space 35840K, 0% used [0x00000000c0000000,0x00000000c0000000,0x00000000c2300000)
 Metaspace       used 5490K, capacity 6512K, committed 6784K, reserved 1056768K
  class space    used 583K, capacity 616K, committed 640K, reserved 1048576K
Event: 0.985 GC heap after
Heap after GC invocations=1 (full 0):
 PSYoungGen      total 15360K, used 2018K [0x00000000eab00000, 0x00000000ebc00000, 0x0000000100000000)
  eden space 13312K, 0% used [0x00000000eab00000,0x00000000eab00000,0x00000000eb800000)
  from space 2048K, 98% used [0x00000000eb800000,0x00000000eb9f8b90,0x00000000eba00000)
  to   space 2048K, 0% used [0x00000000eba00000,0x00000000eba00000,0x00000000ebc00000)
 ParOldGen       total 35840K, used 1866K [0x00000000c0000000, 0x00000000c2300000, 0x00000000eab00000)
  object space 35840K, 5% used [0x00000000c0000000,0x00000000c01d2a10,0x00000000c2300000)
 Metaspace       used 5490K, capacity 6512K, committed 6784K, reserved 1056768K
  class space    used 583K, capacity 616K, committed 640K, reserved 1048576K
}
Event: 1.509 GC heap before
{Heap before GC invocations=2 (full 0):
 PSYoungGen      total 15360K, used 15330K [0x00000000eab00000, 0x00000000ebc00000, 0x0000000100000000)
  eden space 13312K, 100% used [0x00000000eab00000,0x00000000eb800000,0x00000000eb800000)
  from space 2048K, 98% used [0x00000000eb800000,0x00000000eb9f8b90,0x00000000eba00000)
  to   space 2048K, 0% used [0x00000000eba00000,0x00000000eba00000,0x00000000ebc00000)
 ParOldGen       total 35840K, used 1866K [0x00000000c0000000, 0x00000000c2300000, 0x00000000eab00000)
  object space 35840K, 5% used [0x00000000c0000000,0x00000000c01d2a10,0x00000000c2300000)
 Metaspace       used 5709K, capacity 6704K, committed 6784K, reserved 1056768K
  class space    used 585K, capacity 616K, committed 640K, reserved 1048576K
Event: 1.613 GC heap after
Heap after GC invocations=2 (full 0):
 PSYoungGen      total 15360K, used 2040K [0x00000000eab00000, 0x00000000ec900000, 0x0000000100000000)
  eden space 13312K, 0% used [0x00000000eab00000,0x00000000eab00000,0x00000000eb800000)
  from space 2048K, 99% used [0x00000000eba00000,0x00000000ebbfe140,0x00000000ebc00000)
  to   space 2048K, 0% used [0x00000000eb800000,0x00000000eb800000,0x00000000eba00000)
 ParOldGen       total 35840K, used 3980K [0x00000000c0000000, 0x00000000c2300000, 0x00000000eab00000)
  object space 35840K, 11% used [0x00000000c0000000,0x00000000c03e3320,0x00000000c2300000)
 Metaspace       used 5709K, capacity 6704K, committed 6784K, reserved 1056768K
  class space    used 585K, capacity 616K, committed 640K, reserved 1048576K
}
Event: 2.162 GC heap before
{Heap before GC invocations=3 (full 0):
 PSYoungGen      total 15360K, used 15352K [0x00000000eab00000, 0x00000000ec900000, 0x0000000100000000)
  eden space 13312K, 100% used [0x00000000eab00000,0x00000000eb800000,0x00000000eb800000)
  from space 2048K, 99% used [0x00000000eba00000,0x00000000ebbfe140,0x00000000ebc00000)
  to   space 2048K, 0% used [0x00000000eb800000,0x00000000eb800000,0x00000000eba00000)
 ParOldGen       total 35840K, used 3980K [0x00000000c0000000, 0x00000000c2300000, 0x00000000eab00000)
  object space 35840K, 11% used [0x00000000c0000000,0x00000000c03e3320,0x00000000c2300000)
 Metaspace       used 5781K, capacity 6768K, committed 7040K, reserved 1056768K
  class space    used 585K, capacity 616K, committed 640K, reserved 1048576K
Event: 2.311 GC heap after
Heap after GC invocations=3 (full 0):
 PSYoungGen      total 15360K, used 2040K [0x00000000eab00000, 0x00000000ec900000, 0x0000000100000000)
  eden space 13312K, 0% used [0x00000000eab00000,0x00000000eab00000,0x00000000eb800000)
  from space 2048K, 99% used [0x00000000eb800000,0x00000000eb9fe130,0x00000000eba00000)
  to   space 2048K, 0% used [0x00000000ec700000,0x00000000ec700000,0x00000000ec900000)
 ParOldGen       total 35840K, used 6076K [0x00000000c0000000, 0x00000000c2300000, 0x00000000eab00000)
  object space 35840K, 16% used [0x00000000c0000000,0x00000000c05ef320,0x00000000c2300000)
 Metaspace       used 5781K, capacity 6768K, committed 7040K, reserved 1056768K
  class space    used 585K, capacity 616K, committed 640K, reserved 1048576K
}
Event: 3.086 GC heap before
{Heap before GC invocations=4 (full 0):
 PSYoungGen      total 15360K, used 15352K [0x00000000eab00000, 0x00000000ec900000, 0x0000000100000000)
  eden space 13312K, 100% used [0x00000000eab00000,0x00000000eb800000,0x00000000eb800000)
  from space 2048K, 99% used [0x00000000eb800000,0x00000000eb9fe130,0x00000000eba00000)
  to   space 2048K, 0% used [0x00000000ec700000,0x00000000ec700000,0x00000000ec900000)
 ParOldGen       total 35840K, used 6076K [0x00000000c0000000, 0x00000000c2300000, 0x00000000eab00000)
  object space 35840K, 16% used [0x00000000c0000000,0x00000000c05ef320,0x00000000c2300000)
 Metaspace       used 5937K, capacity 6960K, committed 7040K, reserved 1056768K
  class space    used 586K, capacity 616K, committed 640K, reserved 1048576K
Event: 3.139 GC heap after
Heap after GC invocations=4 (full 0):
 PSYoungGen      total 28672K, used 2040K [0x00000000eab00000, 0x00000000ec900000, 0x0000000100000000)
  eden space 26624K, 0% used [0x00000000eab00000,0x00000000eab00000,0x00000000ec500000)
  from space 2048K, 99% used [0x00000000ec700000,0x00000000ec8fe130,0x00000000ec900000)
  to   space 2048K, 0% used [0x00000000ec500000,0x00000000ec500000,0x00000000ec700000)
 ParOldGen       total 35840K, used 8281K [0x00000000c0000000, 0x00000000c2300000, 0x00000000eab00000)
  object space 35840K, 23% used [0x00000000c0000000,0x00000000c0816768,0x00000000c2300000)
 Metaspace       used 5937K, capacity 6960K, committed 7040K, reserved 1056768K
  class space    used 586K, capacity 616K, committed 640K, reserved 1048576K
}

Deoptimization events (8 events):
Event: 1.342 Thread 0x000000000234e000 Uncommon trap: reason=unstable_if action=reinterpret pc=0x0000000002b84ac4 method=com.android.dx.rop.cst.Constant.compareTo(Lcom/android/dx/rop/cst/Constant;)I @ 12
Event: 2.974 Thread 0x0000000056fef000 Uncommon trap: reason=unstable_if action=reinterpret pc=0x0000000002d04870 method=com.android.dx.ssa.MoveParamCombiner$1.visitNonMoveInsn(Lcom/android/dx/ssa/NormalSsaInsn;)V @ 27
Event: 3.016 Thread 0x0000000056ff6000 Uncommon trap: reason=unstable_if action=reinterpret pc=0x0000000002c579ec method=com.android.dx.util.IntList.binarysearch(I)I @ 105
Event: 3.027 Thread 0x0000000056fc4800 Uncommon trap: reason=bimorphic action=maybe_recompile pc=0x0000000002c5a200 method=com.android.dx.ssa.LiteralOpUpgrader.tryReplacingWithConstant(Lcom/android/dx/ssa/NormalSsaInsn;)Z @ 62
Event: 3.027 Thread 0x0000000056fc4800 Uncommon trap: reason=unstable_if action=reinterpret pc=0x0000000002d54518 method=com.android.dx.ssa.SsaMethod.onSourcesChanged(Lcom/android/dx/ssa/SsaInsn;Lcom/android/dx/rop/code/RegisterSpecList;)V @ 9
Event: 3.027 Thread 0x0000000056fc4800 Uncommon trap: reason=unstable_if action=reinterpret pc=0x0000000002c4f5cc method=com.android.dx.ssa.SsaMethod.updateOneDefinition(Lcom/android/dx/ssa/SsaInsn;Lcom/android/dx/rop/code/RegisterSpec;)V @ 4
Event: 3.027 Thread 0x0000000056fc4800 Uncommon trap: reason=unstable_if action=reinterpret pc=0x0000000002c700bc method=com.android.dx.ssa.LiteralOpUpgrader$1.visitNonMoveInsn(Lcom/android/dx/ssa/NormalSsaInsn;)V @ 24
Event: 3.035 Thread 0x0000000056ff6000 Uncommon trap: reason=unstable_if action=reinterpret pc=0x0000000002dc61c4 method=com.android.dx.ssa.SsaMethod.blockIndexToRopLabel(I)I @ 1

Internal exceptions (3 events):
Event: 0.082 Thread 0x000000000234e000 Exception <a 'java/lang/NoSuchMethodError': Method sun.misc.Unsafe.defineClass(Ljava/lang/String;[BII)Ljava/lang/Class; name or signature does not match> (0x00000000eab0d4d8) thrown at [D:\re\workspace\8-2-build-windows-amd64-cygwin\jdk8u40\3098\hotspot\srÑˆÓ‡ü´?
Event: 0.082 Thread 0x000000000234e000 Exception <a 'java/lang/NoSuchMethodError': Method sun.misc.Unsafe.prefetchRead(Ljava/lang/Object;J)V name or signature does not match> (0x00000000eab0d768) thrown at [D:\re\workspace\8-2-build-windows-amd64-cygwin\jdk8u40\3098\hotspot\src\share\vm\prims\j˜–€²8@
Event: 3.027 Thread 0x0000000056fc4800 Implicit null exception at 0x0000000002d53dec to 0x0000000002d54505

Events (10 events):
Event: 3.027 Thread 0x0000000056fc4800 DEOPT UNPACKING pc=0x000000000299582a sp=0x00000000579cea40 mode 2
Event: 3.035 Thread 0x0000000056ff6000 Uncommon trap: trap_request=0xffffff65 fr.pc=0x0000000002dc61c4
Event: 3.035 Thread 0x0000000056ff6000 DEOPT PACKING pc=0x0000000002dc61c4 sp=0x00000000578ce7d0
Event: 3.035 Thread 0x0000000056ff6000 DEOPT UNPACKING pc=0x000000000299582a sp=0x00000000578ce6f8 mode 2
Event: 3.044 Executing VM operation: ForceSafepoint
Event: 3.044 Executing VM operation: ForceSafepoint done
Event: 3.086 Executing VM operation: ParallelGCFailedAllocation
Event: 3.139 Executing VM operation: ParallelGCFailedAllocation done
Event: 4.010 loading class com/android/dx/rop/code/RegOps
Event: 4.010 loading class com/android/dx/rop/code/RegOps done


Dynamic libraries:
0x000000013f6e0000 - 0x000000013f717000 	C:\Program Files\Java\jdk1.8.0_40\bin\java.exe
0x0000000077090000 - 0x000000007723a000 	C:\Windows\SYSTEM32\ntdll.dll
0x0000000076e70000 - 0x0000000076f8f000 	C:\Windows\system32\kernel32.dll
0x000007fefd150000 - 0x000007fefd1ba000 	C:\Windows\system32\KERNELBASE.dll
0x000007fefea10000 - 0x000007fefeaeb000 	C:\Windows\system32\ADVAPI32.dll
0x000007fefd450000 - 0x000007fefd4ef000 	C:\Windows\system32\msvcrt.dll
0x000007fefd4f0000 - 0x000007fefd50f000 	C:\Windows\SYSTEM32\sechost.dll
0x000007feff120000 - 0x000007feff24d000 	C:\Windows\system32\RPCRT4.dll
0x0000000076f90000 - 0x000000007708a000 	C:\Windows\system32\USER32.dll
0x000007fefd3e0000 - 0x000007fefd447000 	C:\Windows\system32\GDI32.dll
0x000007feff250000 - 0x000007feff25e000 	C:\Windows\system32\LPK.dll
0x000007fefeb70000 - 0x000007fefec3a000 	C:\Windows\system32\USP10.dll
0x000007fefb370000 - 0x000007fefb564000 	C:\Windows\WinSxS\amd64_microsoft.windows.common-controls_6595b64144ccf1df_6.0.7601.18837_none_fa3b1e3d17594757\COMCTL32.dll
0x000007feff0a0000 - 0x000007feff111000 	C:\Windows\system32\SHLWAPI.dll
0x000007fefd3b0000 - 0x000007fefd3de000 	C:\Windows\system32\IMM32.DLL
0x000007fefec40000 - 0x000007fefed49000 	C:\Windows\system32\MSCTF.dll
0x0000000064020000 - 0x00000000640f2000 	C:\Program Files\Java\jdk1.8.0_40\jre\bin\msvcr100.dll
0x0000000060220000 - 0x0000000060aa3000 	C:\Program Files\Java\jdk1.8.0_40\jre\bin\server\jvm.dll
0x000007fef1da0000 - 0x000007fef1da9000 	C:\Windows\system32\WSOCK32.dll
0x000007fefeff0000 - 0x000007feff03d000 	C:\Windows\system32\WS2_32.dll
0x000007fefef00000 - 0x000007fefef08000 	C:\Windows\system32\NSI.dll
0x000007fef7a50000 - 0x000007fef7a8b000 	C:\Windows\system32\WINMM.dll
0x000007fefbf00000 - 0x000007fefbf0c000 	C:\Windows\system32\VERSION.dll
0x0000000077260000 - 0x0000000077267000 	C:\Windows\system32\PSAPI.DLL
0x00000000748b0000 - 0x00000000748bf000 	C:\Program Files\Java\jdk1.8.0_40\jre\bin\verify.dll
0x0000000070e40000 - 0x0000000070e69000 	C:\Program Files\Java\jdk1.8.0_40\jre\bin\java.dll
0x00000000737a0000 - 0x00000000737b6000 	C:\Program Files\Java\jdk1.8.0_40\jre\bin\zip.dll
0x000007fefdc80000 - 0x000007fefea0c000 	C:\Windows\system32\SHELL32.dll
0x000007fefd510000 - 0x000007fefd713000 	C:\Windows\system32\ole32.dll
0x000007fefce20000 - 0x000007fefce2f000 	C:\Windows\system32\profapi.dll
0x000007fef3960000 - 0x000007fef3a85000 	C:\Windows\system32\dbghelp.dll

VM Arguments:
jvm_args: -Djava.awt.headless=true -Xmx1024M -Dfile.encoding=windows-1252 -Duser.country=AR -Duser.language=es -Duser.variant 
java_command: com.android.dx.command.Main --dex --num-threads=4 --output C:\Users\Pato\Desktop\Tacheando\app\build\intermediates\pre-dexed\release\com.google.firebase-firebase-database-connection-9.0.2_995319ede38c87dcafd3c3c58d1f79a6c32d1ba7.jar C:\Users\Pato\Desktop\Tacheando\app\build\intermediates\exploded-aar\com.google.firebase\firebase-database-connection\9.0.2\jars\classes.jar
java_class_path (initial): C:\Users\Pato\AppData\Local\Android\sdk\build-tools\23.0.3\lib\dx.jar
Launcher Type: SUN_STANDARD

Environment Variables:
PATH=C:\ProgramData\Oracle\Java\javapath;C:\Windows\system32;C:\Windows;C:\Windows\System32\Wbem;C:\Windows\System32\WindowsPowerShell\v1.0\;C:\Program Files (x86)\Intel\OpenCL SDK\2.0\bin\x86;C:\Program Files (x86)\Intel\OpenCL SDK\2.0\bin\x64;C:\xampp\php;C:\Program Files (x86)\Skype\Phone\;C:\ProgramData\ComposerSetup\bin;C:\Program Files\Git\cmd;C:\Program Files\nodejs\;C:\Users\Pato\AppData\Roaming\Composer\vendor\bin;C:\Users\Pato\AppData\Roaming\npm
USERNAME=Pato
OS=Windows_NT
PROCESSOR_IDENTIFIER=Intel64 Family 6 Model 58 Stepping 9, GenuineIntel



---------------  S Y S T E M  ---------------

OS: Windows 7 , 64 bit Build 7601 (6.1.7601.23418)

CPU:total 4 (2 cores per cpu, 2 threads per core) family 6 model 58 stepping 9, cmov, cx8, fxsr, mmx, sse, sse2, sse3, ssse3, sse4.1, sse4.2, popcnt, avx, clmul, erms, ht, tsc, tscinvbit, tscinv

Memory: 4k page, physical 3374628k(165700k free), swap 5397024k(16196k free)

vm_info: Java HotSpot(TM) 64-Bit Server VM (25.40-b25) for windows-amd64 JRE (1.8.0_40-b26), built on Mar  7 2015 13:51:59 by "java_re" with MS VC++ 10.0 (VS2010)

time: Thu Jun 23 02:53:03 2016
elapsed time: 4 seconds (0d 0h 0m 4s)

